2025-08-24 15:34:39,280 - utils.sentry_config - INFO - Sentry initialized successfully. Environment: production, Sample rate: 0.1
2025-08-24 15:34:39,282 - flet - INFO - Assets path configured: C:\Users\daniel\Desktop\idf-reader\data
2025-08-24 15:34:39,283 - flet - INFO - Starting up TCP server on localhost:54411
2025-08-24 15:34:39,285 - flet - INFO - Flet app has started...
2025-08-24 15:34:39,286 - flet - INFO - App URL: tcp://localhost:54411
2025-08-24 15:34:39,286 - flet_desktop - INFO - Starting Flet View app...
2025-08-24 15:34:39,287 - flet_desktop - INFO - Looking for Flet executable at: C:\Users\daniel\Desktop\idf-reader\venv\Lib\site-packages\flet_desktop\app\flet\flet.exe
2025-08-24 15:34:39,296 - flet_desktop - INFO - Flet View found in: C:\Users\daniel\Desktop\idf-reader\venv\Lib\site-packages\flet_desktop\app\flet\flet.exe
2025-08-24 15:34:39,513 - flet - INFO - App session started
2025-08-24 15:34:39,514 - __main__ - INFO - === GUI MAIN FUNCTION STARTED ===
2025-08-24 15:34:39,514 - __main__ - INFO - Page object: page {'id': 'page', 'route': '/', 'pwa': 'false', 'web': 'false', 'debug': 'false', 'platform': 'windows', 'platformbrightness': 'dark', 'media': '{"padding":{"top":0.0,"right":0.0,"bottom":0.0,"left":0.0},"view_padding":{"top":0.0,"right":0.0,"bottom":0.0,"left":0.0},"view_insets":{"top":0.0,"right":0.0,"bottom":0.0,"left":0.0}}', 'width': '1265.6', 'height': '682.4', 'windowwidth': '1280.0', 'windowheight': '720.0', 'windowtop': '9.6', 'windowleft': '9.6', 'clientip': '', 'clientuseragent': ''}
2025-08-24 15:34:39,515 - __main__ - INFO - ModernIDFProcessorGUI instance created
2025-08-24 15:34:39,515 - __main__ - INFO - Building main UI directly
2025-08-24 15:34:39,515 - __main__ - INFO - ======================================================================
2025-08-24 15:34:39,515 - __main__ - INFO - === ON_LICENSE_CHECKED CALLBACK CALLED ===
2025-08-24 15:34:39,515 - __main__ - INFO - Building main UI...
2025-08-24 15:34:39,515 - __main__ - INFO - Page controls count before build_ui: 0
2025-08-24 15:34:39,515 - __main__ - INFO - Page overlay count before build_ui: 0
2025-08-24 15:34:39,515 - __main__ - INFO - Clearing page controls and overlay...
2025-08-24 15:34:39,516 - __main__ - INFO - Page cleared
2025-08-24 15:34:39,516 - __main__ - INFO - Calling app.build_ui(page)...
2025-08-24 15:34:39,516 - modern_gui - INFO - Applying window settings: {'width': 2062.4, 'height': 1126.4, 'maximized': True, 'position_x': -7.2, 'position_y': -7.2}
2025-08-24 15:34:39,516 - modern_gui - INFO - Set window size: 2062.4x1126.4
2025-08-24 15:34:39,516 - modern_gui - INFO - Set window maximized: True
2025-08-24 15:34:39,516 - modern_gui - INFO - Window icon set using assets: logo.ico
2025-08-24 15:34:39,517 - modern_gui - INFO - Creating license button...
2025-08-24 15:34:39,517 - utils.license_manager - INFO - === GET LICENSE STATUS CALLED ===
2025-08-24 15:34:39,517 - utils.license_manager - INFO - License file path: C:\Users\daniel\AppData\Roaming\IDF Reader\license.dat
2025-08-24 15:34:39,517 - utils.license_manager - INFO - License file exists: True
2025-08-24 15:34:39,518 - modern_gui - INFO - License button created: iconbutton {'icon': 'vpn_key', 'iconcolor': 'green600'}
2025-08-24 15:34:39,518 - modern_gui - INFO - Creating update button...
2025-08-24 15:34:39,518 - modern_gui - INFO - Update button created: iconbutton {'icon': 'system_update', 'iconcolor': 'primary'}
2025-08-24 15:34:39,523 - utils.license_manager - INFO - === GET LICENSE STATUS CALLED ===
2025-08-24 15:34:39,523 - utils.license_manager - INFO - License file path: C:\Users\daniel\AppData\Roaming\IDF Reader\license.dat
2025-08-24 15:34:39,523 - utils.license_manager - INFO - License file exists: True
2025-08-24 15:34:39,524 - modern_gui - INFO - UPDATE_FORM_VALIDATION: License status = {'status': 'valid', 'type': 'professional', 'expires': '2025-09-14T10:32:12.648000', 'features': {'unlimited_files': True, 'all_reports': True, 'export_excel': True, 'energy_rating': True, 'advanced_analysis': True, 'priority_support': True}, 'last_check': '2025-08-17T12:51:26.986734', 'max_activations': 3, 'current_activations': 1, 'message': 'License active'}
2025-08-24 15:34:39,524 - modern_gui - INFO - UPDATE_FORM_VALIDATION: Is licensed = True
2025-08-24 15:34:39,524 - modern_gui - INFO - UPDATE_FORM_VALIDATION: Licensed user - form valid = True
2025-08-24 15:34:39,524 - modern_gui - INFO - UPDATE_FORM_VALIDATION: Button text set to: הוסף לתור (0/10)
2025-08-24 15:34:39,529 - modern_gui - INFO - GUI: ברוכים הבאים! גרסה 1.1.9 - הגדירו את כל השדות כדי להתחיל בעיבוד.
2025-08-24 15:34:39,531 - modern_gui - INFO - Saving window settings: {'width': 2062.4, 'height': 1126.4, 'maximized': True, 'position_x': -7.2, 'position_y': -7.2}
2025-08-24 15:34:39,532 - __main__ - INFO - app.build_ui(page) completed
2025-08-24 15:34:39,532 - __main__ - INFO - Page controls count after build_ui: 3
2025-08-24 15:34:39,532 - __main__ - INFO - Page overlay count after build_ui: 3
2025-08-24 15:34:39,532 - __main__ - INFO - === PAGE CONTROLS DETAILS ===
2025-08-24 15:34:39,532 - __main__ - INFO - Control 0: Container - True
2025-08-24 15:34:39,532 - __main__ - INFO - Control 1: Container - True
2025-08-24 15:34:39,532 - __main__ - INFO - Control 2: Container - True
2025-08-24 15:34:39,532 - __main__ - INFO - Forcing page update...
2025-08-24 15:34:39,534 - __main__ - INFO - Page update completed
2025-08-24 15:34:39,534 - __main__ - INFO - === FINAL PAGE STATE CHECK ===
2025-08-24 15:34:39,534 - __main__ - INFO - Page.visible: True
2025-08-24 15:34:39,534 - __main__ - INFO - Control 0 visible: True
2025-08-24 15:34:39,535 - __main__ - INFO - Control 1 visible: True
2025-08-24 15:34:39,535 - __main__ - INFO - Control 2 visible: True
2025-08-24 15:34:39,535 - __main__ - INFO - Forcing second page update...
2025-08-24 15:34:39,537 - __main__ - INFO - Second page update completed
2025-08-24 15:34:39,537 - __main__ - INFO - === MAIN UI BUILDING COMPLETED ===
2025-08-24 15:34:39,537 - __main__ - INFO - ======================================================================
2025-08-24 15:34:39,537 - __main__ - INFO - Main UI build completed
2025-08-24 15:34:40,344 - utils.license_manager - INFO - === GET LICENSE STATUS CALLED ===
2025-08-24 15:34:40,344 - utils.license_manager - INFO - License file path: C:\Users\daniel\AppData\Roaming\IDF Reader\license.dat
2025-08-24 15:34:40,344 - utils.license_manager - INFO - License file exists: True
2025-08-24 15:34:40,345 - utils.license_manager - INFO - === GET LICENSE STATUS CALLED ===
2025-08-24 15:34:40,345 - utils.license_manager - INFO - License file path: C:\Users\daniel\AppData\Roaming\IDF Reader\license.dat
2025-08-24 15:34:40,345 - utils.license_manager - INFO - License file exists: True
2025-08-24 15:34:40,348 - utils.license_manager - INFO - === GET LICENSE STATUS CALLED ===
2025-08-24 15:34:40,348 - utils.license_manager - INFO - License file path: C:\Users\daniel\AppData\Roaming\IDF Reader\license.dat
2025-08-24 15:34:40,348 - utils.license_manager - INFO - License file exists: True
2025-08-24 15:34:40,348 - modern_gui - INFO - UPDATE_FORM_VALIDATION: License status = {'status': 'valid', 'type': 'professional', 'expires': '2025-09-14T10:32:12.648000', 'features': {'unlimited_files': True, 'all_reports': True, 'export_excel': True, 'energy_rating': True, 'advanced_analysis': True, 'priority_support': True}, 'last_check': '2025-08-17T12:51:26.986734', 'max_activations': 3, 'current_activations': 1, 'message': 'License active'}
2025-08-24 15:34:40,348 - modern_gui - INFO - UPDATE_FORM_VALIDATION: Is licensed = True
2025-08-24 15:34:40,348 - modern_gui - INFO - UPDATE_FORM_VALIDATION: Licensed user - form valid = True
2025-08-24 15:34:40,348 - modern_gui - INFO - UPDATE_FORM_VALIDATION: Button text set to: הוסף לתור (1/10)
2025-08-24 15:34:40,355 - modern_gui - INFO - GUI: עבודה נוספה לתור: in-24.idf
2025-08-24 15:34:40,355 - modern_gui - INFO - Saving window settings: {'width': 2062.4, 'height': 1126.4, 'maximized': True, 'position_x': -7.2, 'position_y': -7.2}
2025-08-24 15:34:40,357 - modern_gui - INFO - GUI: מעבד עבודה #1: in-24.idf
2025-08-24 15:34:40,360 - modern_gui - INFO - GUI: משתמש בקובץ מזג אוויר: C:\Users\daniel\Desktop\idf-reader\data\1.epw
2025-08-24 15:34:40,362 - modern_gui - INFO - GUI: מתחיל סימולציית EnergyPlus...
2025-08-24 15:34:40,366 - modern_gui - INFO - GUI: מזריק משתני פלט נדרשים ל-IDF לפני סימולציה...
2025-08-24 15:34:40,369 - modern_gui - INFO - Injected 3 OUTPUT:VARIABLE entries directly into IDF: C:\Users\daniel\Desktop\idf-reader\tests\in-24.idf
2025-08-24 15:34:40,371 - modern_gui - INFO - GUI: הוזרקו 3 משתני OUTPUT:VARIABLE לקובץ IDF
2025-08-24 15:34:40,379 - modern_gui - INFO - GUI: מריץ פקודת E+ עם נתיבים מנורמלים: C:\EnergyPlusV24-1-0\energyplus.exe -w C:\Users\daniel\Desktop\idf-reader\data\1.epw...
2025-08-24 15:35:00,022 - modern_gui - INFO - E+ STDOUT:
EnergyPlus Starting
EnergyPlus, Version 24.1.0-9d7789a3ac, YMD=2025.08.24 15:34
Adjusting Air System Sizing
Adjusting Standard 62.1 Ventilation Sizing
Initializing Simulation
Reporting Surfaces
Beginning Primary Simulation
Initializing New Environment Parameters
Warming up {1}
Warming up {2}
Warming up {3}
Starting Simulation at 01/01/2006 for RUN PERIOD 1
Updating Shadowing Calculations, Start Date=01/08/2006
Continuing Simulation at 01/08/2006 for RUN PERIOD 1
Updating Shadowing Calculations, Start Date=01/15/2006
Continuing Simulation at 01/15/2006 for RUN PERIOD 1
Updating Shadowing Calculations, Start Date=01/22/2006
Continuing Simulation at 01/22/2006 for RUN PERIOD 1
Updating Shadowing Calculations, Start Date=01/29/2006
Continuing Simulation at 01/29/2006 for RUN PERIOD 1
Updating Shadowing Calculations, Start Date=02/05/2006
Continuing Simulation at 02/05/2006 for RUN PERIOD 1
Updating Shadowing Calculations, Start Date=02/12/2006
Continuing Simulation at 02/12/2006 for RUN PERIOD 1
Updating Shadowing Calculations, Start Date=02/19/2006
Continuing Simulation at 02/19/2006 for RUN PERIOD 1
Updating Shadowing Calculations, Start Date=02/26/2006
Continuing Simulation at 02/26/2006 for RUN PERIOD 1
Updating Shadowing Calculations, Start Date=03/05/2006
Continuing Simulation at 03/05/2006 for RUN PERIOD 1
Updating Shadowing Calculations, Start Date=03/12/2006
Continuing Simulation at 03/12/2006 for RUN PERIOD 1
Updating Shadowing Calculations, Start Date=03/19/2006
Continuing Simulation at 03/19/2006 for RUN PERIOD 1
Updating Shadowing Calculations, Start Date=03/26/2006
Continuing Simulation at 03/26/2006 for RUN PERIOD 1
Updating Shadowing Calculations, Start Date=04/02/2006
Continuing Simulation at 04/02/2006 for RUN PERIOD 1
Updating Shadowing Calculations, Start Date=04/09/2006
Continuing Simulation at 04/09/2006 for RUN PERIOD 1
Updating Shadowing Calculations, Start Date=04/16/2006
Continuing Simulation at 04/16/2006 for RUN PERIOD 1
Updating Shadowing Calculations, Start Date=04/23/2006
Continuing Simulation at 04/23/2006 for RUN PERIOD 1
Updating Shadowing Calculations, Start Date=04/30/2006
Continuing Simulation at 04/30/2006 for RUN PERIOD 1
Updating Shadowing Calculations, Start Date=05/07/2006
Continuing Simulation at 05/07/2006 for RUN PERIOD 1
Updating Shadowing Calculations, Start Date=05/14/2006
Continuing Simulation at 05/14/2006 for RUN PERIOD 1
Updating Shadowing Calculations, Start Date=05/21/2006
Continuing Simulation at 05/21/2006 for RUN PERIOD 1
Updating Shadowing Calculations, Start Date=05/28/2006
Continuing Simulation at 05/28/2006 for RUN PERIOD 1
Updating Shadowing Calculations, Start Date=06/04/2006
Continuing Simulation at 06/04/2006 for RUN PERIOD 1
Updating Shadowing Calculations, Start Date=06/11/2006
Continuing Simulation at 06/11/2006 for RUN PERIOD 1
Updating Shadowing Calculations, Start Date=06/18/2006
Continuing Simulation at 06/18/2006 for RUN PERIOD 1
Updating Shadowing Calculations, Start Date=06/25/2006
Continuing Simulation at 06/25/2006 for RUN PERIOD 1
Updating Shadowing Calculations, Start Date=07/02/2006
Continuing Simulation at 07/02/2006 for RUN PERIOD 1
Updating Shadowing Calculations, Start Date=07/09/2006
Continuing Simulation at 07/09/2006 for RUN PERIOD 1
Updating Shadowing Calculations, Start Date=07/16/2006
Continuing Simulation at 07/16/2006 for RUN PERIOD 1
Updating Shadowing Calculations, Start Date=07/23/2006
Continuing Simulation at 07/23/2006 for RUN PERIOD 1
Updating Shadowing Calculations, Start Date=07/30/2006
Continuing Simulation at 07/30/2006 for RUN PERIOD 1
Updating Shadowing Calculations, Start Date=08/06/2006
Continuing Simulation at 08/06/2006 for RUN PERIOD 1
Updating Shadowing Calculations, Start Date=08/13/2006
Continuing Simulation at 08/13/2006 for RUN PERIOD 1
Updating Shadowing Calculations, Start Date=08/20/2006
Continuing Simulation at 08/20/2006 for RUN PERIOD 1
Updating Shadowing Calculations, Start Date=08/27/2006
Continuing Simulation at 08/27/2006 for RUN PERIOD 1
Updating Shadowing Calculations, Start Date=09/03/2006
Continuing Simulation at 09/03/2006 for RUN PERIOD 1
Updating Shadowing Calculations, Start Date=09/10/2006
Continuing Simulation at 09/10/2006 for RUN PERIOD 1
Updating Shadowing Calculations, Start Date=09/17/2006
Continuing Simulation at 09/17/2006 for RUN PERIOD 1
Updating Shadowing Calculations, Start Date=09/24/2006
Continuing Simulation at 09/24/2006 for RUN PERIOD 1
Updating Shadowing Calculations, Start Date=10/01/2006
Continuing Simulation at 10/01/2006 for RUN PERIOD 1
Updating Shadowing Calculations, Start Date=10/08/2006
Continuing Simulation at 10/08/2006 for RUN PERIOD 1
Updating Shadowing Calculations, Start Date=10/15/2006
Continuing Simulation at 10/15/2006 for RUN PERIOD 1
Updating Shadowing Calculations, Start Date=10/22/2006
Continuing Simulation at 10/22/2006 for RUN PERIOD 1
Updating Shadowing Calculations, Start Date=10/29/2006
Continuing Simulation at 10/29/2006 for RUN PERIOD 1
Updating Shadowing Calculations, Start Date=11/05/2006
Continuing Simulation at 11/05/2006 for RUN PERIOD 1
Updating Shadowing Calculations, Start Date=11/12/2006
Continuing Simulation at 11/12/2006 for RUN PERIOD 1
Updating Shadowing Calculations, Start Date=11/19/2006
Continuing Simulation at 11/19/2006 for RUN PERIOD 1
Updating Shadowing Calculations, Start Date=11/26/2006
Continuing Simulation at 11/26/2006 for RUN PERIOD 1
Updating Shadowing Calculations, Start Date=12/03/2006
Continuing Simulation at 12/03/2006 for RUN PERIOD 1
Updating Shadowing Calculations, Start Date=12/10/2006
Continuing Simulation at 12/10/2006 for RUN PERIOD 1
Updating Shadowing Calculations, Start Date=12/17/2006
Continuing Simulation at 12/17/2006 for RUN PERIOD 1
Updating Shadowing Calculations, Start Date=12/24/2006
Continuing Simulation at 12/24/2006 for RUN PERIOD 1
Updating Shadowing Calculations, Start Date=12/31/2006
Writing tabular output file results using comma format.
Writing tabular output file results using HTML format.
Writing final SQL reports
 ReadVarsESO program starting.
 ReadVars Run Time=00hr 00min  1.95sec
 ReadVarsESO program completed successfully.
 ReadVarsESO program starting.
 Requested ESO file=C:\Users\daniel\Desktop\reports-24-08-2025-15-34-40\simulation\eplusout.mtr
 does not exist.  ReadVarsESO program terminated.
 ReadVarsESO program terminated.
EnergyPlus Run Time=00hr 00min 19.50sec

2025-08-24 15:35:00,022 - modern_gui - WARNING - E+ STDERR:
EnergyPlus Completed Successfully.

2025-08-24 15:35:00,031 - modern_gui - INFO - GUI: סימולציית EnergyPlus הצליחה. פלט: C:\Users\daniel\Desktop\reports-24-08-2025-15-34-40\simulation\eplustbl.csv
2025-08-24 15:35:00,034 - modern_gui - INFO - GUI: עבודה #1: מתחיל עיבוד IDF ויצירת דוחות...
2025-08-24 15:35:00,043 - modern_gui - INFO - GUI: מאתחל...
2025-08-24 15:35:00,046 - modern_gui - INFO - GUI: תיקייה נוצרה בהצלחה: C:\Users\daniel\Desktop\reports-24-08-2025-15-34-40\zones
2025-08-24 15:35:00,051 - modern_gui - INFO - GUI: טוען קובץ IDF...
2025-08-24 15:35:00,053 - utils.epjson_handler - INFO - Injected 3 OUTPUT:VARIABLE entries into temporary IDF: C:\Users\daniel\AppData\Local\Temp\tmp66vpel3t.idf
2025-08-24 15:35:00,054 - utils.idf_version_checker - WARNING - Could not find version in IDF file: C:\Users\daniel\AppData\Local\Temp\tmp66vpel3t.idf
2025-08-24 15:35:00,054 - utils.epjson_handler - INFO - Converting IDF to EPJSON: C:\Users\daniel\AppData\Local\Temp\tmp66vpel3t.idf -> C:\Users\daniel\AppData\Local\Temp\tmp66vpel3t.epJSON
2025-08-24 15:35:00,260 - utils.epjson_handler - INFO - Successfully converted IDF to EPJSON: C:\Users\daniel\AppData\Local\Temp\tmp66vpel3t.epJSON
2025-08-24 15:35:00,263 - utils.epjson_handler - INFO - Successfully loaded EPJSON file: C:\Users\daniel\AppData\Local\Temp\tmp66vpel3t.epJSON
2025-08-24 15:35:00,263 - utils.epjson_handler - INFO - EPJSON data contains 59 object types
2025-08-24 15:35:00,264 - utils.epjson_handler - INFO - Added Output:Variable: Zone Ideal Loads Supply Air Total Cooling Energy
2025-08-24 15:35:00,264 - utils.epjson_handler - INFO - Added Output:Variable: Zone Ideal Loads Supply Air Total Heating Energy
2025-08-24 15:35:00,264 - utils.epjson_handler - INFO - Added Output:Variable: Lights Electricity Energy
2025-08-24 15:35:00,273 - modern_gui - INFO - GUI: משתמש באזור עיר 'א' לחישובי אובדני חום.
2025-08-24 15:35:00,285 - parsers.eplustbl_reader - INFO - Read construction areas for 464 items from eplustbl.csv
2025-08-24 15:35:00,288 - modern_gui - INFO - GUI: מאתחל מנתחים...
2025-08-24 15:35:00,288 - processing_manager - INFO - === Load parser initialization ===
2025-08-24 15:35:00,288 - processing_manager - INFO - LoadExtractor created: True
2025-08-24 15:35:00,288 - processing_manager - INFO - LoadExtractor type: <class 'parsers.load_parser.LoadExtractor'>
2025-08-24 15:35:00,289 - processing_manager - INFO - Climate zone mapping: area_name='א' -> climate_zone='A'
2025-08-24 15:35:00,289 - processing_manager - INFO - === Energy rating parser initialization ===
2025-08-24 15:35:00,289 - processing_manager - INFO - Passing load_parser to EnergyRatingParser: True
2025-08-24 15:35:00,289 - processing_manager - INFO - EnergyRatingParser created: True
2025-08-24 15:35:00,289 - processing_manager - INFO - EnergyRatingParser.load_parser: True
2025-08-24 15:35:00,295 - modern_gui - INFO - GUI: מעבד הגדרות...
2025-08-24 15:35:00,299 - modern_gui - INFO - GUI: מעבד לוחות זמנים...
2025-08-24 15:35:00,302 - modern_gui - INFO - GUI: מעבד נתונים נוספים (עומסים, חומרים, אזורים)...
2025-08-24 15:35:00,318 - modern_gui - INFO - GUI: מעבד נתוני דירוג אנרגיה...
2025-08-24 15:35:00,318 - parsers.energy_rating_parser - INFO - EnergyRatingParser.process_output called with output_file_path: C:\Users\daniel\Desktop\reports-24-08-2025-15-34-40\simulation\eplustbl.csv
2025-08-24 15:35:00,318 - parsers.energy_rating_parser - INFO - EnergyRatingParser found eplusout.csv at: C:\Users\daniel\Desktop\reports-24-08-2025-15-34-40\simulation\eplusout.csv
2025-08-24 15:35:00,366 - parsers.energy_rating_parser - INFO - Energy data processing summary: 0 zones found, 0 headers matched out of 0 headers with 'X'
2025-08-24 15:35:00,366 - parsers.energy_rating_parser - INFO - Final energy_data_by_area contains 0 zones: []
2025-08-24 15:35:00,366 - parsers.energy_rating_parser - INFO - No zone groupings found - all zones are individual
2025-08-24 15:35:00,366 - parsers.energy_rating_parser - INFO - No zone groupings found - all zones remain individual
2025-08-24 15:35:00,366 - parsers.energy_rating_parser - INFO - EnergyRatingParser.process_output: Successfully processed 0 zones
2025-08-24 15:35:00,369 - modern_gui - INFO - GUI: מעבד נתוני בדיקה אוטומטית...
2025-08-24 15:35:00,369 - processing_manager - INFO - Automatic validation: Raw ISO type 'RESIDNTIAL 2023' -> Mapped to '2023'
2025-08-24 15:35:00,369 - parsers.automatic_error_detection_parser - INFO - Settings validation completed. Found 2 issues
2025-08-24 15:35:00,374 - modern_gui - INFO - GUI: נתוני בדיקה אוטומטית עובדו בהצלחה
2025-08-24 15:35:00,380 - modern_gui - INFO - GUI: מחלץ נתונים מעובדים...
2025-08-24 15:35:00,391 - modern_gui - INFO - GUI: יוצר דוחות...
2025-08-24 15:35:00,395 - modern_gui - INFO - GUI: יוצר דוח Settings...
2025-08-24 15:35:00,408 - utils.hebrew_text_utils - INFO - Successfully registered Hebrew font: C:/Windows/Fonts/arial.ttf
2025-08-24 15:35:00,483 - modern_gui - INFO - GUI: דוח Settings נוצר בהצלחה ב-C:\Users\daniel\Desktop\reports-24-08-2025-15-34-40\settings.pdf
2025-08-24 15:35:00,489 - modern_gui - INFO - GUI: יוצר דוח Schedules...
2025-08-24 15:35:00,551 - modern_gui - INFO - GUI: דוח Schedules נוצר בהצלחה ב-C:\Users\daniel\Desktop\reports-24-08-2025-15-34-40\schedules.pdf
2025-08-24 15:35:00,557 - modern_gui - INFO - GUI: יוצר דוח Loads...
2025-08-24 15:35:00,647 - modern_gui - INFO - GUI: דוח Loads נוצר בהצלחה ב-C:\Users\daniel\Desktop\reports-24-08-2025-15-34-40\loads.pdf
2025-08-24 15:35:00,653 - modern_gui - INFO - GUI: יוצר דוח Materials...
2025-08-24 15:35:00,653 - generators.materials_report_generator - WARNING - No element data provided for materials report. Skipping generation.
2025-08-24 15:35:00,657 - modern_gui - INFO - GUI: יצירת דוח Materials נכשלה (בדוק את הקונסול).
2025-08-24 15:35:00,664 - modern_gui - INFO - GUI: יוצר דוחות אזורים (איזורים) עם קיבוץ אזור בסיס...
2025-08-24 15:35:00,665 - generators.area_report_generator - INFO - Found 18 base zone groups
2025-08-24 15:35:00,689 - generators.area_report_generator - INFO - Generating base zone area report for: F00CORTZ (includes 1 zones)
2025-08-24 15:35:00,747 - generators.base_report_generator - INFO - Successfully built document
2025-08-24 15:35:00,747 - generators.area_report_generator - INFO - Generating base zone area report for: F01CORTZ (includes 1 zones)
2025-08-24 15:35:00,806 - generators.base_report_generator - INFO - Successfully built document
2025-08-24 15:35:00,806 - generators.area_report_generator - INFO - Generating base zone area report for: F01U01TZ (includes 1 zones)
2025-08-24 15:35:00,864 - generators.base_report_generator - INFO - Successfully built document
2025-08-24 15:35:00,865 - generators.area_report_generator - INFO - Generating base zone area report for: F01U02TZ (includes 1 zones)
2025-08-24 15:35:00,935 - generators.base_report_generator - INFO - Successfully built document
2025-08-24 15:35:00,935 - generators.area_report_generator - INFO - Generating base zone area report for: F02CORTZ (includes 1 zones)
2025-08-24 15:35:00,988 - generators.base_report_generator - INFO - Successfully built document
2025-08-24 15:35:00,989 - generators.area_report_generator - INFO - Generating base zone area report for: F02U03TZ (includes 1 zones)
2025-08-24 15:35:01,049 - generators.base_report_generator - INFO - Successfully built document
2025-08-24 15:35:01,050 - generators.area_report_generator - INFO - Generating base zone area report for: F02U04TZ (includes 1 zones)
2025-08-24 15:35:01,111 - generators.base_report_generator - INFO - Successfully built document
2025-08-24 15:35:01,111 - generators.area_report_generator - INFO - Generating base zone area report for: F03CORTZ (includes 1 zones)
2025-08-24 15:35:01,167 - generators.base_report_generator - INFO - Successfully built document
2025-08-24 15:35:01,167 - generators.area_report_generator - INFO - Generating base zone area report for: F03U05TZ (includes 1 zones)
2025-08-24 15:35:01,229 - generators.base_report_generator - INFO - Successfully built document
2025-08-24 15:35:01,230 - generators.area_report_generator - INFO - Generating base zone area report for: F03U06TZ (includes 1 zones)
2025-08-24 15:35:01,288 - generators.base_report_generator - INFO - Successfully built document
2025-08-24 15:35:01,288 - generators.area_report_generator - INFO - Generating base zone area report for: F04CORTZ (includes 1 zones)
2025-08-24 15:35:01,343 - generators.base_report_generator - INFO - Successfully built document
2025-08-24 15:35:01,343 - generators.area_report_generator - INFO - Generating base zone area report for: F04U07TZ (includes 1 zones)
2025-08-24 15:35:01,412 - generators.base_report_generator - INFO - Successfully built document
2025-08-24 15:35:01,412 - generators.area_report_generator - INFO - Generating base zone area report for: F04U08TZ (includes 1 zones)
2025-08-24 15:35:01,474 - generators.base_report_generator - INFO - Successfully built document
2025-08-24 15:35:01,474 - generators.area_report_generator - INFO - Generating base zone area report for: F05CORTZ (includes 1 zones)
2025-08-24 15:35:01,529 - generators.base_report_generator - INFO - Successfully built document
2025-08-24 15:35:01,529 - generators.area_report_generator - INFO - Generating base zone area report for: F05U09TZ (includes 1 zones)
2025-08-24 15:35:01,588 - generators.base_report_generator - INFO - Successfully built document
2025-08-24 15:35:01,589 - generators.area_report_generator - INFO - Generating base zone area report for: F05U10TZ (includes 1 zones)
2025-08-24 15:35:01,651 - generators.base_report_generator - INFO - Successfully built document
2025-08-24 15:35:01,651 - generators.area_report_generator - INFO - Generating base zone area report for: F06CORTZ (includes 1 zones)
2025-08-24 15:35:01,712 - generators.base_report_generator - INFO - Successfully built document
2025-08-24 15:35:01,712 - generators.area_report_generator - INFO - Generating base zone area report for: F06U11TZ (includes 1 zones)
2025-08-24 15:35:01,771 - generators.base_report_generator - INFO - Successfully built document
2025-08-24 15:35:01,775 - modern_gui - INFO - GUI: ניסה ליצור דוחות אזורים עם קיבוץ אזור בסיס.
2025-08-24 15:35:01,782 - modern_gui - INFO - GUI: יוצר דוח Glazing...
2025-08-24 15:35:01,863 - generators.base_report_generator - INFO - Successfully built document
2025-08-24 15:35:01,868 - modern_gui - INFO - GUI: דוח Glazing נוצר בהצלחה ב-C:\Users\daniel\Desktop\reports-24-08-2025-15-34-40\glazing.pdf
2025-08-24 15:35:01,875 - modern_gui - INFO - GUI: יוצר דוח Lighting...
2025-08-24 15:35:01,934 - modern_gui - INFO - GUI: דוח Lighting נוצר בהצלחה ב-C:\Users\daniel\Desktop\reports-24-08-2025-15-34-40\lighting.pdf
2025-08-24 15:35:01,944 - modern_gui - INFO - GUI: יוצר דוח Natural Ventilation...
2025-08-24 15:35:01,998 - generators.natural_ventilation_report_generator - INFO - Natural ventilation report generated successfully (no data): C:\Users\daniel\Desktop\reports-24-08-2025-15-34-40\natural-ventilation.pdf
2025-08-24 15:35:02,003 - modern_gui - INFO - GUI: דוח Natural Ventilation נוצר בהצלחה ב-C:\Users\daniel\Desktop\reports-24-08-2025-15-34-40\natural-ventilation.pdf
2025-08-24 15:35:02,013 - modern_gui - INFO - GUI: יוצר דוח Automatic Validation...
2025-08-24 15:35:02,013 - generators.automatic_error_detection_report_generator - INFO - Starting automatic validation report generation: C:\Users\daniel\Desktop\reports-24-08-2025-15-34-40\automatic-validation.pdf
2025-08-24 15:35:02,067 - generators.automatic_error_detection_report_generator - INFO - Automatic error detection report generated successfully: C:\Users\daniel\Desktop\reports-24-08-2025-15-34-40\automatic-validation.pdf
2025-08-24 15:35:02,071 - modern_gui - INFO - GUI: דוח Automatic Validation נוצר בהצלחה ב-C:\Users\daniel\Desktop\reports-24-08-2025-15-34-40\automatic-validation.pdf
2025-08-24 15:35:02,078 - modern_gui - INFO - GUI: יוצר דוח דירוג אנרגיה (PDF)...
2025-08-24 15:35:02,082 - modern_gui - INFO - GUI: דירוג אנרגיה: משתמש בקוד אזור מספרי '1' למודל 2023
2025-08-24 15:35:02,086 - modern_gui - INFO - GUI: דוח דירוג אנרגיה: משתמש בעיר='בת ים', שנה=2023, הגדרת אזור='1'
2025-08-24 15:35:02,087 - generators.energy_rating_report_generator - INFO - EnergyRatingReportGenerator.generate_report called with filename: energy-rating.pdf
2025-08-24 15:35:02,087 - generators.energy_rating_report_generator - INFO - EnergyRatingReportGenerator output path: C:\Users\daniel\Desktop\reports-24-08-2025-15-34-40\energy-rating.pdf
2025-08-24 15:35:02,087 - generators.energy_rating_report_generator - INFO - EnergyRatingReportGenerator: energy_rating_parser.processed = True
2025-08-24 15:35:02,088 - generators.energy_rating_report_generator - INFO - EnergyRatingReportGenerator: Calling _energy_rating_table
2025-08-24 15:35:02,088 - generators.energy_rating_report_generator - INFO - _energy_rating_table called with model_year=2023, model_area_definition=1, city=בת ים
2025-08-24 15:35:02,088 - parsers.energy_rating_parser - INFO - EnergyRatingParser.get_energy_rating_table_data called with model_year: 2023
2025-08-24 15:35:02,088 - parsers.energy_rating_parser - INFO - EnergyRatingParser processed status: True
2025-08-24 15:35:02,088 - parsers.energy_rating_parser - INFO - EnergyRatingParser energy_data_by_area has 0 entries
2025-08-24 15:35:02,088 - parsers.energy_rating_parser - WARNING - EnergyRatingParser.get_energy_rating_table_data: energy_data_by_area is empty
2025-08-24 15:35:02,088 - generators.energy_rating_report_generator - INFO - _energy_rating_table got 0 rows from parser
2025-08-24 15:35:02,088 - generators.energy_rating_report_generator - WARNING - _energy_rating_table: No raw table data available
2025-08-24 15:35:02,088 - generators.energy_rating_report_generator - WARNING - EnergyRatingReportGenerator: No energy table generated
2025-08-24 15:35:02,142 - generators.energy_rating_report_generator - INFO - EnergyRatingReportGenerator: Successfully generated report at C:\Users\daniel\Desktop\reports-24-08-2025-15-34-40\energy-rating.pdf
2025-08-24 15:35:02,146 - modern_gui - INFO - GUI: דוח דירוג אנרגיה נוצר בהצלחה ב-C:\Users\daniel\Desktop\reports-24-08-2025-15-34-40\energy-rating.pdf
2025-08-24 15:35:02,147 - parsers.energy_rating_parser - INFO - EnergyRatingParser.get_energy_rating_table_data called with model_year: 2023
2025-08-24 15:35:02,147 - parsers.energy_rating_parser - INFO - EnergyRatingParser processed status: True
2025-08-24 15:35:02,147 - parsers.energy_rating_parser - INFO - EnergyRatingParser energy_data_by_area has 0 entries
2025-08-24 15:35:02,147 - parsers.energy_rating_parser - WARNING - EnergyRatingParser.get_energy_rating_table_data: energy_data_by_area is empty
2025-08-24 15:35:02,147 - generators.energy_rating_report_generator - WARNING - _calculate_total_energy_rating: raw_table_data is empty or None.
2025-08-24 15:35:02,200 - generators.energy_rating_report_generator - INFO - Generated Hebrew total energy rating report: C:\Users\daniel\Desktop\reports-24-08-2025-15-34-40\total-energy-rating.pdf
2025-08-24 15:35:02,204 - modern_gui - INFO - GUI: דוח דירוג אנרגיה כולל נוצר בהצלחה ב-C:\Users\daniel\Desktop\reports-24-08-2025-15-34-40\total-energy-rating.pdf
2025-08-24 15:35:02,212 - modern_gui - INFO - GUI: העיבוד הושלם בהצלחה!
2025-08-24 15:35:02,217 - modern_gui - INFO - GUI: עבודה #1 הושלמה בהצלחה!
2025-08-24 15:35:02,220 - modern_gui - INFO - GUI: עבודה #1 הושלמה בהצלחה
