2025-08-13 23:09:43,207 - gui - INFO - Window icon set using: C:\Users\daniel\Desktop\idf-reader\data\logo.ico
2025-08-13 23:09:43,208 - gui - INFO - Data directory found at: C:\Users\daniel\Desktop\idf-reader\data
2025-08-13 23:09:43,208 - gui - INFO - Available data files: ['1.epw', '2.epw', '2017_model.csv', '2023_model.csv', '3.epw', '4.epw', '5.epw', '6.epw', '7.epw', '8.epw', 'a.epw', 'b.epw', 'c.epw', 'countries-selection.csv', 'd.epw', 'logo.ico', 'logo.png', 'office_model.csv']
2025-08-13 23:09:43,602 - gui - INFO - GUI: 🎉 Welcome! Configure fields to begin.
2025-08-13 23:09:43,647 - gui - INFO - GUI: Selected city: ראשון לציון - מרכז, Area: ב, Code: 5
2025-08-13 23:09:44,535 - gui - INFO - GUI: Simulation output will be in: C:/Users/daniel/Desktop\reports-13-08-2025-23-09-44\simulation
2025-08-13 23:09:44,535 - gui - INFO - GUI: ISO type RESIDNTIAL 2017: Using EPW by area letter: b.epw
2025-08-13 23:09:44,544 - gui - INFO - GUI: Using weather file: C:\Users\daniel\Desktop\idf-reader\data\b.epw
2025-08-13 23:09:44,545 - gui - INFO - GUI: Starting EnergyPlus simulation...
2025-08-13 23:09:44,561 - gui - INFO - GUI: Ensuring required IDF output variables...
2025-08-13 23:09:45,213 - utils.eppy_handler - INFO - Successfully loaded IDF file: C:/Users/daniel/Desktop/idf-reader/tests/lights.idf
2025-08-13 23:09:45,229 - gui - INFO - GUI: IDF output variables ensured/updated.
2025-08-13 23:09:45,231 - gui - INFO - GUI: Running E+ command with normalized paths: C:/EnergyPlusV9-4-0\energyplus.exe -w C:\Users\daniel\Desktop\idf-reader\data\b.epw -r -d C:\Users\daniel\Desktop\reports-13-08-2025-23-09-44\simulation C:\Users\daniel\Desktop\idf-reader\tests\lights.idf
2025-08-13 23:09:46,660 - gui - INFO - E+ STDOUT:
EnergyPlus Starting
EnergyPlus, Version 9.4.0-998c4b761e, YMD=2025.08.13 23:09
Adjusting Air System Sizing
Adjusting Standard 62.1 Ventilation Sizing
Initializing Simulation
Reporting Surfaces
Beginning Primary Simulation
Initializing New Environment Parameters
Warming up {1}
Calculating Detailed Daylighting Factors, Start Date=01/01
Warming up {2}
Warming up {3}
Warming up {4}
Warming up {5}
Warming up {6}
Starting Simulation at 01/01/2002 for 1 (01-01:31-12)
Updating Shadowing Calculations, Start Date=01/21/2002
Updating Detailed Daylighting Factors, Start Date=01/21
Continuing Simulation at 01/21/2002 for 1 (01-01:31-12)
Updating Shadowing Calculations, Start Date=02/10/2002
Updating Detailed Daylighting Factors, Start Date=02/10
Continuing Simulation at 02/10/2002 for 1 (01-01:31-12)
Updating Shadowing Calculations, Start Date=03/02/2002
Updating Detailed Daylighting Factors, Start Date=03/02
Continuing Simulation at 03/02/2002 for 1 (01-01:31-12)
Updating Shadowing Calculations, Start Date=03/22/2002
Updating Detailed Daylighting Factors, Start Date=03/22
Continuing Simulation at 03/22/2002 for 1 (01-01:31-12)
Updating Shadowing Calculations, Start Date=04/11/2002
Updating Detailed Daylighting Factors, Start Date=04/11
Continuing Simulation at 04/11/2002 for 1 (01-01:31-12)
Updating Shadowing Calculations, Start Date=05/01/2002
Updating Detailed Daylighting Factors, Start Date=05/01
Continuing Simulation at 05/01/2002 for 1 (01-01:31-12)
Updating Shadowing Calculations, Start Date=05/21/2002
Updating Detailed Daylighting Factors, Start Date=05/21
Continuing Simulation at 05/21/2002 for 1 (01-01:31-12)
Updating Shadowing Calculations, Start Date=06/10/2002
Updating Detailed Daylighting Factors, Start Date=06/10
Continuing Simulation at 06/10/2002 for 1 (01-01:31-12)
Updating Shadowing Calculations, Start Date=06/30/2002
Updating Detailed Daylighting Factors, Start Date=06/30
Continuing Simulation at 06/30/2002 for 1 (01-01:31-12)
Updating Shadowing Calculations, Start Date=07/20/2002
Updating Detailed Daylighting Factors, Start Date=07/20
Continuing Simulation at 07/20/2002 for 1 (01-01:31-12)
Updating Shadowing Calculations, Start Date=08/09/2002
Updating Detailed Daylighting Factors, Start Date=08/09
Continuing Simulation at 08/09/2002 for 1 (01-01:31-12)
Updating Shadowing Calculations, Start Date=08/29/2002
Updating Detailed Daylighting Factors, Start Date=08/29
Continuing Simulation at 08/29/2002 for 1 (01-01:31-12)
Updating Shadowing Calculations, Start Date=09/18/2002
Updating Detailed Daylighting Factors, Start Date=09/18
Continuing Simulation at 09/18/2002 for 1 (01-01:31-12)
Updating Shadowing Calculations, Start Date=10/08/2002
Updating Detailed Daylighting Factors, Start Date=10/08
Continuing Simulation at 10/08/2002 for 1 (01-01:31-12)
Updating Shadowing Calculations, Start Date=10/28/2002
Updating Detailed Daylighting Factors, Start Date=10/28
Continuing Simulation at 10/28/2002 for 1 (01-01:31-12)
Updating Shadowing Calculations, Start Date=11/17/2002
Updating Detailed Daylighting Factors, Start Date=11/17
Continuing Simulation at 11/17/2002 for 1 (01-01:31-12)
Updating Shadowing Calculations, Start Date=12/07/2002
Updating Detailed Daylighting Factors, Start Date=12/07
Continuing Simulation at 12/07/2002 for 1 (01-01:31-12)
Updating Shadowing Calculations, Start Date=12/27/2002
Updating Detailed Daylighting Factors, Start Date=12/27
Continuing Simulation at 12/27/2002 for 1 (01-01:31-12)
Writing tabular output file results using comma format.
Writing tabular output file results using HTML format.
 ReadVarsESO program starting.
 ReadVars Run Time=00hr 00min  0.03sec
 ReadVarsESO program completed successfully.
 ReadVarsESO program starting.
 ReadVars Run Time=00hr 00min  0.02sec
 ReadVarsESO program completed successfully.
EnergyPlus Run Time=00hr 00min  1.41sec

2025-08-13 23:09:46,660 - gui - WARNING - E+ STDERR:
EnergyPlus Completed Successfully.

2025-08-13 23:09:46,668 - gui - INFO - GUI: EnergyPlus simulation successful. Output: C:/Users/daniel/Desktop\reports-13-08-2025-23-09-44\simulation\eplustbl.csv
2025-08-13 23:09:46,694 - gui - INFO - GUI: Starting IDF processing and report generation...
2025-08-13 23:09:46,710 - gui - INFO - GUI: Initializing...
2025-08-13 23:09:46,712 - gui - INFO - GUI: Successfully created directory: C:/Users/daniel/Desktop\reports-13-08-2025-23-09-44\zones
2025-08-13 23:09:46,721 - gui - INFO - GUI: Loading IDF file...
2025-08-13 23:09:46,890 - utils.eppy_handler - INFO - Successfully loaded IDF file: C:/Users/daniel/Desktop/idf-reader/tests/lights.idf
2025-08-13 23:09:46,895 - utils.data_loader - INFO - Successfully loaded IDF file: C:/Users/daniel/Desktop/idf-reader/tests/lights.idf
2025-08-13 23:09:47,053 - utils.eppy_handler - INFO - Successfully loaded IDF file: C:/Users/daniel/Desktop/idf-reader/tests/lights.idf
2025-08-13 23:09:47,060 - gui - INFO - GUI: Using city area 'ב' for thermal loss calculations.
2025-08-13 23:09:47,062 - gui - INFO - GUI: Initializing parsers...
2025-08-13 23:09:47,063 - processing_manager - INFO - Climate zone mapping: area_name='ב' -> climate_zone='B'
2025-08-13 23:09:47,070 - gui - INFO - GUI: Processing settings...
2025-08-13 23:09:47,073 - gui - INFO - GUI: Processing schedules...
2025-08-13 23:09:47,075 - gui - INFO - GUI: Processing other data (loads, materials, area)...
2025-08-13 23:09:47,078 - gui - INFO - GUI: Processing energy rating data...
2025-08-13 23:09:47,079 - parsers.energy_rating_parser - WARNING - ⚠️ No matching zone found for area_id='NE', zone_name='OUT'. Using fallback key 'ENERGY_00_NE_OUT'
2025-08-13 23:09:47,079 - parsers.energy_rating_parser - WARNING - EnergyRatingParser: No matching zone found for 'ENERGY_00_NE_OUT'. Using defaults for multiplier/floor_area.
2025-08-13 23:09:47,079 - parsers.energy_rating_parser - WARNING - ⚠️ No matching zone found for area_id='NE', zone_name='OUT'. Using fallback key 'ENERGY_00_NE_OUT'
2025-08-13 23:09:47,079 - parsers.energy_rating_parser - WARNING - ⚠️ No matching zone found for area_id='NE', zone_name='OUT'. Using fallback key 'ENERGY_00_NE_OUT'
2025-08-13 23:09:47,080 - parsers.energy_rating_parser - WARNING - Zone keys found in eplusout.csv but missing from IDF: 1 zones
2025-08-13 23:09:47,080 - parsers.energy_rating_parser - WARNING - Total area for grouping related to 'ENERGY_00_NE_OUT' is 0.0. Per-area values will be set to absolute energy values (or 0 if energy is 0).
2025-08-13 23:09:47,081 - gui - INFO - GUI: Processing automatic validation data...
2025-08-13 23:09:47,081 - processing_manager - INFO - Automatic validation: Raw ISO type 'RESIDNTIAL 2017' -> Mapped to '2017'
2025-08-13 23:09:47,083 - parsers.automatic_error_detection_parser - INFO - Settings validation completed. Found 2 issues
2025-08-13 23:09:47,086 - gui - INFO - GUI: ✅ Automatic validation data processed successfully
2025-08-13 23:09:47,094 - gui - INFO - GUI: Extracting processed data...
2025-08-13 23:09:47,103 - gui - INFO - GUI: Generating reports...
2025-08-13 23:09:47,105 - gui - INFO - GUI: Generating Settings report...
2025-08-13 23:09:47,117 - utils.hebrew_text_utils - INFO - Successfully registered Hebrew font: C:/Windows/Fonts/arial.ttf
2025-08-13 23:09:47,208 - gui - INFO - GUI: Settings report generated successfully at C:/Users/daniel/Desktop\reports-13-08-2025-23-09-44\settings.pdf
2025-08-13 23:09:47,216 - gui - INFO - GUI: Generating Schedules report...
2025-08-13 23:09:47,296 - gui - INFO - GUI: Schedules report generated successfully at C:/Users/daniel/Desktop\reports-13-08-2025-23-09-44\schedules.pdf
2025-08-13 23:09:47,305 - gui - INFO - GUI: Generating Loads report...
2025-08-13 23:09:47,365 - gui - INFO - GUI: Loads report generated successfully at C:/Users/daniel/Desktop\reports-13-08-2025-23-09-44\loads.pdf
2025-08-13 23:09:47,373 - gui - INFO - GUI: Generating Materials report...
2025-08-13 23:09:47,477 - generators.base_report_generator - INFO - Successfully built document
2025-08-13 23:09:47,478 - gui - INFO - GUI: Materials report generated successfully at C:/Users/daniel/Desktop\reports-13-08-2025-23-09-44\materials.pdf
2025-08-13 23:09:47,487 - gui - INFO - GUI: Generating Area (Zones) reports with base zone grouping...
2025-08-13 23:09:47,487 - generators.area_report_generator - INFO - Found 1 base zone groups
2025-08-13 23:09:47,488 - generators.area_report_generator - INFO - Generating base zone area report for: 00X00:NE (includes 1 zones)
2025-08-13 23:09:47,544 - generators.base_report_generator - INFO - Successfully built document
2025-08-13 23:09:47,547 - gui - INFO - GUI: Area (Zones) reports with base zone grouping generation attempted.
2025-08-13 23:09:47,554 - gui - INFO - GUI: Generating Glazing report...
2025-08-13 23:09:47,611 - generators.base_report_generator - INFO - Successfully built document
2025-08-13 23:09:47,613 - gui - INFO - GUI: Glazing report generated successfully at C:/Users/daniel/Desktop\reports-13-08-2025-23-09-44\glazing.pdf
2025-08-13 23:09:47,620 - gui - INFO - GUI: Generating Lighting report...
2025-08-13 23:09:47,691 - gui - INFO - GUI: Lighting report generated successfully at C:/Users/daniel/Desktop\reports-13-08-2025-23-09-44\lighting.pdf
2025-08-13 23:09:47,704 - gui - INFO - GUI: Generating Natural Ventilation report...
2025-08-13 23:09:47,756 - generators.natural_ventilation_report_generator - INFO - Natural ventilation report generated successfully (no data): C:/Users/daniel/Desktop\reports-13-08-2025-23-09-44\natural-ventilation.pdf
2025-08-13 23:09:47,757 - gui - INFO - GUI: Natural Ventilation report generated successfully at C:/Users/daniel/Desktop\reports-13-08-2025-23-09-44\natural-ventilation.pdf
2025-08-13 23:09:47,765 - gui - INFO - GUI: Generating Automatic Validation report...
2025-08-13 23:09:47,765 - generators.automatic_error_detection_report_generator - INFO - Starting automatic validation report generation: C:/Users/daniel/Desktop\reports-13-08-2025-23-09-44\automatic-validation.pdf
2025-08-13 23:09:47,824 - generators.automatic_error_detection_report_generator - INFO - Automatic error detection report generated successfully: C:/Users/daniel/Desktop\reports-13-08-2025-23-09-44\automatic-validation.pdf
2025-08-13 23:09:47,826 - gui - INFO - GUI: Automatic Validation report generated successfully at C:/Users/daniel/Desktop\reports-13-08-2025-23-09-44\automatic-validation.pdf
2025-08-13 23:09:47,835 - gui - INFO - GUI: Generating Energy Rating report (PDF)...
2025-08-13 23:09:47,837 - gui - INFO - GUI: Energy Rating: Using Latin area letter 'B' for 2017 model
2025-08-13 23:09:47,839 - gui - INFO - GUI: Energy Rating Report: Using City='ראשון לציון - מרכז', Year=2017, AreaDef='B'
2025-08-13 23:09:47,840 - parsers.energy_rating_parser - WARNING - Correct total floor area for group ('00', 'NE') is 0.0 for zone 'ENERGY_00_NE_OUT'. Energy values in report will be absolute (not per m^2).
2025-08-13 23:09:47,894 - gui - INFO - GUI: Energy Rating report generated successfully at C:/Users/daniel/Desktop\reports-13-08-2025-23-09-44\energy-rating.pdf
2025-08-13 23:09:47,894 - parsers.energy_rating_parser - WARNING - Correct total floor area for group ('00', 'NE') is 0.0 for zone 'ENERGY_00_NE_OUT'. Energy values in report will be absolute (not per m^2).
2025-08-13 23:09:47,896 - generators.energy_rating_report_generator - WARNING - _calculate_total_energy_rating: total_raw_area_sum_denominator is 0 or less. Cannot calculate average.
2025-08-13 23:09:47,950 - generators.energy_rating_report_generator - INFO - Generated Hebrew total energy rating report: C:/Users/daniel/Desktop\reports-13-08-2025-23-09-44\total-energy-rating.pdf
2025-08-13 23:09:47,951 - gui - INFO - GUI: Total Energy Rating report generated successfully at C:/Users/daniel/Desktop\reports-13-08-2025-23-09-44\total-energy-rating.pdf
2025-08-13 23:09:47,959 - gui - INFO - GUI: Processing completed successfully!
2025-08-13 23:09:47,961 - gui - INFO - GUI: All reports generated successfully!
