2025-08-14 00:04:17,322 - flet - INFO - Assets path configured: C:\Users\daniel\Desktop\idf-reader\assets
2025-08-14 00:04:17,323 - flet - INFO - Starting up TCP server on localhost:62536
2025-08-14 00:04:17,325 - flet - INFO - Flet app has started...
2025-08-14 00:04:17,326 - flet - INFO - App URL: tcp://localhost:62536
2025-08-14 00:04:17,326 - flet_desktop - INFO - Starting Flet View app...
2025-08-14 00:04:17,327 - flet_desktop - INFO - Looking for Flet executable at: C:\Users\daniel\Desktop\idf-reader\venv\Lib\site-packages\flet_desktop\app\flet\flet.exe
2025-08-14 00:04:17,327 - flet_desktop - INFO - Flet View found in: C:\Users\daniel\Desktop\idf-reader\venv\Lib\site-packages\flet_desktop\app\flet\flet.exe
2025-08-14 00:04:17,531 - flet - INFO - App session started
2025-08-14 00:04:17,553 - modern_gui - INFO - Window icon set using ICO: C:\Users\daniel\Desktop\idf-reader\data\logo.ico
2025-08-14 00:04:17,560 - modern_gui - INFO - GUI: ðŸŽ‰ ×‘×¨×•×›×™× ×”×‘××™×! ×”×’×“×™×¨×• ××ª ×›×œ ×”×©×“×•×ª ×›×“×™ ×œ×”×ª×—×™×œ ×‘×¢×™×‘×•×“.
2025-08-14 00:04:17,560 - modern_gui - INFO - Saving window settings: {'width': 1400, 'height': 1000, 'maximized': True, 'position_x': None, 'position_y': None}
2025-08-14 00:04:21,342 - modern_gui - ERROR - GUI: energyplus.exe ×œ× × ×ž×¦× ×‘- C:\Users\daniel\Documents\FIFA 23\settings
2025-08-14 00:04:48,360 - modern_gui - INFO - Saving window settings: {'width': 1400, 'height': 1000, 'maximized': True, 'position_x': None, 'position_y': None}
2025-08-14 00:04:48,363 - modern_gui - INFO - Path selected via browse: C:\EnergyPlusV9-4-0
2025-08-14 00:04:51,678 - modern_gui - INFO - Saving window settings: {'width': 1400, 'height': 1000, 'maximized': True, 'position_x': None, 'position_y': None}
2025-08-14 00:04:51,682 - modern_gui - INFO - Path selected via browse: C:\Users\daniel\Desktop
2025-08-14 00:04:54,144 - modern_gui - INFO - Saving window settings: {'width': 1400, 'height': 1000, 'maximized': True, 'position_x': None, 'position_y': None}
2025-08-14 00:04:54,148 - modern_gui - INFO - GUI: × ×•×¦×¨×• ×ª×™×§×™×•×ª ×¤×œ×˜ ×¢×‘×•×¨ ×¨×™×¦×”: 14-08-2025-00-04-54
2025-08-14 00:04:54,149 - modern_gui - INFO - GUI: ×ž×©×ª×ž×© ×‘×§×•×‘×¥ ×ž×–×’ ××•×•×™×¨: C:\Users\daniel\Desktop\idf-reader\data\5.epw
2025-08-14 00:04:54,151 - modern_gui - INFO - GUI: ×ž×ª×—×™×œ ×¡×™×ž×•×œ×¦×™×™×ª EnergyPlus...
2025-08-14 00:04:54,166 - modern_gui - INFO - GUI: ×¡×™×ž×•×œ×¦×™×™×ª EnergyPlus ×”×•×©×œ×ž×” ×‘×”×¦×œ×—×”!
2025-08-14 00:04:54,169 - modern_gui - WARNING - GUI: ×¡×™×ž×•×œ×¦×™×™×ª EnergyPlus × ×›×©×œ×”. ×™×¦×™×¨×ª ×”×“×•×—×•×ª ×¢×œ×•×œ×” ×œ×”×™×•×ª ×—×œ×§×™×ª.
2025-08-14 00:04:54,171 - modern_gui - INFO - GUI: ×ž×ª×—×™×œ ×¢×™×‘×•×“ IDF ×•×™×¦×™×¨×ª ×“×•×—×•×ª...
2025-08-14 00:04:54,174 - modern_gui - INFO - GUI: Initializing...
2025-08-14 00:04:54,176 - modern_gui - INFO - GUI: Successfully created directory: C:\Users\daniel\Desktop\reports-14-08-2025-00-04-54\zones
2025-08-14 00:04:54,179 - modern_gui - INFO - GUI: Loading IDF file...
2025-08-14 00:04:54,885 - utils.eppy_handler - INFO - Successfully loaded IDF file: C:/Users/daniel/Desktop/idf-reader/tests/lights.idf
2025-08-14 00:04:54,890 - utils.data_loader - INFO - Successfully loaded IDF file: C:/Users/daniel/Desktop/idf-reader/tests/lights.idf
2025-08-14 00:04:55,057 - utils.eppy_handler - INFO - Successfully loaded IDF file: C:/Users/daniel/Desktop/idf-reader/tests/lights.idf
2025-08-14 00:04:55,061 - modern_gui - INFO - GUI: Using city area '×‘' for thermal loss calculations.
2025-08-14 00:04:55,061 - parsers.eplustbl_reader - INFO - Found eplustbl.csv at: tests\eplustbl-test.csv
2025-08-14 00:04:55,064 - modern_gui - INFO - GUI: Initializing parsers...
2025-08-14 00:04:55,064 - processing_manager - INFO - Climate zone mapping: area_name='×‘' -> climate_zone='B'
2025-08-14 00:04:55,068 - modern_gui - INFO - GUI: Processing settings...
2025-08-14 00:04:55,071 - modern_gui - INFO - GUI: Processing schedules...
2025-08-14 00:04:55,074 - modern_gui - INFO - GUI: Processing other data (loads, materials, area)...
2025-08-14 00:04:55,076 - modern_gui - INFO - GUI: Processing energy rating data...
2025-08-14 00:04:55,078 - modern_gui - WARNING - GUI: Warning: No simulation output CSV provided for EnergyRatingParser. Results may be incomplete.
2025-08-14 00:04:55,079 - parsers.energy_rating_parser - WARNING - Could not automatically find eplusout.csv based on IDF path or fallback locations.
2025-08-14 00:04:55,079 - parsers.energy_rating_parser - ERROR - EnergyPlus output file (eplusout.csv) not found. Tried path: auto-detection failed.
2025-08-14 00:04:55,081 - modern_gui - INFO - GUI: Processing automatic validation data...
2025-08-14 00:04:55,081 - processing_manager - INFO - Automatic validation: Raw ISO type 'RESIDNTIAL 2023' -> Mapped to '2023'
2025-08-14 00:04:55,082 - parsers.automatic_error_detection_parser - INFO - Settings validation completed. Found 2 issues
2025-08-14 00:04:55,086 - modern_gui - INFO - GUI: âœ… Automatic validation data processed successfully
2025-08-14 00:04:55,090 - modern_gui - INFO - GUI: Extracting processed data...
2025-08-14 00:04:55,095 - modern_gui - INFO - GUI: Generating reports...
2025-08-14 00:04:55,097 - modern_gui - INFO - GUI: Generating Settings report...
2025-08-14 00:04:55,114 - utils.hebrew_text_utils - INFO - Successfully registered Hebrew font: C:/Windows/Fonts/arial.ttf
2025-08-14 00:04:55,201 - modern_gui - INFO - GUI: Settings report generated successfully at C:\Users\daniel\Desktop\reports-14-08-2025-00-04-54\settings.pdf
2025-08-14 00:04:55,206 - modern_gui - INFO - GUI: Generating Schedules report...
2025-08-14 00:04:55,290 - modern_gui - INFO - GUI: Schedules report generated successfully at C:\Users\daniel\Desktop\reports-14-08-2025-00-04-54\schedules.pdf
2025-08-14 00:04:55,296 - modern_gui - INFO - GUI: Generating Loads report...
2025-08-14 00:04:55,366 - modern_gui - INFO - GUI: Loads report generated successfully at C:\Users\daniel\Desktop\reports-14-08-2025-00-04-54\loads.pdf
2025-08-14 00:04:55,373 - modern_gui - INFO - GUI: Generating Materials report...
2025-08-14 00:04:55,449 - generators.base_report_generator - INFO - Successfully built document
2025-08-14 00:04:55,452 - modern_gui - INFO - GUI: Materials report generated successfully at C:\Users\daniel\Desktop\reports-14-08-2025-00-04-54\materials.pdf
2025-08-14 00:04:55,457 - modern_gui - INFO - GUI: Generating Area (Zones) reports with base zone grouping...
2025-08-14 00:04:55,457 - generators.area_report_generator - INFO - Found 1 base zone groups
2025-08-14 00:04:55,458 - generators.area_report_generator - INFO - Generating base zone area report for: 00X00:NE (includes 1 zones)
2025-08-14 00:04:55,516 - generators.base_report_generator - INFO - Successfully built document
2025-08-14 00:04:55,519 - modern_gui - INFO - GUI: Area (Zones) reports with base zone grouping generation attempted.
2025-08-14 00:04:55,524 - modern_gui - INFO - GUI: Generating Glazing report...
2025-08-14 00:04:55,527 - modern_gui - ERROR - GUI: Glazing report generation failed or returned False (check console).
2025-08-14 00:04:55,532 - modern_gui - INFO - GUI: Generating Lighting report...
2025-08-14 00:04:55,593 - modern_gui - INFO - GUI: Lighting report generated successfully at C:\Users\daniel\Desktop\reports-14-08-2025-00-04-54\lighting.pdf
2025-08-14 00:04:55,600 - modern_gui - INFO - GUI: Generating Natural Ventilation report...
2025-08-14 00:04:55,663 - generators.natural_ventilation_report_generator - INFO - Natural ventilation report generated successfully (no data): C:\Users\daniel\Desktop\reports-14-08-2025-00-04-54\natural-ventilation.pdf
2025-08-14 00:04:55,666 - modern_gui - INFO - GUI: Natural Ventilation report generated successfully at C:\Users\daniel\Desktop\reports-14-08-2025-00-04-54\natural-ventilation.pdf
2025-08-14 00:04:55,672 - modern_gui - INFO - GUI: Generating Automatic Validation report...
2025-08-14 00:04:55,672 - generators.automatic_error_detection_report_generator - INFO - Starting automatic validation report generation: C:\Users\daniel\Desktop\reports-14-08-2025-00-04-54\automatic-validation.pdf
2025-08-14 00:04:55,796 - generators.automatic_error_detection_report_generator - INFO - Automatic error detection report generated successfully: C:\Users\daniel\Desktop\reports-14-08-2025-00-04-54\automatic-validation.pdf
2025-08-14 00:04:55,800 - modern_gui - INFO - GUI: Automatic Validation report generated successfully at C:\Users\daniel\Desktop\reports-14-08-2025-00-04-54\automatic-validation.pdf
2025-08-14 00:04:55,805 - modern_gui - INFO - GUI: Generating Energy Rating report (PDF)...
2025-08-14 00:04:55,808 - modern_gui - INFO - GUI: Energy Rating: Using numeric area code '5' for 2023 model
2025-08-14 00:04:55,811 - modern_gui - INFO - GUI: Energy Rating Report: Using City='×©×“×¨×•×ª', Year=2023, AreaDef='5'
2025-08-14 00:04:55,811 - parsers.energy_rating_parser - WARNING - Could not automatically find eplusout.csv based on IDF path or fallback locations.
2025-08-14 00:04:55,811 - parsers.energy_rating_parser - ERROR - EnergyPlus output file (eplusout.csv) not found. Tried path: auto-detection failed.
2025-08-14 00:04:55,812 - parsers.energy_rating_parser - WARNING - Energy data not processed. Call process_output() first. Returning empty list for rating table.
2025-08-14 00:04:55,887 - modern_gui - INFO - GUI: Energy Rating report generated successfully at C:\Users\daniel\Desktop\reports-14-08-2025-00-04-54\energy-rating.pdf
2025-08-14 00:04:55,887 - parsers.energy_rating_parser - WARNING - Could not automatically find eplusout.csv based on IDF path or fallback locations.
2025-08-14 00:04:55,887 - parsers.energy_rating_parser - ERROR - EnergyPlus output file (eplusout.csv) not found. Tried path: auto-detection failed.
2025-08-14 00:04:55,887 - parsers.energy_rating_parser - WARNING - Energy data not processed. Call process_output() first. Returning empty list for rating table.
2025-08-14 00:04:55,887 - generators.energy_rating_report_generator - WARNING - _calculate_total_energy_rating: raw_table_data is empty or None.
2025-08-14 00:04:55,976 - generators.energy_rating_report_generator - INFO - Generated Hebrew total energy rating report: C:\Users\daniel\Desktop\reports-14-08-2025-00-04-54\total-energy-rating.pdf
2025-08-14 00:04:55,980 - modern_gui - INFO - GUI: Total Energy Rating report generated successfully at C:\Users\daniel\Desktop\reports-14-08-2025-00-04-54\total-energy-rating.pdf
2025-08-14 00:04:55,986 - modern_gui - INFO - GUI: Processing completed successfully!
2025-08-14 00:04:55,989 - modern_gui - INFO - GUI: ×›×œ ×”×“×•×—×•×ª × ×•×¦×¨×• ×‘×”×¦×œ×—×”!
