2025-08-02 14:45:56,055 - gui - INFO - Window icon set using: C:\Users\daniel\Desktop\idf-reader\data\logo.ico
2025-08-02 14:45:56,056 - gui - INFO - Data directory found at: C:\Users\daniel\Desktop\idf-reader\data
2025-08-02 14:45:56,056 - gui - INFO - Available data files: ['1.epw', '2.epw', '2017_model.csv', '2023_model.csv', '3.epw', '4.epw', '5.epw', '6.epw', '7.epw', '8.epw', 'a.epw', 'b.epw', 'c.epw', 'countries-selection.csv', 'd.epw', 'logo.ico', 'logo.png', 'office_model.csv']
2025-08-02 14:45:56,448 - gui - INFO - GUI: 🎉 Welcome! Configure fields to begin.
2025-08-02 14:45:56,480 - gui - INFO - GUI: Selected city: ראשון לציון - מרכז, Area: ב, Code: 5
2025-08-02 14:45:57,193 - gui - INFO - GUI: Simulation output will be in: C:/Users/daniel/Desktop\reports-02-08-2025-14-45-57\simulation
2025-08-02 14:45:57,193 - gui - INFO - GUI: ISO type RESIDNTIAL 2017: Using EPW by area letter: b.epw
2025-08-02 14:45:57,203 - gui - INFO - GUI: Using weather file: C:\Users\daniel\Desktop\idf-reader\data\b.epw
2025-08-02 14:45:57,203 - gui - INFO - GUI: Starting EnergyPlus simulation...
2025-08-02 14:45:57,220 - gui - INFO - GUI: Ensuring required IDF output variables...
2025-08-02 14:46:00,454 - utils.eppy_handler - INFO - Successfully loaded IDF file: C:/Users/daniel/Desktop/idf-reader/tests/in.idf
2025-08-02 14:46:00,792 - gui - INFO - GUI: IDF output variables ensured/updated.
2025-08-02 14:46:00,795 - gui - INFO - GUI: Running E+ command with normalized paths: C:/EnergyPlusV9-4-0\energyplus.exe -w C:\Users\daniel\Desktop\idf-reader\data\b.epw -r -d C:\Users\daniel\Desktop\reports-02-08-2025-14-45-57\simulation C:\Users\daniel\Desktop\idf-reader\tests\in.idf
2025-08-02 14:46:44,337 - gui - INFO - E+ STDOUT:
EnergyPlus Starting
EnergyPlus, Version 9.4.0-998c4b761e, YMD=2025.08.02 14:46
Adjusting Air System Sizing
Adjusting Standard 62.1 Ventilation Sizing
Initializing Simulation
Reporting Surfaces
Beginning Primary Simulation
Initializing New Environment Parameters
Warming up {1}
Warming up {2}
Warming up {3}
Warming up {4}
Warming up {5}
Warming up {6}
Warming up {7}
Warming up {8}
Warming up {9}
Warming up {10}
Warming up {11}
Warming up {12}
Warming up {13}
Warming up {14}
Warming up {15}
Warming up {16}
Warming up {17}
Warming up {18}
Starting Simulation at 01/01/2002 for TEL AVIV (01-01:31-12)
Updating Shadowing Calculations, Start Date=01/21/2002
Continuing Simulation at 01/21/2002 for TEL AVIV (01-01:31-12)
Updating Shadowing Calculations, Start Date=02/10/2002
Continuing Simulation at 02/10/2002 for TEL AVIV (01-01:31-12)
Updating Shadowing Calculations, Start Date=03/02/2002
Continuing Simulation at 03/02/2002 for TEL AVIV (01-01:31-12)
Updating Shadowing Calculations, Start Date=03/22/2002
Continuing Simulation at 03/22/2002 for TEL AVIV (01-01:31-12)
Updating Shadowing Calculations, Start Date=04/11/2002
Continuing Simulation at 04/11/2002 for TEL AVIV (01-01:31-12)
Updating Shadowing Calculations, Start Date=05/01/2002
Continuing Simulation at 05/01/2002 for TEL AVIV (01-01:31-12)
Updating Shadowing Calculations, Start Date=05/21/2002
Continuing Simulation at 05/21/2002 for TEL AVIV (01-01:31-12)
Updating Shadowing Calculations, Start Date=06/10/2002
Continuing Simulation at 06/10/2002 for TEL AVIV (01-01:31-12)
Updating Shadowing Calculations, Start Date=06/30/2002
Continuing Simulation at 06/30/2002 for TEL AVIV (01-01:31-12)
Updating Shadowing Calculations, Start Date=07/20/2002
Continuing Simulation at 07/20/2002 for TEL AVIV (01-01:31-12)
Updating Shadowing Calculations, Start Date=08/09/2002
Continuing Simulation at 08/09/2002 for TEL AVIV (01-01:31-12)
Updating Shadowing Calculations, Start Date=08/29/2002
Continuing Simulation at 08/29/2002 for TEL AVIV (01-01:31-12)
Updating Shadowing Calculations, Start Date=09/18/2002
Continuing Simulation at 09/18/2002 for TEL AVIV (01-01:31-12)
Updating Shadowing Calculations, Start Date=10/08/2002
Continuing Simulation at 10/08/2002 for TEL AVIV (01-01:31-12)
Updating Shadowing Calculations, Start Date=10/28/2002
Continuing Simulation at 10/28/2002 for TEL AVIV (01-01:31-12)
Updating Shadowing Calculations, Start Date=11/17/2002
Continuing Simulation at 11/17/2002 for TEL AVIV (01-01:31-12)
Updating Shadowing Calculations, Start Date=12/07/2002
Continuing Simulation at 12/07/2002 for TEL AVIV (01-01:31-12)
Updating Shadowing Calculations, Start Date=12/27/2002
Continuing Simulation at 12/27/2002 for TEL AVIV (01-01:31-12)
Writing tabular output file results using comma format.
Writing tabular output file results using HTML format.
 ReadVarsESO program starting.
 ReadVars Run Time=00hr 00min  0.05sec
 ReadVarsESO program completed successfully.
 ReadVarsESO program starting.
 ReadVars Run Time=00hr 00min  0.02sec
 ReadVarsESO program completed successfully.
EnergyPlus Run Time=00hr 00min 43.52sec

2025-08-02 14:46:44,337 - gui - WARNING - E+ STDERR:
EnergyPlus Completed Successfully.

2025-08-02 14:46:44,347 - gui - INFO - GUI: EnergyPlus simulation successful. Output: C:/Users/daniel/Desktop\reports-02-08-2025-14-45-57\simulation\eplustbl.csv
2025-08-02 14:46:44,366 - gui - INFO - GUI: Starting IDF processing and report generation...
2025-08-02 14:46:44,382 - gui - INFO - GUI: Initializing...
2025-08-02 14:46:44,384 - gui - INFO - GUI: Successfully created directory: C:/Users/daniel/Desktop\reports-02-08-2025-14-45-57\zones
2025-08-02 14:46:44,392 - gui - INFO - GUI: Loading IDF file...
2025-08-02 14:46:47,374 - utils.eppy_handler - INFO - Successfully loaded IDF file: C:/Users/daniel/Desktop/idf-reader/tests/in.idf
2025-08-02 14:46:49,214 - utils.data_loader - INFO - Successfully loaded IDF file: C:/Users/daniel/Desktop/idf-reader/tests/in.idf
2025-08-02 14:46:51,912 - utils.eppy_handler - INFO - Successfully loaded IDF file: C:/Users/daniel/Desktop/idf-reader/tests/in.idf
2025-08-02 14:46:51,920 - gui - INFO - GUI: Using city area 'ב' for thermal loss calculations.
2025-08-02 14:46:51,925 - gui - INFO - GUI: Initializing parsers...
2025-08-02 14:46:51,931 - processing_manager - INFO - Climate zone mapping: area_name='ב' -> climate_zone='B'
2025-08-02 14:46:51,940 - gui - INFO - GUI: Processing settings...
2025-08-02 14:46:51,944 - gui - INFO - GUI: Processing schedules...
2025-08-02 14:46:51,949 - gui - INFO - GUI: Processing other data (loads, materials, area)...
2025-08-02 14:46:51,950 - parsers.materials_parser - INFO - Starting element data processing
2025-08-02 14:46:51,950 - parsers.materials_parser - INFO - Processing 9 filtered constructions
2025-08-02 14:46:51,950 - parsers.materials_parser - INFO - Construction '_Floor 501_3cm' has element types: ['External floor', 'Separation floor', 'Ground floor'], dont_use: False
2025-08-02 14:46:51,954 - parsers.materials_parser - INFO - Construction '_IntFloor1_Reversed' has element types: ['Separation ceiling', 'Intermediate ceiling'], dont_use: False
2025-08-02 14:46:51,956 - parsers.materials_parser - INFO - Construction '_IntPartition' has element types: ['Internal wall'], dont_use: False
2025-08-02 14:46:51,957 - parsers.materials_parser - INFO - Construction '_ExtWall 201_5cm' has element types: ['External wall', 'Ground wall'], dont_use: False
2025-08-02 14:46:51,959 - parsers.materials_parser - INFO - Construction '_Core_401 3 cm' has element types: ['Separation wall'], dont_use: False
2025-08-02 14:46:51,960 - parsers.materials_parser - INFO - Construction '_ExtWall 201_5cm MMD' has element types: ['External wall'], dont_use: False
2025-08-02 14:46:51,960 - parsers.materials_parser - INFO - Construction '_Roof 564_5 cm' has element types: ['Roof'], dont_use: False
2025-08-02 14:46:51,960 - parsers.materials_parser - WARNING - Processing _IntFloor1 surface 1/5: '00:CORE_Floor_0_0_0'
2025-08-02 14:46:51,960 - parsers.materials_parser - WARNING -   Surface type: Floor
2025-08-02 14:46:51,960 - parsers.materials_parser - WARNING -   Boundary condition: Surface
2025-08-02 14:46:51,960 - parsers.materials_parser - WARNING -   Is glazing: False
2025-08-02 14:46:51,960 - parsers.materials_parser - WARNING - HVAC detection failed for surface '00:CORE_Floor_0_0_0' (construction: _IntFloor1): construction_zone='00:core', outside_zone='000:core', hvac_zones_count=56
2025-08-02 14:46:51,960 - parsers.materials_parser - WARNING -   Available HVAC zones: ['00X01:01XLIVING', '00X01:01XMMD', '00X02:02XMMD', '00X02:02XLIVING', '00X03:03XLIVING']
2025-08-02 14:46:51,960 - parsers.materials_parser - WARNING -   HVAC check: has_hvac=False, is_zone_interior=False
2025-08-02 14:46:51,960 - parsers.materials_parser - WARNING -   Element type determined: 'Separation floor'
2025-08-02 14:46:51,961 - parsers.materials_parser - WARNING -   -> Added to element types: 'Separation floor'
2025-08-02 14:46:51,961 - parsers.materials_parser - WARNING - Processing _IntFloor1 surface 2/5: '00:CORE_Floor_0_0_1'
2025-08-02 14:46:51,961 - parsers.materials_parser - WARNING -   Surface type: Floor
2025-08-02 14:46:51,961 - parsers.materials_parser - WARNING -   Boundary condition: Surface
2025-08-02 14:46:51,961 - parsers.materials_parser - WARNING -   Is glazing: False
2025-08-02 14:46:51,961 - parsers.materials_parser - WARNING - HVAC detection failed for surface '00:CORE_Floor_0_0_1' (construction: _IntFloor1): construction_zone='00:core', outside_zone='000:core', hvac_zones_count=56
2025-08-02 14:46:51,961 - parsers.materials_parser - WARNING -   Available HVAC zones: ['00X01:01XLIVING', '00X01:01XMMD', '00X02:02XMMD', '00X02:02XLIVING', '00X03:03XLIVING']
2025-08-02 14:46:51,961 - parsers.materials_parser - WARNING -   HVAC check: has_hvac=False, is_zone_interior=False
2025-08-02 14:46:51,961 - parsers.materials_parser - WARNING -   Element type determined: 'Separation floor'
2025-08-02 14:46:51,961 - parsers.materials_parser - WARNING -   -> Added to element types: 'Separation floor'
2025-08-02 14:46:51,961 - parsers.materials_parser - WARNING - Processing _IntFloor1 surface 3/5: '00:CORE_Floor_0_0_2'
2025-08-02 14:46:51,961 - parsers.materials_parser - WARNING -   Surface type: Floor
2025-08-02 14:46:51,961 - parsers.materials_parser - WARNING -   Boundary condition: Surface
2025-08-02 14:46:51,961 - parsers.materials_parser - WARNING -   Is glazing: False
2025-08-02 14:46:51,961 - parsers.materials_parser - WARNING - HVAC detection failed for surface '00:CORE_Floor_0_0_2' (construction: _IntFloor1): construction_zone='00:core', outside_zone='000:core', hvac_zones_count=56
2025-08-02 14:46:51,962 - parsers.materials_parser - WARNING -   Available HVAC zones: ['00X01:01XLIVING', '00X01:01XMMD', '00X02:02XMMD', '00X02:02XLIVING', '00X03:03XLIVING']
2025-08-02 14:46:51,962 - parsers.materials_parser - WARNING -   HVAC check: has_hvac=False, is_zone_interior=False
2025-08-02 14:46:51,962 - parsers.materials_parser - WARNING -   Element type determined: 'Separation floor'
2025-08-02 14:46:51,962 - parsers.materials_parser - WARNING -   -> Added to element types: 'Separation floor'
2025-08-02 14:46:51,962 - parsers.materials_parser - WARNING - Processing _IntFloor1 surface 4/5: '00:CORE_Floor_0_0_3'
2025-08-02 14:46:51,962 - parsers.materials_parser - WARNING -   Surface type: Floor
2025-08-02 14:46:51,962 - parsers.materials_parser - WARNING -   Boundary condition: Surface
2025-08-02 14:46:51,962 - parsers.materials_parser - WARNING -   Is glazing: False
2025-08-02 14:46:51,962 - parsers.materials_parser - WARNING - HVAC detection failed for surface '00:CORE_Floor_0_0_3' (construction: _IntFloor1): construction_zone='00:core', outside_zone='000:core', hvac_zones_count=56
2025-08-02 14:46:51,962 - parsers.materials_parser - WARNING -   Available HVAC zones: ['00X01:01XLIVING', '00X01:01XMMD', '00X02:02XMMD', '00X02:02XLIVING', '00X03:03XLIVING']
2025-08-02 14:46:51,962 - parsers.materials_parser - WARNING -   HVAC check: has_hvac=False, is_zone_interior=False
2025-08-02 14:46:51,962 - parsers.materials_parser - WARNING -   Element type determined: 'Separation floor'
2025-08-02 14:46:51,962 - parsers.materials_parser - WARNING -   -> Added to element types: 'Separation floor'
2025-08-02 14:46:51,962 - parsers.materials_parser - WARNING - Processing _IntFloor1 surface 5/5: '00:CORE_Floor_0_0_4'
2025-08-02 14:46:51,962 - parsers.materials_parser - WARNING -   Surface type: Floor
2025-08-02 14:46:51,962 - parsers.materials_parser - WARNING -   Boundary condition: Surface
2025-08-02 14:46:51,962 - parsers.materials_parser - WARNING -   Is glazing: False
2025-08-02 14:46:51,962 - parsers.materials_parser - WARNING - HVAC detection failed for surface '00:CORE_Floor_0_0_4' (construction: _IntFloor1): construction_zone='00:core', outside_zone='000:core', hvac_zones_count=56
2025-08-02 14:46:51,962 - parsers.materials_parser - WARNING -   Available HVAC zones: ['00X01:01XLIVING', '00X01:01XMMD', '00X02:02XMMD', '00X02:02XLIVING', '00X03:03XLIVING']
2025-08-02 14:46:51,962 - parsers.materials_parser - WARNING -   HVAC check: has_hvac=False, is_zone_interior=False
2025-08-02 14:46:51,962 - parsers.materials_parser - WARNING -   Element type determined: 'Separation floor'
2025-08-02 14:46:51,963 - parsers.materials_parser - WARNING -   -> Added to element types: 'Separation floor'
2025-08-02 14:46:51,963 - parsers.materials_parser - WARNING - Element type detection issue for '_IntFloor1': types=['Separation floor'], dont_use=True, surfaces_count=5
2025-08-02 14:46:51,963 - parsers.materials_parser - WARNING -   Surface 1: name='00:CORE_Floor_0_0_0', type='Floor', boundary='Surface'
2025-08-02 14:46:51,963 - parsers.materials_parser - WARNING -   Surface 2: name='00:CORE_Floor_0_0_1', type='Floor', boundary='Surface'
2025-08-02 14:46:51,963 - parsers.materials_parser - WARNING -   Surface 3: name='00:CORE_Floor_0_0_2', type='Floor', boundary='Surface'
2025-08-02 14:46:51,963 - parsers.materials_parser - WARNING - Construction '_IntFloor1' issue - Surfaces: 5, HVAC surfaces: 0, Element types: ['Separation floor'], Dont_use: True
2025-08-02 14:46:51,963 - parsers.materials_parser - INFO - Construction '_IntFloor1' has element types: ['Separation floor'], dont_use: True
2025-08-02 14:46:51,963 - parsers.materials_parser - INFO - Construction '_Floor 501_3cm_Reversed' has element types: ['Separation ceiling'], dont_use: False
2025-08-02 14:46:51,963 - parsers.materials_parser - INFO - Element data processing complete: 58 entries created, 1 constructions skipped
2025-08-02 14:46:51,963 - parsers.materials_parser - INFO - === CONSTRUCTION SKIP SUMMARY ===
2025-08-02 14:46:51,963 - parsers.materials_parser - INFO - Total constructions processed: 9
2025-08-02 14:46:51,963 - parsers.materials_parser - INFO - Total constructions skipped: 1
2025-08-02 14:46:51,963 - parsers.materials_parser - INFO - Constructions skipped due to 'dont_use' flag (1): ['_IntFloor1']
2025-08-02 14:46:51,963 - parsers.materials_parser - INFO - === END CONSTRUCTION SKIP SUMMARY ===
2025-08-02 14:46:51,999 - gui - INFO - GUI: Processing energy rating data...
2025-08-02 14:47:22,978 - parsers.energy_rating_parser - WARNING - Total area for grouping related to '00X01:01XLIVING' is 0.0. Per-area values will be set to absolute energy values (or 0 if energy is 0).
2025-08-02 14:47:22,978 - parsers.energy_rating_parser - WARNING - Total area for grouping related to '00X01:01XMMD' is 0.0. Per-area values will be set to absolute energy values (or 0 if energy is 0).
2025-08-02 14:47:22,978 - parsers.energy_rating_parser - WARNING - Total area for grouping related to '00X02:02XMMD' is 0.0. Per-area values will be set to absolute energy values (or 0 if energy is 0).
2025-08-02 14:47:22,978 - parsers.energy_rating_parser - WARNING - Total area for grouping related to '00X02:02XLIVING' is 0.0. Per-area values will be set to absolute energy values (or 0 if energy is 0).
2025-08-02 14:47:22,978 - parsers.energy_rating_parser - WARNING - Total area for grouping related to '00X03:03XLIVING' is 0.0. Per-area values will be set to absolute energy values (or 0 if energy is 0).
2025-08-02 14:47:22,978 - parsers.energy_rating_parser - WARNING - Total area for grouping related to '00X03:03XMMD' is 0.0. Per-area values will be set to absolute energy values (or 0 if energy is 0).
2025-08-02 14:47:22,978 - parsers.energy_rating_parser - WARNING - Total area for grouping related to '01X04:04XLIVING' is 0.0. Per-area values will be set to absolute energy values (or 0 if energy is 0).
2025-08-02 14:47:22,979 - parsers.energy_rating_parser - WARNING - Total area for grouping related to '01X04:04XMMD' is 0.0. Per-area values will be set to absolute energy values (or 0 if energy is 0).
2025-08-02 14:47:22,979 - parsers.energy_rating_parser - WARNING - Total area for grouping related to '01X05:05XMMD' is 0.0. Per-area values will be set to absolute energy values (or 0 if energy is 0).
2025-08-02 14:47:22,979 - parsers.energy_rating_parser - WARNING - Total area for grouping related to '01X05:05XLIVING' is 0.0. Per-area values will be set to absolute energy values (or 0 if energy is 0).
2025-08-02 14:47:22,979 - parsers.energy_rating_parser - WARNING - Total area for grouping related to '01X06:06XMMD' is 0.0. Per-area values will be set to absolute energy values (or 0 if energy is 0).
2025-08-02 14:47:22,979 - parsers.energy_rating_parser - WARNING - Total area for grouping related to '01X06:06XLIVING' is 0.0. Per-area values will be set to absolute energy values (or 0 if energy is 0).
2025-08-02 14:47:22,979 - parsers.energy_rating_parser - WARNING - Total area for grouping related to '01X07:07XLIVING' is 0.0. Per-area values will be set to absolute energy values (or 0 if energy is 0).
2025-08-02 14:47:22,979 - parsers.energy_rating_parser - WARNING - Total area for grouping related to '01X07:07XMMD' is 0.0. Per-area values will be set to absolute energy values (or 0 if energy is 0).
2025-08-02 14:47:22,979 - parsers.energy_rating_parser - WARNING - Total area for grouping related to '02X08:08XLIVING' is 0.0. Per-area values will be set to absolute energy values (or 0 if energy is 0).
2025-08-02 14:47:22,979 - parsers.energy_rating_parser - WARNING - Total area for grouping related to '02X08:08XMMD' is 0.0. Per-area values will be set to absolute energy values (or 0 if energy is 0).
2025-08-02 14:47:22,979 - parsers.energy_rating_parser - WARNING - Total area for grouping related to '02X09:09XMMD' is 0.0. Per-area values will be set to absolute energy values (or 0 if energy is 0).
2025-08-02 14:47:22,979 - parsers.energy_rating_parser - WARNING - Total area for grouping related to '02X09:09XLIVING' is 0.0. Per-area values will be set to absolute energy values (or 0 if energy is 0).
2025-08-02 14:47:22,979 - parsers.energy_rating_parser - WARNING - Total area for grouping related to '02X10:10XMMD' is 0.0. Per-area values will be set to absolute energy values (or 0 if energy is 0).
2025-08-02 14:47:22,979 - parsers.energy_rating_parser - WARNING - Total area for grouping related to '02X10:10XLIVING' is 0.0. Per-area values will be set to absolute energy values (or 0 if energy is 0).
2025-08-02 14:47:22,979 - parsers.energy_rating_parser - WARNING - Total area for grouping related to '02X11:11XLIVING' is 0.0. Per-area values will be set to absolute energy values (or 0 if energy is 0).
2025-08-02 14:47:22,979 - parsers.energy_rating_parser - WARNING - Total area for grouping related to '02X11:11XMMD' is 0.0. Per-area values will be set to absolute energy values (or 0 if energy is 0).
2025-08-02 14:47:22,979 - parsers.energy_rating_parser - WARNING - Total area for grouping related to '03X12:12XLIVING' is 0.0. Per-area values will be set to absolute energy values (or 0 if energy is 0).
2025-08-02 14:47:22,979 - parsers.energy_rating_parser - WARNING - Total area for grouping related to '03X12:12XMMD' is 0.0. Per-area values will be set to absolute energy values (or 0 if energy is 0).
2025-08-02 14:47:22,979 - parsers.energy_rating_parser - WARNING - Total area for grouping related to '03X13:13XMMD' is 0.0. Per-area values will be set to absolute energy values (or 0 if energy is 0).
2025-08-02 14:47:22,979 - parsers.energy_rating_parser - WARNING - Total area for grouping related to '03X13:13XLIVING' is 0.0. Per-area values will be set to absolute energy values (or 0 if energy is 0).
2025-08-02 14:47:22,979 - parsers.energy_rating_parser - WARNING - Total area for grouping related to '03X14:14XMMD' is 0.0. Per-area values will be set to absolute energy values (or 0 if energy is 0).
2025-08-02 14:47:22,979 - parsers.energy_rating_parser - WARNING - Total area for grouping related to '03X14:14XLIVING' is 0.0. Per-area values will be set to absolute energy values (or 0 if energy is 0).
2025-08-02 14:47:22,979 - parsers.energy_rating_parser - WARNING - Total area for grouping related to '03X15:15XLIVING' is 0.0. Per-area values will be set to absolute energy values (or 0 if energy is 0).
2025-08-02 14:47:22,979 - parsers.energy_rating_parser - WARNING - Total area for grouping related to '03X15:15XMMD' is 0.0. Per-area values will be set to absolute energy values (or 0 if energy is 0).
2025-08-02 14:47:22,979 - parsers.energy_rating_parser - WARNING - Total area for grouping related to '04X16:16XLIVING' is 0.0. Per-area values will be set to absolute energy values (or 0 if energy is 0).
2025-08-02 14:47:22,979 - parsers.energy_rating_parser - WARNING - Total area for grouping related to '04X16:16XMMD' is 0.0. Per-area values will be set to absolute energy values (or 0 if energy is 0).
2025-08-02 14:47:22,979 - parsers.energy_rating_parser - WARNING - Total area for grouping related to '04X17:17XMMD' is 0.0. Per-area values will be set to absolute energy values (or 0 if energy is 0).
2025-08-02 14:47:22,979 - parsers.energy_rating_parser - WARNING - Total area for grouping related to '04X17:17XLIVING' is 0.0. Per-area values will be set to absolute energy values (or 0 if energy is 0).
2025-08-02 14:47:22,979 - parsers.energy_rating_parser - WARNING - Total area for grouping related to '04X18:18XMMD' is 0.0. Per-area values will be set to absolute energy values (or 0 if energy is 0).
2025-08-02 14:47:22,979 - parsers.energy_rating_parser - WARNING - Total area for grouping related to '04X18:18XLIVING' is 0.0. Per-area values will be set to absolute energy values (or 0 if energy is 0).
2025-08-02 14:47:22,979 - parsers.energy_rating_parser - WARNING - Total area for grouping related to '04X19:19XLIVING' is 0.0. Per-area values will be set to absolute energy values (or 0 if energy is 0).
2025-08-02 14:47:22,979 - parsers.energy_rating_parser - WARNING - Total area for grouping related to '04X19:19XMMD' is 0.0. Per-area values will be set to absolute energy values (or 0 if energy is 0).
2025-08-02 14:47:22,979 - parsers.energy_rating_parser - WARNING - Total area for grouping related to '05X20:20XLIVING' is 0.0. Per-area values will be set to absolute energy values (or 0 if energy is 0).
2025-08-02 14:47:22,979 - parsers.energy_rating_parser - WARNING - Total area for grouping related to '05X20:20XMMD' is 0.0. Per-area values will be set to absolute energy values (or 0 if energy is 0).
2025-08-02 14:47:22,979 - parsers.energy_rating_parser - WARNING - Total area for grouping related to '05X21:21XMMD' is 0.0. Per-area values will be set to absolute energy values (or 0 if energy is 0).
2025-08-02 14:47:22,979 - parsers.energy_rating_parser - WARNING - Total area for grouping related to '05X21:21XLIVING' is 0.0. Per-area values will be set to absolute energy values (or 0 if energy is 0).
2025-08-02 14:47:22,979 - parsers.energy_rating_parser - WARNING - Total area for grouping related to '05X22:22XMMD' is 0.0. Per-area values will be set to absolute energy values (or 0 if energy is 0).
2025-08-02 14:47:22,979 - parsers.energy_rating_parser - WARNING - Total area for grouping related to '05X22:22XLIVING' is 0.0. Per-area values will be set to absolute energy values (or 0 if energy is 0).
2025-08-02 14:47:22,979 - parsers.energy_rating_parser - WARNING - Total area for grouping related to '05X23:23XLIVING' is 0.0. Per-area values will be set to absolute energy values (or 0 if energy is 0).
2025-08-02 14:47:22,979 - parsers.energy_rating_parser - WARNING - Total area for grouping related to '05X23:23XMMD' is 0.0. Per-area values will be set to absolute energy values (or 0 if energy is 0).
2025-08-02 14:47:22,979 - parsers.energy_rating_parser - WARNING - Total area for grouping related to '06X24:24XLIVING' is 0.0. Per-area values will be set to absolute energy values (or 0 if energy is 0).
2025-08-02 14:47:22,979 - parsers.energy_rating_parser - WARNING - Total area for grouping related to '06X24:24XMMD' is 0.0. Per-area values will be set to absolute energy values (or 0 if energy is 0).
2025-08-02 14:47:22,979 - parsers.energy_rating_parser - WARNING - Total area for grouping related to '06X26:26XLIVING' is 0.0. Per-area values will be set to absolute energy values (or 0 if energy is 0).
2025-08-02 14:47:22,979 - parsers.energy_rating_parser - WARNING - Total area for grouping related to '06X26:26XMMD' is 0.0. Per-area values will be set to absolute energy values (or 0 if energy is 0).
2025-08-02 14:47:22,979 - parsers.energy_rating_parser - WARNING - Total area for grouping related to '06X25:25XMMD' is 0.0. Per-area values will be set to absolute energy values (or 0 if energy is 0).
2025-08-02 14:47:22,979 - parsers.energy_rating_parser - WARNING - Total area for grouping related to '06X25:25XLIVING' is 0.0. Per-area values will be set to absolute energy values (or 0 if energy is 0).
2025-08-02 14:47:22,979 - parsers.energy_rating_parser - WARNING - Total area for grouping related to '07X27:27XLIVING' is 0.0. Per-area values will be set to absolute energy values (or 0 if energy is 0).
2025-08-02 14:47:22,979 - parsers.energy_rating_parser - WARNING - Total area for grouping related to '07X27:27XMMD' is 0.0. Per-area values will be set to absolute energy values (or 0 if energy is 0).
2025-08-02 14:47:22,979 - parsers.energy_rating_parser - WARNING - Total area for grouping related to '07X28:28XMMD' is 0.0. Per-area values will be set to absolute energy values (or 0 if energy is 0).
2025-08-02 14:47:22,979 - parsers.energy_rating_parser - WARNING - Total area for grouping related to '07X28:28XLIVING' is 0.0. Per-area values will be set to absolute energy values (or 0 if energy is 0).
2025-08-02 14:47:22,981 - gui - INFO - GUI: Processing automatic validation data...
2025-08-02 14:47:22,981 - processing_manager - INFO - Automatic validation: Raw ISO type 'RESIDNTIAL 2017' -> Mapped to '2017'
2025-08-02 14:47:22,982 - parsers.automatic_error_detection_parser - INFO - Settings validation completed. Found 1 issues
2025-08-02 14:47:23,000 - gui - INFO - GUI: ✅ Automatic validation data processed successfully
2025-08-02 14:47:23,010 - gui - INFO - GUI: Extracting processed data...
2025-08-02 14:47:23,576 - gui - INFO - GUI: Generating reports...
2025-08-02 14:47:23,579 - gui - INFO - GUI: Generating Settings report...
2025-08-02 14:47:23,592 - utils.hebrew_text_utils - INFO - Successfully registered Hebrew font: C:/Windows/Fonts/arial.ttf
2025-08-02 14:47:23,679 - gui - INFO - GUI: Settings report generated successfully at C:/Users/daniel/Desktop\reports-02-08-2025-14-45-57\settings.pdf
2025-08-02 14:47:23,687 - gui - INFO - GUI: Generating Schedules report...
2025-08-02 14:47:23,772 - gui - INFO - GUI: Schedules report generated successfully at C:/Users/daniel/Desktop\reports-02-08-2025-14-45-57\schedules.pdf
2025-08-02 14:47:23,779 - gui - INFO - GUI: Generating Loads report...
2025-08-02 14:47:24,044 - gui - INFO - GUI: Loads report generated successfully at C:/Users/daniel/Desktop\reports-02-08-2025-14-45-57\loads.pdf
2025-08-02 14:47:24,053 - gui - INFO - GUI: Generating Materials report...
2025-08-02 14:47:24,188 - generators.base_report_generator - INFO - Successfully built document
2025-08-02 14:47:24,190 - gui - INFO - GUI: Materials report generated successfully at C:/Users/daniel/Desktop\reports-02-08-2025-14-45-57\materials.pdf
2025-08-02 14:47:24,197 - gui - INFO - GUI: Generating Area (Zones) reports with base zone grouping...
2025-08-02 14:47:24,198 - parsers.materials_parser - INFO - Starting element data processing
2025-08-02 14:47:24,198 - parsers.materials_parser - INFO - Processing 9 filtered constructions
2025-08-02 14:47:24,198 - parsers.materials_parser - INFO - Construction '_Floor 501_3cm' has element types: ['External floor', 'Separation floor', 'Ground floor'], dont_use: False
2025-08-02 14:47:24,201 - parsers.materials_parser - INFO - Construction '_IntFloor1_Reversed' has element types: ['Separation ceiling', 'Intermediate ceiling'], dont_use: False
2025-08-02 14:47:24,203 - parsers.materials_parser - INFO - Construction '_IntPartition' has element types: ['Internal wall'], dont_use: False
2025-08-02 14:47:24,204 - parsers.materials_parser - INFO - Construction '_ExtWall 201_5cm' has element types: ['External wall', 'Ground wall'], dont_use: False
2025-08-02 14:47:24,206 - parsers.materials_parser - INFO - Construction '_Core_401 3 cm' has element types: ['Separation wall'], dont_use: False
2025-08-02 14:47:24,206 - parsers.materials_parser - INFO - Construction '_ExtWall 201_5cm MMD' has element types: ['External wall'], dont_use: False
2025-08-02 14:47:24,207 - parsers.materials_parser - INFO - Construction '_Roof 564_5 cm' has element types: ['Roof'], dont_use: False
2025-08-02 14:47:24,207 - parsers.materials_parser - WARNING - Processing _IntFloor1 surface 1/5: '00:CORE_Floor_0_0_0'
2025-08-02 14:47:24,207 - parsers.materials_parser - WARNING -   Surface type: Floor
2025-08-02 14:47:24,207 - parsers.materials_parser - WARNING -   Boundary condition: Surface
2025-08-02 14:47:24,207 - parsers.materials_parser - WARNING -   Is glazing: False
2025-08-02 14:47:24,207 - parsers.materials_parser - WARNING - HVAC detection failed for surface '00:CORE_Floor_0_0_0' (construction: _IntFloor1): construction_zone='00:core', outside_zone='000:core', hvac_zones_count=56
2025-08-02 14:47:24,207 - parsers.materials_parser - WARNING -   Available HVAC zones: ['00X01:01XLIVING', '00X01:01XMMD', '00X02:02XMMD', '00X02:02XLIVING', '00X03:03XLIVING']
2025-08-02 14:47:24,207 - parsers.materials_parser - WARNING -   HVAC check: has_hvac=False, is_zone_interior=False
2025-08-02 14:47:24,207 - parsers.materials_parser - WARNING -   Element type determined: 'Separation floor'
2025-08-02 14:47:24,207 - parsers.materials_parser - WARNING -   -> Added to element types: 'Separation floor'
2025-08-02 14:47:24,207 - parsers.materials_parser - WARNING - Processing _IntFloor1 surface 2/5: '00:CORE_Floor_0_0_1'
2025-08-02 14:47:24,207 - parsers.materials_parser - WARNING -   Surface type: Floor
2025-08-02 14:47:24,207 - parsers.materials_parser - WARNING -   Boundary condition: Surface
2025-08-02 14:47:24,207 - parsers.materials_parser - WARNING -   Is glazing: False
2025-08-02 14:47:24,207 - parsers.materials_parser - WARNING - HVAC detection failed for surface '00:CORE_Floor_0_0_1' (construction: _IntFloor1): construction_zone='00:core', outside_zone='000:core', hvac_zones_count=56
2025-08-02 14:47:24,207 - parsers.materials_parser - WARNING -   Available HVAC zones: ['00X01:01XLIVING', '00X01:01XMMD', '00X02:02XMMD', '00X02:02XLIVING', '00X03:03XLIVING']
2025-08-02 14:47:24,207 - parsers.materials_parser - WARNING -   HVAC check: has_hvac=False, is_zone_interior=False
2025-08-02 14:47:24,207 - parsers.materials_parser - WARNING -   Element type determined: 'Separation floor'
2025-08-02 14:47:24,208 - parsers.materials_parser - WARNING -   -> Added to element types: 'Separation floor'
2025-08-02 14:47:24,208 - parsers.materials_parser - WARNING - Processing _IntFloor1 surface 3/5: '00:CORE_Floor_0_0_2'
2025-08-02 14:47:24,208 - parsers.materials_parser - WARNING -   Surface type: Floor
2025-08-02 14:47:24,208 - parsers.materials_parser - WARNING -   Boundary condition: Surface
2025-08-02 14:47:24,208 - parsers.materials_parser - WARNING -   Is glazing: False
2025-08-02 14:47:24,208 - parsers.materials_parser - WARNING - HVAC detection failed for surface '00:CORE_Floor_0_0_2' (construction: _IntFloor1): construction_zone='00:core', outside_zone='000:core', hvac_zones_count=56
2025-08-02 14:47:24,208 - parsers.materials_parser - WARNING -   Available HVAC zones: ['00X01:01XLIVING', '00X01:01XMMD', '00X02:02XMMD', '00X02:02XLIVING', '00X03:03XLIVING']
2025-08-02 14:47:24,208 - parsers.materials_parser - WARNING -   HVAC check: has_hvac=False, is_zone_interior=False
2025-08-02 14:47:24,208 - parsers.materials_parser - WARNING -   Element type determined: 'Separation floor'
2025-08-02 14:47:24,208 - parsers.materials_parser - WARNING -   -> Added to element types: 'Separation floor'
2025-08-02 14:47:24,208 - parsers.materials_parser - WARNING - Processing _IntFloor1 surface 4/5: '00:CORE_Floor_0_0_3'
2025-08-02 14:47:24,208 - parsers.materials_parser - WARNING -   Surface type: Floor
2025-08-02 14:47:24,208 - parsers.materials_parser - WARNING -   Boundary condition: Surface
2025-08-02 14:47:24,208 - parsers.materials_parser - WARNING -   Is glazing: False
2025-08-02 14:47:24,208 - parsers.materials_parser - WARNING - HVAC detection failed for surface '00:CORE_Floor_0_0_3' (construction: _IntFloor1): construction_zone='00:core', outside_zone='000:core', hvac_zones_count=56
2025-08-02 14:47:24,208 - parsers.materials_parser - WARNING -   Available HVAC zones: ['00X01:01XLIVING', '00X01:01XMMD', '00X02:02XMMD', '00X02:02XLIVING', '00X03:03XLIVING']
2025-08-02 14:47:24,208 - parsers.materials_parser - WARNING -   HVAC check: has_hvac=False, is_zone_interior=False
2025-08-02 14:47:24,208 - parsers.materials_parser - WARNING -   Element type determined: 'Separation floor'
2025-08-02 14:47:24,209 - parsers.materials_parser - WARNING -   -> Added to element types: 'Separation floor'
2025-08-02 14:47:24,209 - parsers.materials_parser - WARNING - Processing _IntFloor1 surface 5/5: '00:CORE_Floor_0_0_4'
2025-08-02 14:47:24,209 - parsers.materials_parser - WARNING -   Surface type: Floor
2025-08-02 14:47:24,209 - parsers.materials_parser - WARNING -   Boundary condition: Surface
2025-08-02 14:47:24,209 - parsers.materials_parser - WARNING -   Is glazing: False
2025-08-02 14:47:24,209 - parsers.materials_parser - WARNING - HVAC detection failed for surface '00:CORE_Floor_0_0_4' (construction: _IntFloor1): construction_zone='00:core', outside_zone='000:core', hvac_zones_count=56
2025-08-02 14:47:24,209 - parsers.materials_parser - WARNING -   Available HVAC zones: ['00X01:01XLIVING', '00X01:01XMMD', '00X02:02XMMD', '00X02:02XLIVING', '00X03:03XLIVING']
2025-08-02 14:47:24,209 - parsers.materials_parser - WARNING -   HVAC check: has_hvac=False, is_zone_interior=False
2025-08-02 14:47:24,209 - parsers.materials_parser - WARNING -   Element type determined: 'Separation floor'
2025-08-02 14:47:24,209 - parsers.materials_parser - WARNING -   -> Added to element types: 'Separation floor'
2025-08-02 14:47:24,209 - parsers.materials_parser - WARNING - Element type detection issue for '_IntFloor1': types=['Separation floor'], dont_use=True, surfaces_count=5
2025-08-02 14:47:24,209 - parsers.materials_parser - WARNING -   Surface 1: name='00:CORE_Floor_0_0_0', type='Floor', boundary='Surface'
2025-08-02 14:47:24,209 - parsers.materials_parser - WARNING -   Surface 2: name='00:CORE_Floor_0_0_1', type='Floor', boundary='Surface'
2025-08-02 14:47:24,209 - parsers.materials_parser - WARNING -   Surface 3: name='00:CORE_Floor_0_0_2', type='Floor', boundary='Surface'
2025-08-02 14:47:24,209 - parsers.materials_parser - WARNING - Construction '_IntFloor1' issue - Surfaces: 5, HVAC surfaces: 0, Element types: ['Separation floor'], Dont_use: True
2025-08-02 14:47:24,209 - parsers.materials_parser - INFO - Construction '_IntFloor1' has element types: ['Separation floor'], dont_use: True
2025-08-02 14:47:24,209 - parsers.materials_parser - INFO - Construction '_Floor 501_3cm_Reversed' has element types: ['Separation ceiling'], dont_use: False
2025-08-02 14:47:24,210 - parsers.materials_parser - INFO - Element data processing complete: 58 entries created, 1 constructions skipped
2025-08-02 14:47:24,210 - parsers.materials_parser - INFO - === CONSTRUCTION SKIP SUMMARY ===
2025-08-02 14:47:24,210 - parsers.materials_parser - INFO - Total constructions processed: 9
2025-08-02 14:47:24,210 - parsers.materials_parser - INFO - Total constructions skipped: 1
2025-08-02 14:47:24,210 - parsers.materials_parser - INFO - Constructions skipped due to 'dont_use' flag (1): ['_IntFloor1']
2025-08-02 14:47:24,210 - parsers.materials_parser - INFO - === END CONSTRUCTION SKIP SUMMARY ===
2025-08-02 14:47:24,210 - parsers.area_parser - INFO - Base zone groupings created:
2025-08-02 14:47:24,210 - parsers.area_parser - INFO -   00X01:01 -> ['00X01:01XLIVING', '00X01:01XMMD']
2025-08-02 14:47:24,210 - parsers.area_parser - INFO -   00X02:02 -> ['00X02:02XMMD', '00X02:02XLIVING']
2025-08-02 14:47:24,210 - parsers.area_parser - INFO -   00X03:03 -> ['00X03:03XLIVING', '00X03:03XMMD']
2025-08-02 14:47:24,210 - parsers.area_parser - INFO -   01X04:04 -> ['01X04:04XLIVING', '01X04:04XMMD']
2025-08-02 14:47:24,210 - parsers.area_parser - INFO -   01X05:05 -> ['01X05:05XMMD', '01X05:05XLIVING']
2025-08-02 14:47:24,210 - parsers.area_parser - INFO -   01X06:06 -> ['01X06:06XMMD', '01X06:06XLIVING']
2025-08-02 14:47:24,210 - parsers.area_parser - INFO -   01X07:07 -> ['01X07:07XLIVING', '01X07:07XMMD']
2025-08-02 14:47:24,210 - parsers.area_parser - INFO -   02X08:08 -> ['02X08:08XLIVING', '02X08:08XMMD']
2025-08-02 14:47:24,210 - parsers.area_parser - INFO -   02X09:09 -> ['02X09:09XMMD', '02X09:09XLIVING']
2025-08-02 14:47:24,210 - parsers.area_parser - INFO -   02X10:10 -> ['02X10:10XMMD', '02X10:10XLIVING']
2025-08-02 14:47:24,210 - parsers.area_parser - INFO -   02X11:11 -> ['02X11:11XLIVING', '02X11:11XMMD']
2025-08-02 14:47:24,210 - parsers.area_parser - INFO -   03X12:12 -> ['03X12:12XLIVING', '03X12:12XMMD']
2025-08-02 14:47:24,210 - parsers.area_parser - INFO -   03X13:13 -> ['03X13:13XMMD', '03X13:13XLIVING']
2025-08-02 14:47:24,210 - parsers.area_parser - INFO -   03X14:14 -> ['03X14:14XMMD', '03X14:14XLIVING']
2025-08-02 14:47:24,210 - parsers.area_parser - INFO -   03X15:15 -> ['03X15:15XLIVING', '03X15:15XMMD']
2025-08-02 14:47:24,210 - parsers.area_parser - INFO -   04X16:16 -> ['04X16:16XLIVING', '04X16:16XMMD']
2025-08-02 14:47:24,210 - parsers.area_parser - INFO -   04X17:17 -> ['04X17:17XMMD', '04X17:17XLIVING']
2025-08-02 14:47:24,210 - parsers.area_parser - INFO -   04X18:18 -> ['04X18:18XMMD', '04X18:18XLIVING']
2025-08-02 14:47:24,210 - parsers.area_parser - INFO -   04X19:19 -> ['04X19:19XLIVING', '04X19:19XMMD']
2025-08-02 14:47:24,210 - parsers.area_parser - INFO -   05X20:20 -> ['05X20:20XLIVING', '05X20:20XMMD']
2025-08-02 14:47:24,210 - parsers.area_parser - INFO -   05X21:21 -> ['05X21:21XMMD', '05X21:21XLIVING']
2025-08-02 14:47:24,210 - parsers.area_parser - INFO -   05X22:22 -> ['05X22:22XMMD', '05X22:22XLIVING']
2025-08-02 14:47:24,210 - parsers.area_parser - INFO -   05X23:23 -> ['05X23:23XLIVING', '05X23:23XMMD']
2025-08-02 14:47:24,210 - parsers.area_parser - INFO -   06X24:24 -> ['06X24:24XLIVING', '06X24:24XMMD']
2025-08-02 14:47:24,210 - parsers.area_parser - INFO -   06X26:26 -> ['06X26:26XLIVING', '06X26:26XMMD']
2025-08-02 14:47:24,210 - parsers.area_parser - INFO -   06X25:25 -> ['06X25:25XMMD', '06X25:25XLIVING']
2025-08-02 14:47:24,210 - parsers.area_parser - INFO -   07X27:27 -> ['07X27:27XLIVING', '07X27:27XMMD']
2025-08-02 14:47:24,210 - parsers.area_parser - INFO -   07X28:28 -> ['07X28:28XMMD', '07X28:28XLIVING']
2025-08-02 14:47:24,211 - parsers.area_parser - INFO - Grouping statistics:
2025-08-02 14:47:24,211 - parsers.area_parser - INFO -   Total base zones: 37
2025-08-02 14:47:24,211 - parsers.area_parser - INFO -   Multi-zone groups: 28
2025-08-02 14:47:24,211 - parsers.area_parser - INFO -   Single-zone groups: 9
2025-08-02 14:47:24,211 - parsers.area_parser - INFO -   Total individual zones: 65
2025-08-02 14:47:24,211 - parsers.area_parser - INFO -   Example multi-zone groups: ['00X01:01', '00X02:02', '00X03:03', '01X04:04', '01X05:05']
2025-08-02 14:47:24,211 - generators.area_report_generator - INFO - Found 37 base zone groups
2025-08-02 14:47:25,847 - generators.area_report_generator - INFO - Generating base zone area report for: 00X01:01 (includes 2 zones)
2025-08-02 14:47:25,907 - generators.base_report_generator - INFO - Successfully built document
2025-08-02 14:47:25,908 - generators.area_report_generator - INFO - Generating base zone area report for: 00X02:02 (includes 2 zones)
2025-08-02 14:47:25,977 - generators.base_report_generator - INFO - Successfully built document
2025-08-02 14:47:25,977 - generators.area_report_generator - INFO - Generating base zone area report for: 00X03:03 (includes 2 zones)
2025-08-02 14:47:26,039 - generators.base_report_generator - INFO - Successfully built document
2025-08-02 14:47:26,039 - generators.area_report_generator - INFO - Generating base zone area report for: 01X04:04 (includes 2 zones)
2025-08-02 14:47:26,101 - generators.base_report_generator - INFO - Successfully built document
2025-08-02 14:47:26,101 - generators.area_report_generator - INFO - Generating base zone area report for: 01X05:05 (includes 2 zones)
2025-08-02 14:47:26,162 - generators.base_report_generator - INFO - Successfully built document
2025-08-02 14:47:26,162 - generators.area_report_generator - INFO - Generating base zone area report for: 01X06:06 (includes 2 zones)
2025-08-02 14:47:26,225 - generators.base_report_generator - INFO - Successfully built document
2025-08-02 14:47:26,225 - generators.area_report_generator - INFO - Generating base zone area report for: 01X07:07 (includes 2 zones)
2025-08-02 14:47:26,286 - generators.base_report_generator - INFO - Successfully built document
2025-08-02 14:47:26,286 - generators.area_report_generator - INFO - Generating base zone area report for: 02X08:08 (includes 2 zones)
2025-08-02 14:47:26,348 - generators.base_report_generator - INFO - Successfully built document
2025-08-02 14:47:26,348 - generators.area_report_generator - INFO - Generating base zone area report for: 02X09:09 (includes 2 zones)
2025-08-02 14:47:26,410 - generators.base_report_generator - INFO - Successfully built document
2025-08-02 14:47:26,410 - generators.area_report_generator - INFO - Generating base zone area report for: 02X10:10 (includes 2 zones)
2025-08-02 14:47:26,472 - generators.base_report_generator - INFO - Successfully built document
2025-08-02 14:47:26,472 - generators.area_report_generator - INFO - Generating base zone area report for: 02X11:11 (includes 2 zones)
2025-08-02 14:47:26,535 - generators.base_report_generator - INFO - Successfully built document
2025-08-02 14:47:26,536 - generators.area_report_generator - INFO - Generating base zone area report for: 03X12:12 (includes 2 zones)
2025-08-02 14:47:26,597 - generators.base_report_generator - INFO - Successfully built document
2025-08-02 14:47:26,598 - generators.area_report_generator - INFO - Generating base zone area report for: 03X13:13 (includes 2 zones)
2025-08-02 14:47:26,663 - generators.base_report_generator - INFO - Successfully built document
2025-08-02 14:47:26,663 - generators.area_report_generator - INFO - Generating base zone area report for: 03X14:14 (includes 2 zones)
2025-08-02 14:47:26,730 - generators.base_report_generator - INFO - Successfully built document
2025-08-02 14:47:26,730 - generators.area_report_generator - INFO - Generating base zone area report for: 03X15:15 (includes 2 zones)
2025-08-02 14:47:26,791 - generators.base_report_generator - INFO - Successfully built document
2025-08-02 14:47:26,792 - generators.area_report_generator - INFO - Generating base zone area report for: 04X16:16 (includes 2 zones)
2025-08-02 14:47:26,854 - generators.base_report_generator - INFO - Successfully built document
2025-08-02 14:47:26,854 - generators.area_report_generator - INFO - Generating base zone area report for: 04X17:17 (includes 2 zones)
2025-08-02 14:47:26,920 - generators.base_report_generator - INFO - Successfully built document
2025-08-02 14:47:26,920 - generators.area_report_generator - INFO - Generating base zone area report for: 04X18:18 (includes 2 zones)
2025-08-02 14:47:26,980 - generators.base_report_generator - INFO - Successfully built document
2025-08-02 14:47:26,980 - generators.area_report_generator - INFO - Generating base zone area report for: 04X19:19 (includes 2 zones)
2025-08-02 14:47:27,041 - generators.base_report_generator - INFO - Successfully built document
2025-08-02 14:47:27,041 - generators.area_report_generator - INFO - Generating base zone area report for: 05X20:20 (includes 2 zones)
2025-08-02 14:47:27,102 - generators.base_report_generator - INFO - Successfully built document
2025-08-02 14:47:27,103 - generators.area_report_generator - INFO - Generating base zone area report for: 05X21:21 (includes 2 zones)
2025-08-02 14:47:27,165 - generators.base_report_generator - INFO - Successfully built document
2025-08-02 14:47:27,165 - generators.area_report_generator - INFO - Generating base zone area report for: 05X22:22 (includes 2 zones)
2025-08-02 14:47:27,226 - generators.base_report_generator - INFO - Successfully built document
2025-08-02 14:47:27,226 - generators.area_report_generator - INFO - Generating base zone area report for: 05X23:23 (includes 2 zones)
2025-08-02 14:47:27,286 - generators.base_report_generator - INFO - Successfully built document
2025-08-02 14:47:27,286 - generators.area_report_generator - INFO - Generating base zone area report for: 06X24:24 (includes 2 zones)
2025-08-02 14:47:27,347 - generators.base_report_generator - INFO - Successfully built document
2025-08-02 14:47:27,347 - generators.area_report_generator - INFO - Generating base zone area report for: 06X26:26 (includes 2 zones)
2025-08-02 14:47:27,415 - generators.base_report_generator - INFO - Successfully built document
2025-08-02 14:47:27,416 - generators.area_report_generator - INFO - Generating base zone area report for: 06X25:25 (includes 2 zones)
2025-08-02 14:47:27,480 - generators.base_report_generator - INFO - Successfully built document
2025-08-02 14:47:27,480 - generators.area_report_generator - INFO - Generating base zone area report for: 07X27:27 (includes 2 zones)
2025-08-02 14:47:27,544 - generators.base_report_generator - INFO - Successfully built document
2025-08-02 14:47:27,544 - generators.area_report_generator - INFO - Generating base zone area report for: 07X28:28 (includes 2 zones)
2025-08-02 14:47:27,605 - generators.base_report_generator - INFO - Successfully built document
2025-08-02 14:47:27,606 - gui - INFO - GUI: Area (Zones) reports with base zone grouping generation attempted.
2025-08-02 14:47:27,614 - gui - INFO - GUI: Generating Glazing report...
2025-08-02 14:47:27,689 - generators.base_report_generator - INFO - Successfully built document
2025-08-02 14:47:27,690 - gui - INFO - GUI: Glazing report generated successfully at C:/Users/daniel/Desktop\reports-02-08-2025-14-45-57\glazing.pdf
2025-08-02 14:47:27,699 - gui - INFO - GUI: Generating Lighting report...
2025-08-02 14:47:27,756 - gui - INFO - GUI: Lighting report generated successfully at C:/Users/daniel/Desktop\reports-02-08-2025-14-45-57\lighting.pdf
2025-08-02 14:47:27,772 - gui - INFO - GUI: Generating Natural Ventilation report...
2025-08-02 14:47:27,897 - generators.natural_ventilation_report_generator - INFO - Natural ventilation report generated successfully: C:/Users/daniel/Desktop\reports-02-08-2025-14-45-57\natural-ventilation.pdf
2025-08-02 14:47:27,898 - gui - INFO - GUI: Natural Ventilation report generated successfully at C:/Users/daniel/Desktop\reports-02-08-2025-14-45-57\natural-ventilation.pdf
2025-08-02 14:47:27,906 - gui - INFO - GUI: Generating Automatic Validation report...
2025-08-02 14:47:27,906 - generators.automatic_error_detection_report_generator - INFO - Starting automatic validation report generation: C:/Users/daniel/Desktop\reports-02-08-2025-14-45-57\automatic-validation.pdf
2025-08-02 14:47:28,237 - generators.automatic_error_detection_report_generator - INFO - Automatic error detection report generated successfully: C:/Users/daniel/Desktop\reports-02-08-2025-14-45-57\automatic-validation.pdf
2025-08-02 14:47:28,239 - gui - INFO - GUI: Automatic Validation report generated successfully at C:/Users/daniel/Desktop\reports-02-08-2025-14-45-57\automatic-validation.pdf
2025-08-02 14:47:28,247 - gui - INFO - GUI: Generating Energy Rating report (PDF)...
2025-08-02 14:47:28,248 - gui - INFO - GUI: Energy Rating: Using Latin area letter 'B' for 2017 model
2025-08-02 14:47:28,250 - gui - INFO - GUI: Energy Rating Report: Using City='ראשון לציון - מרכז', Year=2017, AreaDef='B'
2025-08-02 14:47:28,346 - gui - INFO - GUI: Energy Rating report generated successfully at C:/Users/daniel/Desktop\reports-02-08-2025-14-45-57\energy-rating.pdf
2025-08-02 14:47:28,369 - generators.energy_rating_report_generator - INFO - _calculate_total_energy_rating: weighted_sum_numerator=12168.05, denominator=2478.88, raw_average=4.91
2025-08-02 14:47:28,369 - generators.energy_rating_report_generator - INFO - _calculate_total_energy_rating: Calculated final_score = 5, letter_grade = +A
2025-08-02 14:47:28,459 - generators.energy_rating_report_generator - INFO - Generated Hebrew total energy rating report: C:/Users/daniel/Desktop\reports-02-08-2025-14-45-57\total-energy-rating.pdf
2025-08-02 14:47:28,459 - gui - INFO - GUI: Total Energy Rating report generated successfully at C:/Users/daniel/Desktop\reports-02-08-2025-14-45-57\total-energy-rating.pdf
2025-08-02 14:47:28,469 - gui - INFO - GUI: Processing completed successfully!
2025-08-02 14:47:28,471 - gui - INFO - GUI: All reports generated successfully!
