2025-08-13 23:49:45,230 - flet - INFO - Assets path configured: C:\Users\daniel\Desktop\idf-reader\assets
2025-08-13 23:49:45,231 - flet - INFO - Starting up TCP server on localhost:57765
2025-08-13 23:49:45,235 - flet - INFO - Flet app has started...
2025-08-13 23:49:46,573 - flet - INFO - App URL: tcp://localhost:57765
2025-08-13 23:49:46,573 - flet_desktop - INFO - Starting Flet View app...
2025-08-13 23:49:46,574 - flet_desktop - INFO - Looking for Flet executable at: C:\Users\daniel\Desktop\idf-reader\venv\Lib\site-packages\flet_desktop\app\flet\flet.exe
2025-08-13 23:49:46,574 - flet_desktop - INFO - Flet View found in: C:\Users\daniel\Desktop\idf-reader\venv\Lib\site-packages\flet_desktop\app\flet\flet.exe
2025-08-13 23:49:46,798 - flet - INFO - App session started
2025-08-13 23:49:46,823 - modern_gui - INFO - Window icon set using: C:\Users\daniel\Desktop\idf-reader\data\logo.ico
2025-08-13 23:49:46,831 - modern_gui - INFO - GUI: 🎉 ברוכים הבאים! הגדירו את כל השדות כדי להתחיל בעיבוד.
2025-08-13 23:49:57,679 - modern_gui - INFO - GUI: נבחרה עיר: אילת, אזור: ד, קוד: 8
2025-08-13 23:50:00,317 - modern_gui - INFO - GUI: נבחרה עיר: אילת, אזור: ד, קוד: 8
2025-08-13 23:50:02,929 - modern_gui - INFO - GUI: נבחרה עיר: אילת, אזור: ד, קוד: 8
2025-08-13 23:50:06,576 - modern_gui - INFO - GUI: נבחרה עיר: בת ים, אזור: א, קוד: 1
2025-08-13 23:50:15,169 - modern_gui - INFO - GUI: נוצרו תיקיות פלט עבור ריצה: 13-08-2025-23-50-15
2025-08-13 23:50:15,172 - modern_gui - INFO - GUI: משתמש בקובץ מזג אוויר: C:\Users\daniel\Desktop\idf-reader\data\1.epw
2025-08-13 23:50:15,173 - modern_gui - INFO - GUI: מתחיל סימולציית EnergyPlus...
2025-08-13 23:50:15,189 - modern_gui - INFO - GUI: סימולציית EnergyPlus הושלמה בהצלחה!
2025-08-13 23:50:15,192 - modern_gui - WARNING - GUI: סימולציית EnergyPlus נכשלה. יצירת הדוחות עלולה להיות חלקית.
2025-08-13 23:50:15,193 - modern_gui - INFO - GUI: מתחיל עיבוד IDF ויצירת דוחות...
2025-08-13 23:50:15,196 - modern_gui - INFO - GUI: Initializing...
2025-08-13 23:50:15,199 - modern_gui - INFO - GUI: Successfully created directory: C:/Users/daniel/Desktop\reports-13-08-2025-23-50-15\zones
2025-08-13 23:50:15,203 - modern_gui - INFO - GUI: Loading IDF file...
2025-08-13 23:50:15,883 - utils.eppy_handler - INFO - Successfully loaded IDF file: C:/Users/daniel/Desktop/idf-reader/tests/lights.idf
2025-08-13 23:50:15,887 - utils.data_loader - INFO - Successfully loaded IDF file: C:/Users/daniel/Desktop/idf-reader/tests/lights.idf
2025-08-13 23:50:16,044 - utils.eppy_handler - INFO - Successfully loaded IDF file: C:/Users/daniel/Desktop/idf-reader/tests/lights.idf
2025-08-13 23:50:16,047 - modern_gui - INFO - GUI: Using city area 'א' for thermal loss calculations.
2025-08-13 23:50:16,048 - parsers.eplustbl_reader - INFO - Found eplustbl.csv at: tests\eplustbl-test.csv
2025-08-13 23:50:16,050 - modern_gui - INFO - GUI: Initializing parsers...
2025-08-13 23:50:16,051 - processing_manager - INFO - Climate zone mapping: area_name='א' -> climate_zone='A'
2025-08-13 23:50:16,054 - modern_gui - INFO - GUI: Processing settings...
2025-08-13 23:50:16,057 - modern_gui - INFO - GUI: Processing schedules...
2025-08-13 23:50:16,060 - modern_gui - INFO - GUI: Processing other data (loads, materials, area)...
2025-08-13 23:50:16,064 - modern_gui - INFO - GUI: Processing energy rating data...
2025-08-13 23:50:16,066 - modern_gui - WARNING - GUI: Warning: No simulation output CSV provided for EnergyRatingParser. Results may be incomplete.
2025-08-13 23:50:16,066 - parsers.energy_rating_parser - WARNING - Could not automatically find eplusout.csv based on IDF path or fallback locations.
2025-08-13 23:50:16,066 - parsers.energy_rating_parser - ERROR - EnergyPlus output file (eplusout.csv) not found. Tried path: auto-detection failed.
2025-08-13 23:50:16,068 - modern_gui - INFO - GUI: Processing automatic validation data...
2025-08-13 23:50:16,068 - processing_manager - INFO - Automatic validation: Raw ISO type 'RESIDNTIAL 2023' -> Mapped to '2023'
2025-08-13 23:50:16,070 - parsers.automatic_error_detection_parser - INFO - Settings validation completed. Found 2 issues
2025-08-13 23:50:16,075 - modern_gui - INFO - GUI: ✅ Automatic validation data processed successfully
2025-08-13 23:50:16,079 - modern_gui - INFO - GUI: Extracting processed data...
2025-08-13 23:50:16,084 - modern_gui - INFO - GUI: Generating reports...
2025-08-13 23:50:16,086 - modern_gui - INFO - GUI: Generating Settings report...
2025-08-13 23:50:16,100 - utils.hebrew_text_utils - INFO - Successfully registered Hebrew font: C:/Windows/Fonts/arial.ttf
2025-08-13 23:50:16,198 - modern_gui - INFO - GUI: Settings report generated successfully at C:/Users/daniel/Desktop\reports-13-08-2025-23-50-15\settings.pdf
2025-08-13 23:50:16,204 - modern_gui - INFO - GUI: Generating Schedules report...
2025-08-13 23:50:16,288 - modern_gui - INFO - GUI: Schedules report generated successfully at C:/Users/daniel/Desktop\reports-13-08-2025-23-50-15\schedules.pdf
2025-08-13 23:50:16,292 - modern_gui - INFO - GUI: Generating Loads report...
2025-08-13 23:50:16,353 - modern_gui - INFO - GUI: Loads report generated successfully at C:/Users/daniel/Desktop\reports-13-08-2025-23-50-15\loads.pdf
2025-08-13 23:50:16,358 - modern_gui - INFO - GUI: Generating Materials report...
2025-08-13 23:50:16,426 - generators.base_report_generator - INFO - Successfully built document
2025-08-13 23:50:16,429 - modern_gui - INFO - GUI: Materials report generated successfully at C:/Users/daniel/Desktop\reports-13-08-2025-23-50-15\materials.pdf
2025-08-13 23:50:16,434 - modern_gui - INFO - GUI: Generating Area (Zones) reports with base zone grouping...
2025-08-13 23:50:16,434 - generators.area_report_generator - INFO - Found 1 base zone groups
2025-08-13 23:50:16,434 - generators.area_report_generator - INFO - Generating base zone area report for: 00X00:NE (includes 1 zones)
2025-08-13 23:50:16,489 - generators.base_report_generator - INFO - Successfully built document
2025-08-13 23:50:16,492 - modern_gui - INFO - GUI: Area (Zones) reports with base zone grouping generation attempted.
2025-08-13 23:50:16,497 - modern_gui - INFO - GUI: Generating Glazing report...
2025-08-13 23:50:16,500 - modern_gui - ERROR - GUI: Glazing report generation failed or returned False (check console).
2025-08-13 23:50:16,505 - modern_gui - INFO - GUI: Generating Lighting report...
2025-08-13 23:50:16,563 - modern_gui - INFO - GUI: Lighting report generated successfully at C:/Users/daniel/Desktop\reports-13-08-2025-23-50-15\lighting.pdf
2025-08-13 23:50:16,571 - modern_gui - INFO - GUI: Generating Natural Ventilation report...
2025-08-13 23:50:16,622 - generators.natural_ventilation_report_generator - INFO - Natural ventilation report generated successfully (no data): C:/Users/daniel/Desktop\reports-13-08-2025-23-50-15\natural-ventilation.pdf
2025-08-13 23:50:16,625 - modern_gui - INFO - GUI: Natural Ventilation report generated successfully at C:/Users/daniel/Desktop\reports-13-08-2025-23-50-15\natural-ventilation.pdf
2025-08-13 23:50:16,631 - modern_gui - INFO - GUI: Generating Automatic Validation report...
2025-08-13 23:50:16,631 - generators.automatic_error_detection_report_generator - INFO - Starting automatic validation report generation: C:/Users/daniel/Desktop\reports-13-08-2025-23-50-15\automatic-validation.pdf
2025-08-13 23:50:16,695 - generators.automatic_error_detection_report_generator - INFO - Automatic error detection report generated successfully: C:/Users/daniel/Desktop\reports-13-08-2025-23-50-15\automatic-validation.pdf
2025-08-13 23:50:16,700 - modern_gui - INFO - GUI: Automatic Validation report generated successfully at C:/Users/daniel/Desktop\reports-13-08-2025-23-50-15\automatic-validation.pdf
2025-08-13 23:50:16,709 - modern_gui - INFO - GUI: Generating Energy Rating report (PDF)...
2025-08-13 23:50:16,714 - modern_gui - INFO - GUI: Energy Rating: Using numeric area code '1' for 2023 model
2025-08-13 23:50:16,719 - modern_gui - INFO - GUI: Energy Rating Report: Using City='בת ים', Year=2023, AreaDef='1'
2025-08-13 23:50:16,719 - parsers.energy_rating_parser - WARNING - Could not automatically find eplusout.csv based on IDF path or fallback locations.
2025-08-13 23:50:16,719 - parsers.energy_rating_parser - ERROR - EnergyPlus output file (eplusout.csv) not found. Tried path: auto-detection failed.
2025-08-13 23:50:16,720 - parsers.energy_rating_parser - WARNING - Energy data not processed. Call process_output() first. Returning empty list for rating table.
2025-08-13 23:50:16,774 - modern_gui - INFO - GUI: Energy Rating report generated successfully at C:/Users/daniel/Desktop\reports-13-08-2025-23-50-15\energy-rating.pdf
2025-08-13 23:50:16,774 - parsers.energy_rating_parser - WARNING - Could not automatically find eplusout.csv based on IDF path or fallback locations.
2025-08-13 23:50:16,774 - parsers.energy_rating_parser - ERROR - EnergyPlus output file (eplusout.csv) not found. Tried path: auto-detection failed.
2025-08-13 23:50:16,774 - parsers.energy_rating_parser - WARNING - Energy data not processed. Call process_output() first. Returning empty list for rating table.
2025-08-13 23:50:16,774 - generators.energy_rating_report_generator - WARNING - _calculate_total_energy_rating: raw_table_data is empty or None.
2025-08-13 23:50:16,826 - generators.energy_rating_report_generator - INFO - Generated Hebrew total energy rating report: C:/Users/daniel/Desktop\reports-13-08-2025-23-50-15\total-energy-rating.pdf
2025-08-13 23:50:16,830 - modern_gui - INFO - GUI: Total Energy Rating report generated successfully at C:/Users/daniel/Desktop\reports-13-08-2025-23-50-15\total-energy-rating.pdf
2025-08-13 23:50:16,836 - modern_gui - INFO - GUI: Processing completed successfully!
2025-08-13 23:50:16,839 - modern_gui - INFO - GUI: כל הדוחות נוצרו בהצלחה!
