2025-08-14 00:02:32,178 - flet - INFO - Assets path configured: C:\Users\daniel\Desktop\idf-reader\assets
2025-08-14 00:02:32,179 - flet - INFO - Starting up TCP server on localhost:62248
2025-08-14 00:02:32,182 - flet - INFO - Flet app has started...
2025-08-14 00:02:32,183 - flet - INFO - App URL: tcp://localhost:62248
2025-08-14 00:02:32,183 - flet_desktop - INFO - Starting Flet View app...
2025-08-14 00:02:32,183 - flet_desktop - INFO - Looking for Flet executable at: C:\Users\daniel\Desktop\idf-reader\venv\Lib\site-packages\flet_desktop\app\flet\flet.exe
2025-08-14 00:02:32,183 - flet_desktop - INFO - Flet View found in: C:\Users\daniel\Desktop\idf-reader\venv\Lib\site-packages\flet_desktop\app\flet\flet.exe
2025-08-14 00:02:32,397 - flet - INFO - App session started
2025-08-14 00:02:32,423 - modern_gui - INFO - Window icon set using ICO: C:\Users\daniel\Desktop\idf-reader\data\logo.ico
2025-08-14 00:02:32,428 - modern_gui - INFO - GUI:  专 ! 专 转  砖转  转 注.
2025-08-14 00:02:32,428 - modern_gui - INFO - Saving window settings: {'width': 1400, 'height': 1000, 'maximized': True, 'position_x': None, 'position_y': None}
2025-08-14 00:02:40,824 - modern_gui - INFO - Saving window settings: {'width': 1400, 'height': 1000, 'maximized': True, 'position_x': None, 'position_y': None}
2025-08-14 00:02:41,004 - modern_gui - INFO - Saving window settings: {'width': 1400, 'height': 1000, 'maximized': True, 'position_x': None, 'position_y': None}
2025-08-14 00:02:41,244 - modern_gui - INFO - Saving window settings: {'width': 1400, 'height': 1000, 'maximized': True, 'position_x': None, 'position_y': None}
2025-08-14 00:02:41,784 - modern_gui - INFO - Saving window settings: {'width': 1400, 'height': 1000, 'maximized': True, 'position_x': None, 'position_y': None}
2025-08-14 00:02:42,054 - modern_gui - INFO - Saving window settings: {'width': 1400, 'height': 1000, 'maximized': True, 'position_x': None, 'position_y': None}
2025-08-14 00:02:42,204 - modern_gui - INFO - Saving window settings: {'width': 1400, 'height': 1000, 'maximized': True, 'position_x': None, 'position_y': None}
2025-08-14 00:02:42,474 - modern_gui - INFO - Saving window settings: {'width': 1400, 'height': 1000, 'maximized': True, 'position_x': None, 'position_y': None}
2025-08-14 00:02:42,804 - modern_gui - INFO - GUI: 专 注专: 转, 专: , 拽: 8
2025-08-14 00:02:42,806 - modern_gui - INFO - Saving window settings: {'width': 1400, 'height': 1000, 'maximized': True, 'position_x': None, 'position_y': None}
2025-08-14 00:02:44,214 - modern_gui - INFO - Saving window settings: {'width': 1400, 'height': 1000, 'maximized': True, 'position_x': None, 'position_y': None}
2025-08-14 00:02:44,380 - modern_gui - INFO - Saving window settings: {'width': 1400, 'height': 1000, 'maximized': True, 'position_x': None, 'position_y': None}
2025-08-14 00:02:44,544 - modern_gui - INFO - Saving window settings: {'width': 1400, 'height': 1000, 'maximized': True, 'position_x': None, 'position_y': None}
2025-08-14 00:02:44,678 - modern_gui - INFO - Saving window settings: {'width': 1400, 'height': 1000, 'maximized': True, 'position_x': None, 'position_y': None}
2025-08-14 00:02:45,324 - modern_gui - INFO - Saving window settings: {'width': 1400, 'height': 1000, 'maximized': True, 'position_x': None, 'position_y': None}
2025-08-14 00:02:45,474 - modern_gui - INFO - Saving window settings: {'width': 1400, 'height': 1000, 'maximized': True, 'position_x': None, 'position_y': None}
2025-08-14 00:02:45,744 - modern_gui - INFO - Saving window settings: {'width': 1400, 'height': 1000, 'maximized': True, 'position_x': None, 'position_y': None}
2025-08-14 00:02:46,073 - modern_gui - INFO - Saving window settings: {'width': 1400, 'height': 1000, 'maximized': True, 'position_x': None, 'position_y': None}
2025-08-14 00:02:46,329 - modern_gui - INFO - GUI: 专 注专: 砖专转, 专: , 拽: 5
2025-08-14 00:02:46,330 - modern_gui - INFO - Saving window settings: {'width': 1400, 'height': 1000, 'maximized': True, 'position_x': None, 'position_y': None}
2025-08-14 00:02:48,390 - modern_gui - INFO - GUI: 专 注专: 砖专转, 专: , 拽: 5
2025-08-14 00:02:48,390 - modern_gui - INFO - Saving window settings: {'width': 1400, 'height': 1000, 'maximized': True, 'position_x': None, 'position_y': None}
