2025-08-01 12:33:37,369 - utils.eppy_handler - INFO - Successfully loaded IDF file: C:\Users\daniel\Desktop\idf-reader/tests/in.idf
2025-08-01 12:34:18,850 - utils.data_loader - INFO - Successfully loaded IDF file: C:\Users\daniel\Desktop\idf-reader/tests/in.idf
2025-08-01 12:34:22,770 - utils.eppy_handler - INFO - Successfully loaded IDF file: C:\Users\daniel\Desktop\idf-reader/tests/in.idf
2025-08-01 12:34:22,771 - parsers.eplustbl_reader - INFO - Found eplustbl.csv at: tests\eplustbl-test.csv
2025-08-01 12:34:22,819 - parsers.materials_parser - INFO - Starting element data processing
2025-08-01 12:34:22,829 - parsers.materials_parser - INFO - Processing 9 filtered constructions
2025-08-01 12:34:22,833 - parsers.materials_parser - INFO - Construction '_Floor 501_3cm' has element types: ['Ground floor', 'Separation floor', 'External floor'], dont_use: False
2025-08-01 12:34:22,885 - parsers.materials_parser - INFO - Construction '_IntFloor1_Reversed' has element types: ['Separation ceiling', 'Intermediate ceiling'], dont_use: False
2025-08-01 12:34:22,911 - parsers.materials_parser - INFO - Construction '_IntPartition' has element types: ['Internal wall'], dont_use: False
2025-08-01 12:34:22,911 - parsers.materials_parser - INFO - Construction '_ExtWall 201_5cm' has element types: ['Ground wall', 'External wall'], dont_use: False
2025-08-01 12:34:22,937 - parsers.materials_parser - INFO - Construction '_Core_401 3 cm' has element types: ['Separation wall'], dont_use: False
2025-08-01 12:34:22,937 - parsers.materials_parser - INFO - Construction '_ExtWall 201_5cm MMD' has element types: ['External wall'], dont_use: False
2025-08-01 12:34:22,938 - parsers.materials_parser - INFO - Construction '_Roof 564_5 cm' has element types: ['Roof'], dont_use: False
2025-08-01 12:34:22,939 - parsers.materials_parser - DEBUG - Construction '_IntFloor1' issue - Surfaces: 5, HVAC surfaces: 0, Element types: ['Separation floor'], Dont_use: True
2025-08-01 12:34:22,939 - parsers.materials_parser - INFO - Construction '_IntFloor1' has element types: ['Separation floor'], dont_use: True
2025-08-01 12:34:22,943 - parsers.materials_parser - INFO - Construction '_Floor 501_3cm_Reversed' has element types: ['Separation ceiling'], dont_use: False
2025-08-01 12:34:22,943 - parsers.materials_parser - INFO - Element data processing complete: 58 entries created, 1 constructions skipped
2025-08-01 12:34:22,943 - parsers.materials_parser - INFO - === CONSTRUCTION SKIP SUMMARY ===
2025-08-01 12:34:22,943 - parsers.materials_parser - INFO - Total constructions processed: 9
2025-08-01 12:34:22,943 - parsers.materials_parser - INFO - Total constructions skipped: 1
2025-08-01 12:34:22,943 - parsers.materials_parser - INFO - Constructions skipped due to 'dont_use' flag (1): ['_IntFloor1']
2025-08-01 12:34:22,943 - parsers.materials_parser - INFO - === END CONSTRUCTION SKIP SUMMARY ===
2025-08-01 12:34:22,979 - parsers.energy_rating_parser - WARNING - Could not automatically find eplusout.csv based on IDF path or fallback locations.
2025-08-01 12:34:22,979 - parsers.energy_rating_parser - ERROR - EnergyPlus output file (eplusout.csv) not found. Tried path: auto-detection failed.
2025-08-01 12:34:22,979 - processing_manager - INFO - Automatic validation: Raw ISO type 'Office' -> Mapped to 'Office'
2025-08-01 12:34:23,001 - parsers.automatic_error_detection_parser - INFO - Settings validation completed. Found 1 issues
2025-08-01 12:34:23,024 - parsers.materials_parser - DEBUG - Returning 58 element data entries
2025-08-01 12:34:31,305 - parsers.materials_parser - DEBUG - Returning 58 element data entries
2025-08-01 12:34:31,322 - PIL.PngImagePlugin - DEBUG - STREAM b'IHDR' 16 13
2025-08-01 12:34:31,322 - PIL.PngImagePlugin - DEBUG - STREAM b'sRGB' 41 1
2025-08-01 12:34:31,322 - PIL.PngImagePlugin - DEBUG - STREAM b'IDAT' 54 8192
2025-08-01 12:34:31,339 - utils.hebrew_text_utils - INFO - Successfully registered Hebrew font: C:/Windows/Fonts/arial.ttf
2025-08-01 12:34:31,459 - PIL.PngImagePlugin - DEBUG - STREAM b'IHDR' 16 13
2025-08-01 12:34:31,459 - PIL.PngImagePlugin - DEBUG - STREAM b'sRGB' 41 1
2025-08-01 12:34:31,459 - PIL.PngImagePlugin - DEBUG - STREAM b'IDAT' 54 8192
2025-08-01 12:34:31,556 - PIL.PngImagePlugin - DEBUG - STREAM b'IHDR' 16 13
2025-08-01 12:34:31,556 - PIL.PngImagePlugin - DEBUG - STREAM b'sRGB' 41 1
2025-08-01 12:34:31,556 - PIL.PngImagePlugin - DEBUG - STREAM b'IDAT' 54 8192
2025-08-01 12:34:32,129 - generators.base_report_generator - DEBUG - Created document: output\reports-01-08-2025-12-33-32\materials.pdf, page_size: (1190.5529999999999, 841.89105), orientation: landscape
2025-08-01 12:34:32,129 - PIL.PngImagePlugin - DEBUG - STREAM b'IHDR' 16 13
2025-08-01 12:34:32,129 - PIL.PngImagePlugin - DEBUG - STREAM b'sRGB' 41 1
2025-08-01 12:34:32,129 - PIL.PngImagePlugin - DEBUG - STREAM b'IDAT' 54 8192
2025-08-01 12:34:32,404 - generators.base_report_generator - INFO - Successfully built document
2025-08-01 12:34:32,405 - parsers.materials_parser - INFO - Starting element data processing
2025-08-01 12:34:32,405 - parsers.materials_parser - INFO - Processing 9 filtered constructions
2025-08-01 12:34:32,410 - parsers.materials_parser - INFO - Construction '_Floor 501_3cm' has element types: ['Ground floor', 'Separation floor', 'External floor'], dont_use: False
2025-08-01 12:34:32,457 - parsers.materials_parser - INFO - Construction '_IntFloor1_Reversed' has element types: ['Separation ceiling', 'Intermediate ceiling'], dont_use: False
2025-08-01 12:34:32,487 - parsers.materials_parser - INFO - Construction '_IntPartition' has element types: ['Internal wall'], dont_use: False
2025-08-01 12:34:32,487 - parsers.materials_parser - INFO - Construction '_ExtWall 201_5cm' has element types: ['Ground wall', 'External wall'], dont_use: False
2025-08-01 12:34:32,517 - parsers.materials_parser - INFO - Construction '_Core_401 3 cm' has element types: ['Separation wall'], dont_use: False
2025-08-01 12:34:32,517 - parsers.materials_parser - INFO - Construction '_ExtWall 201_5cm MMD' has element types: ['External wall'], dont_use: False
2025-08-01 12:34:32,518 - parsers.materials_parser - INFO - Construction '_Roof 564_5 cm' has element types: ['Roof'], dont_use: False
2025-08-01 12:34:32,520 - parsers.materials_parser - DEBUG - Construction '_IntFloor1' issue - Surfaces: 5, HVAC surfaces: 0, Element types: ['Separation floor'], Dont_use: True
2025-08-01 12:34:32,520 - parsers.materials_parser - INFO - Construction '_IntFloor1' has element types: ['Separation floor'], dont_use: True
2025-08-01 12:34:32,523 - parsers.materials_parser - INFO - Construction '_Floor 501_3cm_Reversed' has element types: ['Separation ceiling'], dont_use: False
2025-08-01 12:34:32,523 - parsers.materials_parser - INFO - Element data processing complete: 58 entries created, 1 constructions skipped
2025-08-01 12:34:32,524 - parsers.materials_parser - INFO - === CONSTRUCTION SKIP SUMMARY ===
2025-08-01 12:34:32,524 - parsers.materials_parser - INFO - Total constructions processed: 9
2025-08-01 12:34:32,524 - parsers.materials_parser - INFO - Total constructions skipped: 1
2025-08-01 12:34:32,524 - parsers.materials_parser - INFO - Constructions skipped due to 'dont_use' flag (1): ['_IntFloor1']
2025-08-01 12:34:32,524 - parsers.materials_parser - INFO - === END CONSTRUCTION SKIP SUMMARY ===
2025-08-01 12:34:32,524 - parsers.area_parser - INFO - Base zone groupings created:
2025-08-01 12:34:32,524 - parsers.area_parser - INFO -   00X01:01 -> ['00X01:01XLIVING', '00X01:01XMMD']
2025-08-01 12:34:32,524 - parsers.area_parser - INFO -   00X02:02 -> ['00X02:02XMMD', '00X02:02XLIVING']
2025-08-01 12:34:32,524 - parsers.area_parser - INFO -   00X03:03 -> ['00X03:03XLIVING', '00X03:03XMMD']
2025-08-01 12:34:32,524 - parsers.area_parser - DEBUG -   00:CORE -> 00:CORE (single zone)
2025-08-01 12:34:32,524 - parsers.area_parser - INFO -   01X04:04 -> ['01X04:04XLIVING', '01X04:04XMMD']
2025-08-01 12:34:32,524 - parsers.area_parser - INFO -   01X05:05 -> ['01X05:05XMMD', '01X05:05XLIVING']
2025-08-01 12:34:32,524 - parsers.area_parser - INFO -   01X06:06 -> ['01X06:06XMMD', '01X06:06XLIVING']
2025-08-01 12:34:32,524 - parsers.area_parser - INFO -   01X07:07 -> ['01X07:07XLIVING', '01X07:07XMMD']
2025-08-01 12:34:32,524 - parsers.area_parser - DEBUG -   01:CORE -> 01:CORE (single zone)
2025-08-01 12:34:32,524 - parsers.area_parser - INFO -   02X08:08 -> ['02X08:08XLIVING', '02X08:08XMMD']
2025-08-01 12:34:32,524 - parsers.area_parser - INFO -   02X09:09 -> ['02X09:09XMMD', '02X09:09XLIVING']
2025-08-01 12:34:32,524 - parsers.area_parser - INFO -   02X10:10 -> ['02X10:10XMMD', '02X10:10XLIVING']
2025-08-01 12:34:32,524 - parsers.area_parser - INFO -   02X11:11 -> ['02X11:11XLIVING', '02X11:11XMMD']
2025-08-01 12:34:32,524 - parsers.area_parser - DEBUG -   02:CORE -> 02:CORE (single zone)
2025-08-01 12:34:32,524 - parsers.area_parser - INFO -   03X12:12 -> ['03X12:12XLIVING', '03X12:12XMMD']
2025-08-01 12:34:32,524 - parsers.area_parser - INFO -   03X13:13 -> ['03X13:13XMMD', '03X13:13XLIVING']
2025-08-01 12:34:32,524 - parsers.area_parser - INFO -   03X14:14 -> ['03X14:14XMMD', '03X14:14XLIVING']
2025-08-01 12:34:32,524 - parsers.area_parser - INFO -   03X15:15 -> ['03X15:15XLIVING', '03X15:15XMMD']
2025-08-01 12:34:32,524 - parsers.area_parser - DEBUG -   03:CORE -> 03:CORE (single zone)
2025-08-01 12:34:32,524 - parsers.area_parser - INFO -   04X16:16 -> ['04X16:16XLIVING', '04X16:16XMMD']
2025-08-01 12:34:32,524 - parsers.area_parser - INFO -   04X17:17 -> ['04X17:17XMMD', '04X17:17XLIVING']
2025-08-01 12:34:32,524 - parsers.area_parser - INFO -   04X18:18 -> ['04X18:18XMMD', '04X18:18XLIVING']
2025-08-01 12:34:32,524 - parsers.area_parser - INFO -   04X19:19 -> ['04X19:19XLIVING', '04X19:19XMMD']
2025-08-01 12:34:32,524 - parsers.area_parser - DEBUG -   04:CORE -> 04:CORE (single zone)
2025-08-01 12:34:32,524 - parsers.area_parser - INFO -   05X20:20 -> ['05X20:20XLIVING', '05X20:20XMMD']
2025-08-01 12:34:32,524 - parsers.area_parser - INFO -   05X21:21 -> ['05X21:21XMMD', '05X21:21XLIVING']
2025-08-01 12:34:32,524 - parsers.area_parser - INFO -   05X22:22 -> ['05X22:22XMMD', '05X22:22XLIVING']
2025-08-01 12:34:32,524 - parsers.area_parser - INFO -   05X23:23 -> ['05X23:23XLIVING', '05X23:23XMMD']
2025-08-01 12:34:32,524 - parsers.area_parser - DEBUG -   05:CORE -> 05:CORE (single zone)
2025-08-01 12:34:32,524 - parsers.area_parser - INFO -   06X24:24 -> ['06X24:24XLIVING', '06X24:24XMMD']
2025-08-01 12:34:32,524 - parsers.area_parser - INFO -   06X26:26 -> ['06X26:26XLIVING', '06X26:26XMMD']
2025-08-01 12:34:32,524 - parsers.area_parser - DEBUG -   06:CORE -> 06:CORE (single zone)
2025-08-01 12:34:32,524 - parsers.area_parser - INFO -   06X25:25 -> ['06X25:25XMMD', '06X25:25XLIVING']
2025-08-01 12:34:32,524 - parsers.area_parser - INFO -   07X27:27 -> ['07X27:27XLIVING', '07X27:27XMMD']
2025-08-01 12:34:32,524 - parsers.area_parser - DEBUG -   07:CORE -> 07:CORE (single zone)
2025-08-01 12:34:32,524 - parsers.area_parser - INFO -   07X28:28 -> ['07X28:28XMMD', '07X28:28XLIVING']
2025-08-01 12:34:32,524 - parsers.area_parser - DEBUG -   000:CORE -> 000:CORE (single zone)
2025-08-01 12:34:32,524 - parsers.area_parser - INFO - Grouping statistics:
2025-08-01 12:34:32,524 - parsers.area_parser - INFO -   Total base zones: 37
2025-08-01 12:34:32,524 - parsers.area_parser - INFO -   Multi-zone groups: 28
2025-08-01 12:34:32,524 - parsers.area_parser - INFO -   Single-zone groups: 9
2025-08-01 12:34:32,524 - parsers.area_parser - INFO -   Total individual zones: 65
2025-08-01 12:34:32,524 - parsers.area_parser - INFO -   Example multi-zone groups: ['00X01:01', '00X02:02', '00X03:03', '01X04:04', '01X05:05']
2025-08-01 12:34:32,524 - generators.area_report_generator - INFO - Found 37 base zone groups
2025-08-01 12:34:55,840 - parsers.materials_parser - DEBUG - Calculating mass per area for construction: _ExtWall 201_5cm MMD
2025-08-01 12:34:55,840 - parsers.materials_parser - DEBUG - Construction '_ExtWall 201_5cm MMD' has material layers: ['_1045_Cemented Plaster_2.2_.02', '_1045_RegularConcrete_1.1.1_.3', '_1045 Cellular Glass 24_14.10_.05', '_1045 Gypsum Board_3.3_.0125']
2025-08-01 12:34:55,840 - parsers.materials_parser - DEBUG - Processing layer '_1045_Cemented Plaster_2.2_.02' - density: 1800.0, thickness: 0.02, conductivity: 1.0
2025-08-01 12:34:55,840 - parsers.materials_parser - DEBUG - Normal mass calculation for layer '_1045_Cemented Plaster_2.2_.02': 36.0
2025-08-01 12:34:55,840 - parsers.materials_parser - DEBUG - Processing layer '_1045_RegularConcrete_1.1.1_.3' - density: 2400.0, thickness: 0.3, conductivity: 2.0
2025-08-01 12:34:55,840 - parsers.materials_parser - DEBUG - Normal mass calculation for layer '_1045_RegularConcrete_1.1.1_.3': 720.0
2025-08-01 12:34:55,840 - parsers.materials_parser - DEBUG - Processing layer '_1045 Cellular Glass 24_14.10_.05' - density: 100.0, thickness: 0.05, conductivity: 0.034
2025-08-01 12:34:55,840 - parsers.materials_parser - DEBUG - Applied low conductivity adjustment to layer '_1045 Cellular Glass 24_14.10_.05' - adjusted mass: 2.5
2025-08-01 12:34:55,840 - parsers.materials_parser - DEBUG - Processing layer '_1045 Gypsum Board_3.3_.0125' - density: 800.0, thickness: 0.0125, conductivity: 0.25
2025-08-01 12:34:55,840 - parsers.materials_parser - DEBUG - Normal mass calculation for layer '_1045 Gypsum Board_3.3_.0125': 10.0
2025-08-01 12:34:55,840 - parsers.materials_parser - DEBUG - Total mass per area for construction '_ExtWall 201_5cm MMD': 768.5
2025-08-01 12:34:55,840 - generators.area_report_generator - INFO - Generating base zone area report for: 00X01:01 (includes 2 zones)
2025-08-01 12:34:55,841 - generators.base_report_generator - DEBUG - Created document: output\reports-01-08-2025-12-33-32\zones\00X01_01.pdf, page_size: (841.8897637795277, 595.2755905511812), orientation: landscape
2025-08-01 12:34:55,841 - PIL.PngImagePlugin - DEBUG - STREAM b'IHDR' 16 13
2025-08-01 12:34:55,841 - PIL.PngImagePlugin - DEBUG - STREAM b'sRGB' 41 1
2025-08-01 12:34:55,841 - PIL.PngImagePlugin - DEBUG - STREAM b'IDAT' 54 8192
2025-08-01 12:34:55,907 - generators.base_report_generator - INFO - Successfully built document
2025-08-01 12:34:55,907 - parsers.materials_parser - DEBUG - Calculating mass per area for construction: _ExtWall 201_5cm MMD
2025-08-01 12:34:55,907 - parsers.materials_parser - DEBUG - Construction '_ExtWall 201_5cm MMD' has material layers: ['_1045_Cemented Plaster_2.2_.02', '_1045_RegularConcrete_1.1.1_.3', '_1045 Cellular Glass 24_14.10_.05', '_1045 Gypsum Board_3.3_.0125']
2025-08-01 12:34:55,907 - parsers.materials_parser - DEBUG - Processing layer '_1045_Cemented Plaster_2.2_.02' - density: 1800.0, thickness: 0.02, conductivity: 1.0
2025-08-01 12:34:55,907 - parsers.materials_parser - DEBUG - Normal mass calculation for layer '_1045_Cemented Plaster_2.2_.02': 36.0
2025-08-01 12:34:55,907 - parsers.materials_parser - DEBUG - Processing layer '_1045_RegularConcrete_1.1.1_.3' - density: 2400.0, thickness: 0.3, conductivity: 2.0
2025-08-01 12:34:55,907 - parsers.materials_parser - DEBUG - Normal mass calculation for layer '_1045_RegularConcrete_1.1.1_.3': 720.0
2025-08-01 12:34:55,907 - parsers.materials_parser - DEBUG - Processing layer '_1045 Cellular Glass 24_14.10_.05' - density: 100.0, thickness: 0.05, conductivity: 0.034
2025-08-01 12:34:55,907 - parsers.materials_parser - DEBUG - Applied low conductivity adjustment to layer '_1045 Cellular Glass 24_14.10_.05' - adjusted mass: 2.5
2025-08-01 12:34:55,907 - parsers.materials_parser - DEBUG - Processing layer '_1045 Gypsum Board_3.3_.0125' - density: 800.0, thickness: 0.0125, conductivity: 0.25
2025-08-01 12:34:55,907 - parsers.materials_parser - DEBUG - Normal mass calculation for layer '_1045 Gypsum Board_3.3_.0125': 10.0
2025-08-01 12:34:55,907 - parsers.materials_parser - DEBUG - Total mass per area for construction '_ExtWall 201_5cm MMD': 768.5
2025-08-01 12:34:55,907 - generators.area_report_generator - INFO - Generating base zone area report for: 00X02:02 (includes 2 zones)
2025-08-01 12:34:55,907 - generators.base_report_generator - DEBUG - Created document: output\reports-01-08-2025-12-33-32\zones\00X02_02.pdf, page_size: (841.8897637795277, 595.2755905511812), orientation: landscape
2025-08-01 12:34:55,907 - PIL.PngImagePlugin - DEBUG - STREAM b'IHDR' 16 13
2025-08-01 12:34:55,908 - PIL.PngImagePlugin - DEBUG - STREAM b'sRGB' 41 1
2025-08-01 12:34:55,908 - PIL.PngImagePlugin - DEBUG - STREAM b'IDAT' 54 8192
2025-08-01 12:34:55,971 - generators.base_report_generator - INFO - Successfully built document
2025-08-01 12:34:55,971 - parsers.materials_parser - DEBUG - Calculating mass per area for construction: _ExtWall 201_5cm MMD
2025-08-01 12:34:55,971 - parsers.materials_parser - DEBUG - Construction '_ExtWall 201_5cm MMD' has material layers: ['_1045_Cemented Plaster_2.2_.02', '_1045_RegularConcrete_1.1.1_.3', '_1045 Cellular Glass 24_14.10_.05', '_1045 Gypsum Board_3.3_.0125']
2025-08-01 12:34:55,971 - parsers.materials_parser - DEBUG - Processing layer '_1045_Cemented Plaster_2.2_.02' - density: 1800.0, thickness: 0.02, conductivity: 1.0
2025-08-01 12:34:55,971 - parsers.materials_parser - DEBUG - Normal mass calculation for layer '_1045_Cemented Plaster_2.2_.02': 36.0
2025-08-01 12:34:55,971 - parsers.materials_parser - DEBUG - Processing layer '_1045_RegularConcrete_1.1.1_.3' - density: 2400.0, thickness: 0.3, conductivity: 2.0
2025-08-01 12:34:55,971 - parsers.materials_parser - DEBUG - Normal mass calculation for layer '_1045_RegularConcrete_1.1.1_.3': 720.0
2025-08-01 12:34:55,971 - parsers.materials_parser - DEBUG - Processing layer '_1045 Cellular Glass 24_14.10_.05' - density: 100.0, thickness: 0.05, conductivity: 0.034
2025-08-01 12:34:55,971 - parsers.materials_parser - DEBUG - Applied low conductivity adjustment to layer '_1045 Cellular Glass 24_14.10_.05' - adjusted mass: 2.5
2025-08-01 12:34:55,971 - parsers.materials_parser - DEBUG - Processing layer '_1045 Gypsum Board_3.3_.0125' - density: 800.0, thickness: 0.0125, conductivity: 0.25
2025-08-01 12:34:55,971 - parsers.materials_parser - DEBUG - Normal mass calculation for layer '_1045 Gypsum Board_3.3_.0125': 10.0
2025-08-01 12:34:55,971 - parsers.materials_parser - DEBUG - Total mass per area for construction '_ExtWall 201_5cm MMD': 768.5
2025-08-01 12:34:55,971 - generators.area_report_generator - INFO - Generating base zone area report for: 00X03:03 (includes 2 zones)
2025-08-01 12:34:55,972 - generators.base_report_generator - DEBUG - Created document: output\reports-01-08-2025-12-33-32\zones\00X03_03.pdf, page_size: (841.8897637795277, 595.2755905511812), orientation: landscape
2025-08-01 12:34:55,972 - PIL.PngImagePlugin - DEBUG - STREAM b'IHDR' 16 13
2025-08-01 12:34:55,972 - PIL.PngImagePlugin - DEBUG - STREAM b'sRGB' 41 1
2025-08-01 12:34:55,972 - PIL.PngImagePlugin - DEBUG - STREAM b'IDAT' 54 8192
2025-08-01 12:34:56,039 - generators.base_report_generator - INFO - Successfully built document
2025-08-01 12:34:56,039 - parsers.materials_parser - DEBUG - Calculating mass per area for construction: _ExtWall 201_5cm MMD
2025-08-01 12:34:56,039 - parsers.materials_parser - DEBUG - Construction '_ExtWall 201_5cm MMD' has material layers: ['_1045_Cemented Plaster_2.2_.02', '_1045_RegularConcrete_1.1.1_.3', '_1045 Cellular Glass 24_14.10_.05', '_1045 Gypsum Board_3.3_.0125']
2025-08-01 12:34:56,039 - parsers.materials_parser - DEBUG - Processing layer '_1045_Cemented Plaster_2.2_.02' - density: 1800.0, thickness: 0.02, conductivity: 1.0
2025-08-01 12:34:56,039 - parsers.materials_parser - DEBUG - Normal mass calculation for layer '_1045_Cemented Plaster_2.2_.02': 36.0
2025-08-01 12:34:56,039 - parsers.materials_parser - DEBUG - Processing layer '_1045_RegularConcrete_1.1.1_.3' - density: 2400.0, thickness: 0.3, conductivity: 2.0
2025-08-01 12:34:56,039 - parsers.materials_parser - DEBUG - Normal mass calculation for layer '_1045_RegularConcrete_1.1.1_.3': 720.0
2025-08-01 12:34:56,039 - parsers.materials_parser - DEBUG - Processing layer '_1045 Cellular Glass 24_14.10_.05' - density: 100.0, thickness: 0.05, conductivity: 0.034
2025-08-01 12:34:56,039 - parsers.materials_parser - DEBUG - Applied low conductivity adjustment to layer '_1045 Cellular Glass 24_14.10_.05' - adjusted mass: 2.5
2025-08-01 12:34:56,039 - parsers.materials_parser - DEBUG - Processing layer '_1045 Gypsum Board_3.3_.0125' - density: 800.0, thickness: 0.0125, conductivity: 0.25
2025-08-01 12:34:56,039 - parsers.materials_parser - DEBUG - Normal mass calculation for layer '_1045 Gypsum Board_3.3_.0125': 10.0
2025-08-01 12:34:56,039 - parsers.materials_parser - DEBUG - Total mass per area for construction '_ExtWall 201_5cm MMD': 768.5
2025-08-01 12:34:56,039 - generators.area_report_generator - INFO - Generating base zone area report for: 01X04:04 (includes 2 zones)
2025-08-01 12:34:56,039 - generators.base_report_generator - DEBUG - Created document: output\reports-01-08-2025-12-33-32\zones\01X04_04.pdf, page_size: (841.8897637795277, 595.2755905511812), orientation: landscape
2025-08-01 12:34:56,040 - PIL.PngImagePlugin - DEBUG - STREAM b'IHDR' 16 13
2025-08-01 12:34:56,040 - PIL.PngImagePlugin - DEBUG - STREAM b'sRGB' 41 1
2025-08-01 12:34:56,040 - PIL.PngImagePlugin - DEBUG - STREAM b'IDAT' 54 8192
2025-08-01 12:34:56,110 - generators.base_report_generator - INFO - Successfully built document
2025-08-01 12:34:56,110 - parsers.materials_parser - DEBUG - Calculating mass per area for construction: _ExtWall 201_5cm MMD
2025-08-01 12:34:56,110 - parsers.materials_parser - DEBUG - Construction '_ExtWall 201_5cm MMD' has material layers: ['_1045_Cemented Plaster_2.2_.02', '_1045_RegularConcrete_1.1.1_.3', '_1045 Cellular Glass 24_14.10_.05', '_1045 Gypsum Board_3.3_.0125']
2025-08-01 12:34:56,110 - parsers.materials_parser - DEBUG - Processing layer '_1045_Cemented Plaster_2.2_.02' - density: 1800.0, thickness: 0.02, conductivity: 1.0
2025-08-01 12:34:56,110 - parsers.materials_parser - DEBUG - Normal mass calculation for layer '_1045_Cemented Plaster_2.2_.02': 36.0
2025-08-01 12:34:56,110 - parsers.materials_parser - DEBUG - Processing layer '_1045_RegularConcrete_1.1.1_.3' - density: 2400.0, thickness: 0.3, conductivity: 2.0
2025-08-01 12:34:56,110 - parsers.materials_parser - DEBUG - Normal mass calculation for layer '_1045_RegularConcrete_1.1.1_.3': 720.0
2025-08-01 12:34:56,110 - parsers.materials_parser - DEBUG - Processing layer '_1045 Cellular Glass 24_14.10_.05' - density: 100.0, thickness: 0.05, conductivity: 0.034
2025-08-01 12:34:56,110 - parsers.materials_parser - DEBUG - Applied low conductivity adjustment to layer '_1045 Cellular Glass 24_14.10_.05' - adjusted mass: 2.5
2025-08-01 12:34:56,111 - parsers.materials_parser - DEBUG - Processing layer '_1045 Gypsum Board_3.3_.0125' - density: 800.0, thickness: 0.0125, conductivity: 0.25
2025-08-01 12:34:56,111 - parsers.materials_parser - DEBUG - Normal mass calculation for layer '_1045 Gypsum Board_3.3_.0125': 10.0
2025-08-01 12:34:56,111 - parsers.materials_parser - DEBUG - Total mass per area for construction '_ExtWall 201_5cm MMD': 768.5
2025-08-01 12:34:56,111 - generators.area_report_generator - INFO - Generating base zone area report for: 01X05:05 (includes 2 zones)
2025-08-01 12:34:56,111 - generators.base_report_generator - DEBUG - Created document: output\reports-01-08-2025-12-33-32\zones\01X05_05.pdf, page_size: (841.8897637795277, 595.2755905511812), orientation: landscape
2025-08-01 12:34:56,111 - PIL.PngImagePlugin - DEBUG - STREAM b'IHDR' 16 13
2025-08-01 12:34:56,111 - PIL.PngImagePlugin - DEBUG - STREAM b'sRGB' 41 1
2025-08-01 12:34:56,111 - PIL.PngImagePlugin - DEBUG - STREAM b'IDAT' 54 8192
2025-08-01 12:34:56,180 - generators.base_report_generator - INFO - Successfully built document
2025-08-01 12:34:56,181 - parsers.materials_parser - DEBUG - Calculating mass per area for construction: _ExtWall 201_5cm MMD
2025-08-01 12:34:56,181 - parsers.materials_parser - DEBUG - Construction '_ExtWall 201_5cm MMD' has material layers: ['_1045_Cemented Plaster_2.2_.02', '_1045_RegularConcrete_1.1.1_.3', '_1045 Cellular Glass 24_14.10_.05', '_1045 Gypsum Board_3.3_.0125']
2025-08-01 12:34:56,181 - parsers.materials_parser - DEBUG - Processing layer '_1045_Cemented Plaster_2.2_.02' - density: 1800.0, thickness: 0.02, conductivity: 1.0
2025-08-01 12:34:56,181 - parsers.materials_parser - DEBUG - Normal mass calculation for layer '_1045_Cemented Plaster_2.2_.02': 36.0
2025-08-01 12:34:56,181 - parsers.materials_parser - DEBUG - Processing layer '_1045_RegularConcrete_1.1.1_.3' - density: 2400.0, thickness: 0.3, conductivity: 2.0
2025-08-01 12:34:56,181 - parsers.materials_parser - DEBUG - Normal mass calculation for layer '_1045_RegularConcrete_1.1.1_.3': 720.0
2025-08-01 12:34:56,181 - parsers.materials_parser - DEBUG - Processing layer '_1045 Cellular Glass 24_14.10_.05' - density: 100.0, thickness: 0.05, conductivity: 0.034
2025-08-01 12:34:56,181 - parsers.materials_parser - DEBUG - Applied low conductivity adjustment to layer '_1045 Cellular Glass 24_14.10_.05' - adjusted mass: 2.5
2025-08-01 12:34:56,181 - parsers.materials_parser - DEBUG - Processing layer '_1045 Gypsum Board_3.3_.0125' - density: 800.0, thickness: 0.0125, conductivity: 0.25
2025-08-01 12:34:56,181 - parsers.materials_parser - DEBUG - Normal mass calculation for layer '_1045 Gypsum Board_3.3_.0125': 10.0
2025-08-01 12:34:56,181 - parsers.materials_parser - DEBUG - Total mass per area for construction '_ExtWall 201_5cm MMD': 768.5
2025-08-01 12:34:56,181 - generators.area_report_generator - INFO - Generating base zone area report for: 01X06:06 (includes 2 zones)
2025-08-01 12:34:56,181 - generators.base_report_generator - DEBUG - Created document: output\reports-01-08-2025-12-33-32\zones\01X06_06.pdf, page_size: (841.8897637795277, 595.2755905511812), orientation: landscape
2025-08-01 12:34:56,181 - PIL.PngImagePlugin - DEBUG - STREAM b'IHDR' 16 13
2025-08-01 12:34:56,181 - PIL.PngImagePlugin - DEBUG - STREAM b'sRGB' 41 1
2025-08-01 12:34:56,181 - PIL.PngImagePlugin - DEBUG - STREAM b'IDAT' 54 8192
2025-08-01 12:34:56,249 - generators.base_report_generator - INFO - Successfully built document
2025-08-01 12:34:56,249 - parsers.materials_parser - DEBUG - Calculating mass per area for construction: _ExtWall 201_5cm MMD
2025-08-01 12:34:56,249 - parsers.materials_parser - DEBUG - Construction '_ExtWall 201_5cm MMD' has material layers: ['_1045_Cemented Plaster_2.2_.02', '_1045_RegularConcrete_1.1.1_.3', '_1045 Cellular Glass 24_14.10_.05', '_1045 Gypsum Board_3.3_.0125']
2025-08-01 12:34:56,249 - parsers.materials_parser - DEBUG - Processing layer '_1045_Cemented Plaster_2.2_.02' - density: 1800.0, thickness: 0.02, conductivity: 1.0
2025-08-01 12:34:56,249 - parsers.materials_parser - DEBUG - Normal mass calculation for layer '_1045_Cemented Plaster_2.2_.02': 36.0
2025-08-01 12:34:56,249 - parsers.materials_parser - DEBUG - Processing layer '_1045_RegularConcrete_1.1.1_.3' - density: 2400.0, thickness: 0.3, conductivity: 2.0
2025-08-01 12:34:56,249 - parsers.materials_parser - DEBUG - Normal mass calculation for layer '_1045_RegularConcrete_1.1.1_.3': 720.0
2025-08-01 12:34:56,249 - parsers.materials_parser - DEBUG - Processing layer '_1045 Cellular Glass 24_14.10_.05' - density: 100.0, thickness: 0.05, conductivity: 0.034
2025-08-01 12:34:56,249 - parsers.materials_parser - DEBUG - Applied low conductivity adjustment to layer '_1045 Cellular Glass 24_14.10_.05' - adjusted mass: 2.5
2025-08-01 12:34:56,249 - parsers.materials_parser - DEBUG - Processing layer '_1045 Gypsum Board_3.3_.0125' - density: 800.0, thickness: 0.0125, conductivity: 0.25
2025-08-01 12:34:56,249 - parsers.materials_parser - DEBUG - Normal mass calculation for layer '_1045 Gypsum Board_3.3_.0125': 10.0
2025-08-01 12:34:56,249 - parsers.materials_parser - DEBUG - Total mass per area for construction '_ExtWall 201_5cm MMD': 768.5
2025-08-01 12:34:56,249 - generators.area_report_generator - INFO - Generating base zone area report for: 01X07:07 (includes 2 zones)
2025-08-01 12:34:56,249 - generators.base_report_generator - DEBUG - Created document: output\reports-01-08-2025-12-33-32\zones\01X07_07.pdf, page_size: (841.8897637795277, 595.2755905511812), orientation: landscape
2025-08-01 12:34:56,250 - PIL.PngImagePlugin - DEBUG - STREAM b'IHDR' 16 13
2025-08-01 12:34:56,250 - PIL.PngImagePlugin - DEBUG - STREAM b'sRGB' 41 1
2025-08-01 12:34:56,250 - PIL.PngImagePlugin - DEBUG - STREAM b'IDAT' 54 8192
2025-08-01 12:34:56,327 - generators.base_report_generator - INFO - Successfully built document
2025-08-01 12:34:56,328 - parsers.materials_parser - DEBUG - Calculating mass per area for construction: _ExtWall 201_5cm MMD
2025-08-01 12:34:56,328 - parsers.materials_parser - DEBUG - Construction '_ExtWall 201_5cm MMD' has material layers: ['_1045_Cemented Plaster_2.2_.02', '_1045_RegularConcrete_1.1.1_.3', '_1045 Cellular Glass 24_14.10_.05', '_1045 Gypsum Board_3.3_.0125']
2025-08-01 12:34:56,328 - parsers.materials_parser - DEBUG - Processing layer '_1045_Cemented Plaster_2.2_.02' - density: 1800.0, thickness: 0.02, conductivity: 1.0
2025-08-01 12:34:56,328 - parsers.materials_parser - DEBUG - Normal mass calculation for layer '_1045_Cemented Plaster_2.2_.02': 36.0
2025-08-01 12:34:56,328 - parsers.materials_parser - DEBUG - Processing layer '_1045_RegularConcrete_1.1.1_.3' - density: 2400.0, thickness: 0.3, conductivity: 2.0
2025-08-01 12:34:56,328 - parsers.materials_parser - DEBUG - Normal mass calculation for layer '_1045_RegularConcrete_1.1.1_.3': 720.0
2025-08-01 12:34:56,328 - parsers.materials_parser - DEBUG - Processing layer '_1045 Cellular Glass 24_14.10_.05' - density: 100.0, thickness: 0.05, conductivity: 0.034
2025-08-01 12:34:56,328 - parsers.materials_parser - DEBUG - Applied low conductivity adjustment to layer '_1045 Cellular Glass 24_14.10_.05' - adjusted mass: 2.5
2025-08-01 12:34:56,328 - parsers.materials_parser - DEBUG - Processing layer '_1045 Gypsum Board_3.3_.0125' - density: 800.0, thickness: 0.0125, conductivity: 0.25
2025-08-01 12:34:56,328 - parsers.materials_parser - DEBUG - Normal mass calculation for layer '_1045 Gypsum Board_3.3_.0125': 10.0
2025-08-01 12:34:56,328 - parsers.materials_parser - DEBUG - Total mass per area for construction '_ExtWall 201_5cm MMD': 768.5
2025-08-01 12:34:56,328 - generators.area_report_generator - INFO - Generating base zone area report for: 02X08:08 (includes 2 zones)
2025-08-01 12:34:56,328 - generators.base_report_generator - DEBUG - Created document: output\reports-01-08-2025-12-33-32\zones\02X08_08.pdf, page_size: (841.8897637795277, 595.2755905511812), orientation: landscape
2025-08-01 12:34:56,328 - PIL.PngImagePlugin - DEBUG - STREAM b'IHDR' 16 13
2025-08-01 12:34:56,328 - PIL.PngImagePlugin - DEBUG - STREAM b'sRGB' 41 1
2025-08-01 12:34:56,328 - PIL.PngImagePlugin - DEBUG - STREAM b'IDAT' 54 8192
2025-08-01 12:34:56,396 - generators.base_report_generator - INFO - Successfully built document
2025-08-01 12:34:56,396 - parsers.materials_parser - DEBUG - Calculating mass per area for construction: _ExtWall 201_5cm MMD
2025-08-01 12:34:56,396 - parsers.materials_parser - DEBUG - Construction '_ExtWall 201_5cm MMD' has material layers: ['_1045_Cemented Plaster_2.2_.02', '_1045_RegularConcrete_1.1.1_.3', '_1045 Cellular Glass 24_14.10_.05', '_1045 Gypsum Board_3.3_.0125']
2025-08-01 12:34:56,396 - parsers.materials_parser - DEBUG - Processing layer '_1045_Cemented Plaster_2.2_.02' - density: 1800.0, thickness: 0.02, conductivity: 1.0
2025-08-01 12:34:56,396 - parsers.materials_parser - DEBUG - Normal mass calculation for layer '_1045_Cemented Plaster_2.2_.02': 36.0
2025-08-01 12:34:56,396 - parsers.materials_parser - DEBUG - Processing layer '_1045_RegularConcrete_1.1.1_.3' - density: 2400.0, thickness: 0.3, conductivity: 2.0
2025-08-01 12:34:56,396 - parsers.materials_parser - DEBUG - Normal mass calculation for layer '_1045_RegularConcrete_1.1.1_.3': 720.0
2025-08-01 12:34:56,396 - parsers.materials_parser - DEBUG - Processing layer '_1045 Cellular Glass 24_14.10_.05' - density: 100.0, thickness: 0.05, conductivity: 0.034
2025-08-01 12:34:56,396 - parsers.materials_parser - DEBUG - Applied low conductivity adjustment to layer '_1045 Cellular Glass 24_14.10_.05' - adjusted mass: 2.5
2025-08-01 12:34:56,396 - parsers.materials_parser - DEBUG - Processing layer '_1045 Gypsum Board_3.3_.0125' - density: 800.0, thickness: 0.0125, conductivity: 0.25
2025-08-01 12:34:56,396 - parsers.materials_parser - DEBUG - Normal mass calculation for layer '_1045 Gypsum Board_3.3_.0125': 10.0
2025-08-01 12:34:56,396 - parsers.materials_parser - DEBUG - Total mass per area for construction '_ExtWall 201_5cm MMD': 768.5
2025-08-01 12:34:56,396 - generators.area_report_generator - INFO - Generating base zone area report for: 02X09:09 (includes 2 zones)
2025-08-01 12:34:56,396 - generators.base_report_generator - DEBUG - Created document: output\reports-01-08-2025-12-33-32\zones\02X09_09.pdf, page_size: (841.8897637795277, 595.2755905511812), orientation: landscape
2025-08-01 12:34:56,396 - PIL.PngImagePlugin - DEBUG - STREAM b'IHDR' 16 13
2025-08-01 12:34:56,397 - PIL.PngImagePlugin - DEBUG - STREAM b'sRGB' 41 1
2025-08-01 12:34:56,397 - PIL.PngImagePlugin - DEBUG - STREAM b'IDAT' 54 8192
2025-08-01 12:34:56,464 - generators.base_report_generator - INFO - Successfully built document
2025-08-01 12:34:56,464 - parsers.materials_parser - DEBUG - Calculating mass per area for construction: _ExtWall 201_5cm MMD
2025-08-01 12:34:56,464 - parsers.materials_parser - DEBUG - Construction '_ExtWall 201_5cm MMD' has material layers: ['_1045_Cemented Plaster_2.2_.02', '_1045_RegularConcrete_1.1.1_.3', '_1045 Cellular Glass 24_14.10_.05', '_1045 Gypsum Board_3.3_.0125']
2025-08-01 12:34:56,464 - parsers.materials_parser - DEBUG - Processing layer '_1045_Cemented Plaster_2.2_.02' - density: 1800.0, thickness: 0.02, conductivity: 1.0
2025-08-01 12:34:56,464 - parsers.materials_parser - DEBUG - Normal mass calculation for layer '_1045_Cemented Plaster_2.2_.02': 36.0
2025-08-01 12:34:56,464 - parsers.materials_parser - DEBUG - Processing layer '_1045_RegularConcrete_1.1.1_.3' - density: 2400.0, thickness: 0.3, conductivity: 2.0
2025-08-01 12:34:56,464 - parsers.materials_parser - DEBUG - Normal mass calculation for layer '_1045_RegularConcrete_1.1.1_.3': 720.0
2025-08-01 12:34:56,464 - parsers.materials_parser - DEBUG - Processing layer '_1045 Cellular Glass 24_14.10_.05' - density: 100.0, thickness: 0.05, conductivity: 0.034
2025-08-01 12:34:56,464 - parsers.materials_parser - DEBUG - Applied low conductivity adjustment to layer '_1045 Cellular Glass 24_14.10_.05' - adjusted mass: 2.5
2025-08-01 12:34:56,464 - parsers.materials_parser - DEBUG - Processing layer '_1045 Gypsum Board_3.3_.0125' - density: 800.0, thickness: 0.0125, conductivity: 0.25
2025-08-01 12:34:56,464 - parsers.materials_parser - DEBUG - Normal mass calculation for layer '_1045 Gypsum Board_3.3_.0125': 10.0
2025-08-01 12:34:56,464 - parsers.materials_parser - DEBUG - Total mass per area for construction '_ExtWall 201_5cm MMD': 768.5
2025-08-01 12:34:56,465 - generators.area_report_generator - INFO - Generating base zone area report for: 02X10:10 (includes 2 zones)
2025-08-01 12:34:56,465 - generators.base_report_generator - DEBUG - Created document: output\reports-01-08-2025-12-33-32\zones\02X10_10.pdf, page_size: (841.8897637795277, 595.2755905511812), orientation: landscape
2025-08-01 12:34:56,465 - PIL.PngImagePlugin - DEBUG - STREAM b'IHDR' 16 13
2025-08-01 12:34:56,465 - PIL.PngImagePlugin - DEBUG - STREAM b'sRGB' 41 1
2025-08-01 12:34:56,465 - PIL.PngImagePlugin - DEBUG - STREAM b'IDAT' 54 8192
2025-08-01 12:34:56,531 - generators.base_report_generator - INFO - Successfully built document
2025-08-01 12:34:56,531 - parsers.materials_parser - DEBUG - Calculating mass per area for construction: _ExtWall 201_5cm MMD
2025-08-01 12:34:56,531 - parsers.materials_parser - DEBUG - Construction '_ExtWall 201_5cm MMD' has material layers: ['_1045_Cemented Plaster_2.2_.02', '_1045_RegularConcrete_1.1.1_.3', '_1045 Cellular Glass 24_14.10_.05', '_1045 Gypsum Board_3.3_.0125']
2025-08-01 12:34:56,531 - parsers.materials_parser - DEBUG - Processing layer '_1045_Cemented Plaster_2.2_.02' - density: 1800.0, thickness: 0.02, conductivity: 1.0
2025-08-01 12:34:56,531 - parsers.materials_parser - DEBUG - Normal mass calculation for layer '_1045_Cemented Plaster_2.2_.02': 36.0
2025-08-01 12:34:56,531 - parsers.materials_parser - DEBUG - Processing layer '_1045_RegularConcrete_1.1.1_.3' - density: 2400.0, thickness: 0.3, conductivity: 2.0
2025-08-01 12:34:56,531 - parsers.materials_parser - DEBUG - Normal mass calculation for layer '_1045_RegularConcrete_1.1.1_.3': 720.0
2025-08-01 12:34:56,531 - parsers.materials_parser - DEBUG - Processing layer '_1045 Cellular Glass 24_14.10_.05' - density: 100.0, thickness: 0.05, conductivity: 0.034
2025-08-01 12:34:56,531 - parsers.materials_parser - DEBUG - Applied low conductivity adjustment to layer '_1045 Cellular Glass 24_14.10_.05' - adjusted mass: 2.5
2025-08-01 12:34:56,531 - parsers.materials_parser - DEBUG - Processing layer '_1045 Gypsum Board_3.3_.0125' - density: 800.0, thickness: 0.0125, conductivity: 0.25
2025-08-01 12:34:56,531 - parsers.materials_parser - DEBUG - Normal mass calculation for layer '_1045 Gypsum Board_3.3_.0125': 10.0
2025-08-01 12:34:56,531 - parsers.materials_parser - DEBUG - Total mass per area for construction '_ExtWall 201_5cm MMD': 768.5
2025-08-01 12:34:56,531 - generators.area_report_generator - INFO - Generating base zone area report for: 02X11:11 (includes 2 zones)
2025-08-01 12:34:56,531 - generators.base_report_generator - DEBUG - Created document: output\reports-01-08-2025-12-33-32\zones\02X11_11.pdf, page_size: (841.8897637795277, 595.2755905511812), orientation: landscape
2025-08-01 12:34:56,532 - PIL.PngImagePlugin - DEBUG - STREAM b'IHDR' 16 13
2025-08-01 12:34:56,532 - PIL.PngImagePlugin - DEBUG - STREAM b'sRGB' 41 1
2025-08-01 12:34:56,532 - PIL.PngImagePlugin - DEBUG - STREAM b'IDAT' 54 8192
2025-08-01 12:34:56,599 - generators.base_report_generator - INFO - Successfully built document
2025-08-01 12:34:56,599 - parsers.materials_parser - DEBUG - Calculating mass per area for construction: _ExtWall 201_5cm MMD
2025-08-01 12:34:56,599 - parsers.materials_parser - DEBUG - Construction '_ExtWall 201_5cm MMD' has material layers: ['_1045_Cemented Plaster_2.2_.02', '_1045_RegularConcrete_1.1.1_.3', '_1045 Cellular Glass 24_14.10_.05', '_1045 Gypsum Board_3.3_.0125']
2025-08-01 12:34:56,599 - parsers.materials_parser - DEBUG - Processing layer '_1045_Cemented Plaster_2.2_.02' - density: 1800.0, thickness: 0.02, conductivity: 1.0
2025-08-01 12:34:56,599 - parsers.materials_parser - DEBUG - Normal mass calculation for layer '_1045_Cemented Plaster_2.2_.02': 36.0
2025-08-01 12:34:56,599 - parsers.materials_parser - DEBUG - Processing layer '_1045_RegularConcrete_1.1.1_.3' - density: 2400.0, thickness: 0.3, conductivity: 2.0
2025-08-01 12:34:56,599 - parsers.materials_parser - DEBUG - Normal mass calculation for layer '_1045_RegularConcrete_1.1.1_.3': 720.0
2025-08-01 12:34:56,599 - parsers.materials_parser - DEBUG - Processing layer '_1045 Cellular Glass 24_14.10_.05' - density: 100.0, thickness: 0.05, conductivity: 0.034
2025-08-01 12:34:56,599 - parsers.materials_parser - DEBUG - Applied low conductivity adjustment to layer '_1045 Cellular Glass 24_14.10_.05' - adjusted mass: 2.5
2025-08-01 12:34:56,599 - parsers.materials_parser - DEBUG - Processing layer '_1045 Gypsum Board_3.3_.0125' - density: 800.0, thickness: 0.0125, conductivity: 0.25
2025-08-01 12:34:56,599 - parsers.materials_parser - DEBUG - Normal mass calculation for layer '_1045 Gypsum Board_3.3_.0125': 10.0
2025-08-01 12:34:56,599 - parsers.materials_parser - DEBUG - Total mass per area for construction '_ExtWall 201_5cm MMD': 768.5
2025-08-01 12:34:56,599 - generators.area_report_generator - INFO - Generating base zone area report for: 03X12:12 (includes 2 zones)
2025-08-01 12:34:56,599 - generators.base_report_generator - DEBUG - Created document: output\reports-01-08-2025-12-33-32\zones\03X12_12.pdf, page_size: (841.8897637795277, 595.2755905511812), orientation: landscape
2025-08-01 12:34:56,600 - PIL.PngImagePlugin - DEBUG - STREAM b'IHDR' 16 13
2025-08-01 12:34:56,600 - PIL.PngImagePlugin - DEBUG - STREAM b'sRGB' 41 1
2025-08-01 12:34:56,600 - PIL.PngImagePlugin - DEBUG - STREAM b'IDAT' 54 8192
2025-08-01 12:34:56,667 - generators.base_report_generator - INFO - Successfully built document
2025-08-01 12:34:56,668 - parsers.materials_parser - DEBUG - Calculating mass per area for construction: _ExtWall 201_5cm MMD
2025-08-01 12:34:56,668 - parsers.materials_parser - DEBUG - Construction '_ExtWall 201_5cm MMD' has material layers: ['_1045_Cemented Plaster_2.2_.02', '_1045_RegularConcrete_1.1.1_.3', '_1045 Cellular Glass 24_14.10_.05', '_1045 Gypsum Board_3.3_.0125']
2025-08-01 12:34:56,668 - parsers.materials_parser - DEBUG - Processing layer '_1045_Cemented Plaster_2.2_.02' - density: 1800.0, thickness: 0.02, conductivity: 1.0
2025-08-01 12:34:56,668 - parsers.materials_parser - DEBUG - Normal mass calculation for layer '_1045_Cemented Plaster_2.2_.02': 36.0
2025-08-01 12:34:56,668 - parsers.materials_parser - DEBUG - Processing layer '_1045_RegularConcrete_1.1.1_.3' - density: 2400.0, thickness: 0.3, conductivity: 2.0
2025-08-01 12:34:56,668 - parsers.materials_parser - DEBUG - Normal mass calculation for layer '_1045_RegularConcrete_1.1.1_.3': 720.0
2025-08-01 12:34:56,668 - parsers.materials_parser - DEBUG - Processing layer '_1045 Cellular Glass 24_14.10_.05' - density: 100.0, thickness: 0.05, conductivity: 0.034
2025-08-01 12:34:56,668 - parsers.materials_parser - DEBUG - Applied low conductivity adjustment to layer '_1045 Cellular Glass 24_14.10_.05' - adjusted mass: 2.5
2025-08-01 12:34:56,668 - parsers.materials_parser - DEBUG - Processing layer '_1045 Gypsum Board_3.3_.0125' - density: 800.0, thickness: 0.0125, conductivity: 0.25
2025-08-01 12:34:56,668 - parsers.materials_parser - DEBUG - Normal mass calculation for layer '_1045 Gypsum Board_3.3_.0125': 10.0
2025-08-01 12:34:56,668 - parsers.materials_parser - DEBUG - Total mass per area for construction '_ExtWall 201_5cm MMD': 768.5
2025-08-01 12:34:56,668 - generators.area_report_generator - INFO - Generating base zone area report for: 03X13:13 (includes 2 zones)
2025-08-01 12:34:56,668 - generators.base_report_generator - DEBUG - Created document: output\reports-01-08-2025-12-33-32\zones\03X13_13.pdf, page_size: (841.8897637795277, 595.2755905511812), orientation: landscape
2025-08-01 12:34:56,668 - PIL.PngImagePlugin - DEBUG - STREAM b'IHDR' 16 13
2025-08-01 12:34:56,668 - PIL.PngImagePlugin - DEBUG - STREAM b'sRGB' 41 1
2025-08-01 12:34:56,668 - PIL.PngImagePlugin - DEBUG - STREAM b'IDAT' 54 8192
2025-08-01 12:34:56,737 - generators.base_report_generator - INFO - Successfully built document
2025-08-01 12:34:56,737 - parsers.materials_parser - DEBUG - Calculating mass per area for construction: _ExtWall 201_5cm MMD
2025-08-01 12:34:56,737 - parsers.materials_parser - DEBUG - Construction '_ExtWall 201_5cm MMD' has material layers: ['_1045_Cemented Plaster_2.2_.02', '_1045_RegularConcrete_1.1.1_.3', '_1045 Cellular Glass 24_14.10_.05', '_1045 Gypsum Board_3.3_.0125']
2025-08-01 12:34:56,737 - parsers.materials_parser - DEBUG - Processing layer '_1045_Cemented Plaster_2.2_.02' - density: 1800.0, thickness: 0.02, conductivity: 1.0
2025-08-01 12:34:56,737 - parsers.materials_parser - DEBUG - Normal mass calculation for layer '_1045_Cemented Plaster_2.2_.02': 36.0
2025-08-01 12:34:56,737 - parsers.materials_parser - DEBUG - Processing layer '_1045_RegularConcrete_1.1.1_.3' - density: 2400.0, thickness: 0.3, conductivity: 2.0
2025-08-01 12:34:56,737 - parsers.materials_parser - DEBUG - Normal mass calculation for layer '_1045_RegularConcrete_1.1.1_.3': 720.0
2025-08-01 12:34:56,737 - parsers.materials_parser - DEBUG - Processing layer '_1045 Cellular Glass 24_14.10_.05' - density: 100.0, thickness: 0.05, conductivity: 0.034
2025-08-01 12:34:56,737 - parsers.materials_parser - DEBUG - Applied low conductivity adjustment to layer '_1045 Cellular Glass 24_14.10_.05' - adjusted mass: 2.5
2025-08-01 12:34:56,737 - parsers.materials_parser - DEBUG - Processing layer '_1045 Gypsum Board_3.3_.0125' - density: 800.0, thickness: 0.0125, conductivity: 0.25
2025-08-01 12:34:56,737 - parsers.materials_parser - DEBUG - Normal mass calculation for layer '_1045 Gypsum Board_3.3_.0125': 10.0
2025-08-01 12:34:56,737 - parsers.materials_parser - DEBUG - Total mass per area for construction '_ExtWall 201_5cm MMD': 768.5
2025-08-01 12:34:56,737 - generators.area_report_generator - INFO - Generating base zone area report for: 03X14:14 (includes 2 zones)
2025-08-01 12:34:56,737 - generators.base_report_generator - DEBUG - Created document: output\reports-01-08-2025-12-33-32\zones\03X14_14.pdf, page_size: (841.8897637795277, 595.2755905511812), orientation: landscape
2025-08-01 12:34:56,738 - PIL.PngImagePlugin - DEBUG - STREAM b'IHDR' 16 13
2025-08-01 12:34:56,738 - PIL.PngImagePlugin - DEBUG - STREAM b'sRGB' 41 1
2025-08-01 12:34:56,738 - PIL.PngImagePlugin - DEBUG - STREAM b'IDAT' 54 8192
2025-08-01 12:34:56,804 - generators.base_report_generator - INFO - Successfully built document
2025-08-01 12:34:56,804 - parsers.materials_parser - DEBUG - Calculating mass per area for construction: _ExtWall 201_5cm MMD
2025-08-01 12:34:56,804 - parsers.materials_parser - DEBUG - Construction '_ExtWall 201_5cm MMD' has material layers: ['_1045_Cemented Plaster_2.2_.02', '_1045_RegularConcrete_1.1.1_.3', '_1045 Cellular Glass 24_14.10_.05', '_1045 Gypsum Board_3.3_.0125']
2025-08-01 12:34:56,804 - parsers.materials_parser - DEBUG - Processing layer '_1045_Cemented Plaster_2.2_.02' - density: 1800.0, thickness: 0.02, conductivity: 1.0
2025-08-01 12:34:56,804 - parsers.materials_parser - DEBUG - Normal mass calculation for layer '_1045_Cemented Plaster_2.2_.02': 36.0
2025-08-01 12:34:56,804 - parsers.materials_parser - DEBUG - Processing layer '_1045_RegularConcrete_1.1.1_.3' - density: 2400.0, thickness: 0.3, conductivity: 2.0
2025-08-01 12:34:56,804 - parsers.materials_parser - DEBUG - Normal mass calculation for layer '_1045_RegularConcrete_1.1.1_.3': 720.0
2025-08-01 12:34:56,804 - parsers.materials_parser - DEBUG - Processing layer '_1045 Cellular Glass 24_14.10_.05' - density: 100.0, thickness: 0.05, conductivity: 0.034
2025-08-01 12:34:56,804 - parsers.materials_parser - DEBUG - Applied low conductivity adjustment to layer '_1045 Cellular Glass 24_14.10_.05' - adjusted mass: 2.5
2025-08-01 12:34:56,804 - parsers.materials_parser - DEBUG - Processing layer '_1045 Gypsum Board_3.3_.0125' - density: 800.0, thickness: 0.0125, conductivity: 0.25
2025-08-01 12:34:56,804 - parsers.materials_parser - DEBUG - Normal mass calculation for layer '_1045 Gypsum Board_3.3_.0125': 10.0
2025-08-01 12:34:56,804 - parsers.materials_parser - DEBUG - Total mass per area for construction '_ExtWall 201_5cm MMD': 768.5
2025-08-01 12:34:56,804 - generators.area_report_generator - INFO - Generating base zone area report for: 03X15:15 (includes 2 zones)
2025-08-01 12:34:56,805 - generators.base_report_generator - DEBUG - Created document: output\reports-01-08-2025-12-33-32\zones\03X15_15.pdf, page_size: (841.8897637795277, 595.2755905511812), orientation: landscape
2025-08-01 12:34:56,805 - PIL.PngImagePlugin - DEBUG - STREAM b'IHDR' 16 13
2025-08-01 12:34:56,805 - PIL.PngImagePlugin - DEBUG - STREAM b'sRGB' 41 1
2025-08-01 12:34:56,805 - PIL.PngImagePlugin - DEBUG - STREAM b'IDAT' 54 8192
2025-08-01 12:34:56,872 - generators.base_report_generator - INFO - Successfully built document
2025-08-01 12:34:56,872 - parsers.materials_parser - DEBUG - Calculating mass per area for construction: _ExtWall 201_5cm MMD
2025-08-01 12:34:56,872 - parsers.materials_parser - DEBUG - Construction '_ExtWall 201_5cm MMD' has material layers: ['_1045_Cemented Plaster_2.2_.02', '_1045_RegularConcrete_1.1.1_.3', '_1045 Cellular Glass 24_14.10_.05', '_1045 Gypsum Board_3.3_.0125']
2025-08-01 12:34:56,872 - parsers.materials_parser - DEBUG - Processing layer '_1045_Cemented Plaster_2.2_.02' - density: 1800.0, thickness: 0.02, conductivity: 1.0
2025-08-01 12:34:56,872 - parsers.materials_parser - DEBUG - Normal mass calculation for layer '_1045_Cemented Plaster_2.2_.02': 36.0
2025-08-01 12:34:56,872 - parsers.materials_parser - DEBUG - Processing layer '_1045_RegularConcrete_1.1.1_.3' - density: 2400.0, thickness: 0.3, conductivity: 2.0
2025-08-01 12:34:56,872 - parsers.materials_parser - DEBUG - Normal mass calculation for layer '_1045_RegularConcrete_1.1.1_.3': 720.0
2025-08-01 12:34:56,872 - parsers.materials_parser - DEBUG - Processing layer '_1045 Cellular Glass 24_14.10_.05' - density: 100.0, thickness: 0.05, conductivity: 0.034
2025-08-01 12:34:56,872 - parsers.materials_parser - DEBUG - Applied low conductivity adjustment to layer '_1045 Cellular Glass 24_14.10_.05' - adjusted mass: 2.5
2025-08-01 12:34:56,872 - parsers.materials_parser - DEBUG - Processing layer '_1045 Gypsum Board_3.3_.0125' - density: 800.0, thickness: 0.0125, conductivity: 0.25
2025-08-01 12:34:56,872 - parsers.materials_parser - DEBUG - Normal mass calculation for layer '_1045 Gypsum Board_3.3_.0125': 10.0
2025-08-01 12:34:56,872 - parsers.materials_parser - DEBUG - Total mass per area for construction '_ExtWall 201_5cm MMD': 768.5
2025-08-01 12:34:56,872 - generators.area_report_generator - INFO - Generating base zone area report for: 04X16:16 (includes 2 zones)
2025-08-01 12:34:56,872 - generators.base_report_generator - DEBUG - Created document: output\reports-01-08-2025-12-33-32\zones\04X16_16.pdf, page_size: (841.8897637795277, 595.2755905511812), orientation: landscape
2025-08-01 12:34:56,873 - PIL.PngImagePlugin - DEBUG - STREAM b'IHDR' 16 13
2025-08-01 12:34:56,873 - PIL.PngImagePlugin - DEBUG - STREAM b'sRGB' 41 1
2025-08-01 12:34:56,873 - PIL.PngImagePlugin - DEBUG - STREAM b'IDAT' 54 8192
2025-08-01 12:34:56,939 - generators.base_report_generator - INFO - Successfully built document
2025-08-01 12:34:56,939 - parsers.materials_parser - DEBUG - Calculating mass per area for construction: _ExtWall 201_5cm MMD
2025-08-01 12:34:56,939 - parsers.materials_parser - DEBUG - Construction '_ExtWall 201_5cm MMD' has material layers: ['_1045_Cemented Plaster_2.2_.02', '_1045_RegularConcrete_1.1.1_.3', '_1045 Cellular Glass 24_14.10_.05', '_1045 Gypsum Board_3.3_.0125']
2025-08-01 12:34:56,940 - parsers.materials_parser - DEBUG - Processing layer '_1045_Cemented Plaster_2.2_.02' - density: 1800.0, thickness: 0.02, conductivity: 1.0
2025-08-01 12:34:56,940 - parsers.materials_parser - DEBUG - Normal mass calculation for layer '_1045_Cemented Plaster_2.2_.02': 36.0
2025-08-01 12:34:56,940 - parsers.materials_parser - DEBUG - Processing layer '_1045_RegularConcrete_1.1.1_.3' - density: 2400.0, thickness: 0.3, conductivity: 2.0
2025-08-01 12:34:56,940 - parsers.materials_parser - DEBUG - Normal mass calculation for layer '_1045_RegularConcrete_1.1.1_.3': 720.0
2025-08-01 12:34:56,940 - parsers.materials_parser - DEBUG - Processing layer '_1045 Cellular Glass 24_14.10_.05' - density: 100.0, thickness: 0.05, conductivity: 0.034
2025-08-01 12:34:56,940 - parsers.materials_parser - DEBUG - Applied low conductivity adjustment to layer '_1045 Cellular Glass 24_14.10_.05' - adjusted mass: 2.5
2025-08-01 12:34:56,940 - parsers.materials_parser - DEBUG - Processing layer '_1045 Gypsum Board_3.3_.0125' - density: 800.0, thickness: 0.0125, conductivity: 0.25
2025-08-01 12:34:56,940 - parsers.materials_parser - DEBUG - Normal mass calculation for layer '_1045 Gypsum Board_3.3_.0125': 10.0
2025-08-01 12:34:56,940 - parsers.materials_parser - DEBUG - Total mass per area for construction '_ExtWall 201_5cm MMD': 768.5
2025-08-01 12:34:56,940 - generators.area_report_generator - INFO - Generating base zone area report for: 04X17:17 (includes 2 zones)
2025-08-01 12:34:56,940 - generators.base_report_generator - DEBUG - Created document: output\reports-01-08-2025-12-33-32\zones\04X17_17.pdf, page_size: (841.8897637795277, 595.2755905511812), orientation: landscape
2025-08-01 12:34:56,940 - PIL.PngImagePlugin - DEBUG - STREAM b'IHDR' 16 13
2025-08-01 12:34:56,940 - PIL.PngImagePlugin - DEBUG - STREAM b'sRGB' 41 1
2025-08-01 12:34:56,940 - PIL.PngImagePlugin - DEBUG - STREAM b'IDAT' 54 8192
2025-08-01 12:34:57,014 - generators.base_report_generator - INFO - Successfully built document
2025-08-01 12:34:57,014 - parsers.materials_parser - DEBUG - Calculating mass per area for construction: _ExtWall 201_5cm MMD
2025-08-01 12:34:57,014 - parsers.materials_parser - DEBUG - Construction '_ExtWall 201_5cm MMD' has material layers: ['_1045_Cemented Plaster_2.2_.02', '_1045_RegularConcrete_1.1.1_.3', '_1045 Cellular Glass 24_14.10_.05', '_1045 Gypsum Board_3.3_.0125']
2025-08-01 12:34:57,014 - parsers.materials_parser - DEBUG - Processing layer '_1045_Cemented Plaster_2.2_.02' - density: 1800.0, thickness: 0.02, conductivity: 1.0
2025-08-01 12:34:57,014 - parsers.materials_parser - DEBUG - Normal mass calculation for layer '_1045_Cemented Plaster_2.2_.02': 36.0
2025-08-01 12:34:57,014 - parsers.materials_parser - DEBUG - Processing layer '_1045_RegularConcrete_1.1.1_.3' - density: 2400.0, thickness: 0.3, conductivity: 2.0
2025-08-01 12:34:57,014 - parsers.materials_parser - DEBUG - Normal mass calculation for layer '_1045_RegularConcrete_1.1.1_.3': 720.0
2025-08-01 12:34:57,014 - parsers.materials_parser - DEBUG - Processing layer '_1045 Cellular Glass 24_14.10_.05' - density: 100.0, thickness: 0.05, conductivity: 0.034
2025-08-01 12:34:57,014 - parsers.materials_parser - DEBUG - Applied low conductivity adjustment to layer '_1045 Cellular Glass 24_14.10_.05' - adjusted mass: 2.5
2025-08-01 12:34:57,014 - parsers.materials_parser - DEBUG - Processing layer '_1045 Gypsum Board_3.3_.0125' - density: 800.0, thickness: 0.0125, conductivity: 0.25
2025-08-01 12:34:57,014 - parsers.materials_parser - DEBUG - Normal mass calculation for layer '_1045 Gypsum Board_3.3_.0125': 10.0
2025-08-01 12:34:57,014 - parsers.materials_parser - DEBUG - Total mass per area for construction '_ExtWall 201_5cm MMD': 768.5
2025-08-01 12:34:57,014 - generators.area_report_generator - INFO - Generating base zone area report for: 04X18:18 (includes 2 zones)
2025-08-01 12:34:57,015 - generators.base_report_generator - DEBUG - Created document: output\reports-01-08-2025-12-33-32\zones\04X18_18.pdf, page_size: (841.8897637795277, 595.2755905511812), orientation: landscape
2025-08-01 12:34:57,015 - PIL.PngImagePlugin - DEBUG - STREAM b'IHDR' 16 13
2025-08-01 12:34:57,015 - PIL.PngImagePlugin - DEBUG - STREAM b'sRGB' 41 1
2025-08-01 12:34:57,015 - PIL.PngImagePlugin - DEBUG - STREAM b'IDAT' 54 8192
2025-08-01 12:34:57,081 - generators.base_report_generator - INFO - Successfully built document
2025-08-01 12:34:57,081 - parsers.materials_parser - DEBUG - Calculating mass per area for construction: _ExtWall 201_5cm MMD
2025-08-01 12:34:57,081 - parsers.materials_parser - DEBUG - Construction '_ExtWall 201_5cm MMD' has material layers: ['_1045_Cemented Plaster_2.2_.02', '_1045_RegularConcrete_1.1.1_.3', '_1045 Cellular Glass 24_14.10_.05', '_1045 Gypsum Board_3.3_.0125']
2025-08-01 12:34:57,081 - parsers.materials_parser - DEBUG - Processing layer '_1045_Cemented Plaster_2.2_.02' - density: 1800.0, thickness: 0.02, conductivity: 1.0
2025-08-01 12:34:57,081 - parsers.materials_parser - DEBUG - Normal mass calculation for layer '_1045_Cemented Plaster_2.2_.02': 36.0
2025-08-01 12:34:57,081 - parsers.materials_parser - DEBUG - Processing layer '_1045_RegularConcrete_1.1.1_.3' - density: 2400.0, thickness: 0.3, conductivity: 2.0
2025-08-01 12:34:57,081 - parsers.materials_parser - DEBUG - Normal mass calculation for layer '_1045_RegularConcrete_1.1.1_.3': 720.0
2025-08-01 12:34:57,081 - parsers.materials_parser - DEBUG - Processing layer '_1045 Cellular Glass 24_14.10_.05' - density: 100.0, thickness: 0.05, conductivity: 0.034
2025-08-01 12:34:57,081 - parsers.materials_parser - DEBUG - Applied low conductivity adjustment to layer '_1045 Cellular Glass 24_14.10_.05' - adjusted mass: 2.5
2025-08-01 12:34:57,081 - parsers.materials_parser - DEBUG - Processing layer '_1045 Gypsum Board_3.3_.0125' - density: 800.0, thickness: 0.0125, conductivity: 0.25
2025-08-01 12:34:57,081 - parsers.materials_parser - DEBUG - Normal mass calculation for layer '_1045 Gypsum Board_3.3_.0125': 10.0
2025-08-01 12:34:57,081 - parsers.materials_parser - DEBUG - Total mass per area for construction '_ExtWall 201_5cm MMD': 768.5
2025-08-01 12:34:57,081 - generators.area_report_generator - INFO - Generating base zone area report for: 04X19:19 (includes 2 zones)
2025-08-01 12:34:57,081 - generators.base_report_generator - DEBUG - Created document: output\reports-01-08-2025-12-33-32\zones\04X19_19.pdf, page_size: (841.8897637795277, 595.2755905511812), orientation: landscape
2025-08-01 12:34:57,082 - PIL.PngImagePlugin - DEBUG - STREAM b'IHDR' 16 13
2025-08-01 12:34:57,082 - PIL.PngImagePlugin - DEBUG - STREAM b'sRGB' 41 1
2025-08-01 12:34:57,082 - PIL.PngImagePlugin - DEBUG - STREAM b'IDAT' 54 8192
2025-08-01 12:34:57,148 - generators.base_report_generator - INFO - Successfully built document
2025-08-01 12:34:57,148 - parsers.materials_parser - DEBUG - Calculating mass per area for construction: _ExtWall 201_5cm MMD
2025-08-01 12:34:57,149 - parsers.materials_parser - DEBUG - Construction '_ExtWall 201_5cm MMD' has material layers: ['_1045_Cemented Plaster_2.2_.02', '_1045_RegularConcrete_1.1.1_.3', '_1045 Cellular Glass 24_14.10_.05', '_1045 Gypsum Board_3.3_.0125']
2025-08-01 12:34:57,149 - parsers.materials_parser - DEBUG - Processing layer '_1045_Cemented Plaster_2.2_.02' - density: 1800.0, thickness: 0.02, conductivity: 1.0
2025-08-01 12:34:57,149 - parsers.materials_parser - DEBUG - Normal mass calculation for layer '_1045_Cemented Plaster_2.2_.02': 36.0
2025-08-01 12:34:57,149 - parsers.materials_parser - DEBUG - Processing layer '_1045_RegularConcrete_1.1.1_.3' - density: 2400.0, thickness: 0.3, conductivity: 2.0
2025-08-01 12:34:57,149 - parsers.materials_parser - DEBUG - Normal mass calculation for layer '_1045_RegularConcrete_1.1.1_.3': 720.0
2025-08-01 12:34:57,149 - parsers.materials_parser - DEBUG - Processing layer '_1045 Cellular Glass 24_14.10_.05' - density: 100.0, thickness: 0.05, conductivity: 0.034
2025-08-01 12:34:57,149 - parsers.materials_parser - DEBUG - Applied low conductivity adjustment to layer '_1045 Cellular Glass 24_14.10_.05' - adjusted mass: 2.5
2025-08-01 12:34:57,149 - parsers.materials_parser - DEBUG - Processing layer '_1045 Gypsum Board_3.3_.0125' - density: 800.0, thickness: 0.0125, conductivity: 0.25
2025-08-01 12:34:57,149 - parsers.materials_parser - DEBUG - Normal mass calculation for layer '_1045 Gypsum Board_3.3_.0125': 10.0
2025-08-01 12:34:57,149 - parsers.materials_parser - DEBUG - Total mass per area for construction '_ExtWall 201_5cm MMD': 768.5
2025-08-01 12:34:57,149 - generators.area_report_generator - INFO - Generating base zone area report for: 05X20:20 (includes 2 zones)
2025-08-01 12:34:57,149 - generators.base_report_generator - DEBUG - Created document: output\reports-01-08-2025-12-33-32\zones\05X20_20.pdf, page_size: (841.8897637795277, 595.2755905511812), orientation: landscape
2025-08-01 12:34:57,149 - PIL.PngImagePlugin - DEBUG - STREAM b'IHDR' 16 13
2025-08-01 12:34:57,149 - PIL.PngImagePlugin - DEBUG - STREAM b'sRGB' 41 1
2025-08-01 12:34:57,150 - PIL.PngImagePlugin - DEBUG - STREAM b'IDAT' 54 8192
2025-08-01 12:34:57,217 - generators.base_report_generator - INFO - Successfully built document
2025-08-01 12:34:57,217 - parsers.materials_parser - DEBUG - Calculating mass per area for construction: _ExtWall 201_5cm MMD
2025-08-01 12:34:57,217 - parsers.materials_parser - DEBUG - Construction '_ExtWall 201_5cm MMD' has material layers: ['_1045_Cemented Plaster_2.2_.02', '_1045_RegularConcrete_1.1.1_.3', '_1045 Cellular Glass 24_14.10_.05', '_1045 Gypsum Board_3.3_.0125']
2025-08-01 12:34:57,217 - parsers.materials_parser - DEBUG - Processing layer '_1045_Cemented Plaster_2.2_.02' - density: 1800.0, thickness: 0.02, conductivity: 1.0
2025-08-01 12:34:57,217 - parsers.materials_parser - DEBUG - Normal mass calculation for layer '_1045_Cemented Plaster_2.2_.02': 36.0
2025-08-01 12:34:57,218 - parsers.materials_parser - DEBUG - Processing layer '_1045_RegularConcrete_1.1.1_.3' - density: 2400.0, thickness: 0.3, conductivity: 2.0
2025-08-01 12:34:57,218 - parsers.materials_parser - DEBUG - Normal mass calculation for layer '_1045_RegularConcrete_1.1.1_.3': 720.0
2025-08-01 12:34:57,218 - parsers.materials_parser - DEBUG - Processing layer '_1045 Cellular Glass 24_14.10_.05' - density: 100.0, thickness: 0.05, conductivity: 0.034
2025-08-01 12:34:57,218 - parsers.materials_parser - DEBUG - Applied low conductivity adjustment to layer '_1045 Cellular Glass 24_14.10_.05' - adjusted mass: 2.5
2025-08-01 12:34:57,218 - parsers.materials_parser - DEBUG - Processing layer '_1045 Gypsum Board_3.3_.0125' - density: 800.0, thickness: 0.0125, conductivity: 0.25
2025-08-01 12:34:57,218 - parsers.materials_parser - DEBUG - Normal mass calculation for layer '_1045 Gypsum Board_3.3_.0125': 10.0
2025-08-01 12:34:57,218 - parsers.materials_parser - DEBUG - Total mass per area for construction '_ExtWall 201_5cm MMD': 768.5
2025-08-01 12:34:57,218 - generators.area_report_generator - INFO - Generating base zone area report for: 05X21:21 (includes 2 zones)
2025-08-01 12:34:57,218 - generators.base_report_generator - DEBUG - Created document: output\reports-01-08-2025-12-33-32\zones\05X21_21.pdf, page_size: (841.8897637795277, 595.2755905511812), orientation: landscape
2025-08-01 12:34:57,218 - PIL.PngImagePlugin - DEBUG - STREAM b'IHDR' 16 13
2025-08-01 12:34:57,218 - PIL.PngImagePlugin - DEBUG - STREAM b'sRGB' 41 1
2025-08-01 12:34:57,218 - PIL.PngImagePlugin - DEBUG - STREAM b'IDAT' 54 8192
2025-08-01 12:34:57,288 - generators.base_report_generator - INFO - Successfully built document
2025-08-01 12:34:57,288 - parsers.materials_parser - DEBUG - Calculating mass per area for construction: _ExtWall 201_5cm MMD
2025-08-01 12:34:57,288 - parsers.materials_parser - DEBUG - Construction '_ExtWall 201_5cm MMD' has material layers: ['_1045_Cemented Plaster_2.2_.02', '_1045_RegularConcrete_1.1.1_.3', '_1045 Cellular Glass 24_14.10_.05', '_1045 Gypsum Board_3.3_.0125']
2025-08-01 12:34:57,288 - parsers.materials_parser - DEBUG - Processing layer '_1045_Cemented Plaster_2.2_.02' - density: 1800.0, thickness: 0.02, conductivity: 1.0
2025-08-01 12:34:57,288 - parsers.materials_parser - DEBUG - Normal mass calculation for layer '_1045_Cemented Plaster_2.2_.02': 36.0
2025-08-01 12:34:57,288 - parsers.materials_parser - DEBUG - Processing layer '_1045_RegularConcrete_1.1.1_.3' - density: 2400.0, thickness: 0.3, conductivity: 2.0
2025-08-01 12:34:57,288 - parsers.materials_parser - DEBUG - Normal mass calculation for layer '_1045_RegularConcrete_1.1.1_.3': 720.0
2025-08-01 12:34:57,288 - parsers.materials_parser - DEBUG - Processing layer '_1045 Cellular Glass 24_14.10_.05' - density: 100.0, thickness: 0.05, conductivity: 0.034
2025-08-01 12:34:57,288 - parsers.materials_parser - DEBUG - Applied low conductivity adjustment to layer '_1045 Cellular Glass 24_14.10_.05' - adjusted mass: 2.5
2025-08-01 12:34:57,288 - parsers.materials_parser - DEBUG - Processing layer '_1045 Gypsum Board_3.3_.0125' - density: 800.0, thickness: 0.0125, conductivity: 0.25
2025-08-01 12:34:57,288 - parsers.materials_parser - DEBUG - Normal mass calculation for layer '_1045 Gypsum Board_3.3_.0125': 10.0
2025-08-01 12:34:57,288 - parsers.materials_parser - DEBUG - Total mass per area for construction '_ExtWall 201_5cm MMD': 768.5
2025-08-01 12:34:57,288 - generators.area_report_generator - INFO - Generating base zone area report for: 05X22:22 (includes 2 zones)
2025-08-01 12:34:57,289 - generators.base_report_generator - DEBUG - Created document: output\reports-01-08-2025-12-33-32\zones\05X22_22.pdf, page_size: (841.8897637795277, 595.2755905511812), orientation: landscape
2025-08-01 12:34:57,289 - PIL.PngImagePlugin - DEBUG - STREAM b'IHDR' 16 13
2025-08-01 12:34:57,289 - PIL.PngImagePlugin - DEBUG - STREAM b'sRGB' 41 1
2025-08-01 12:34:57,289 - PIL.PngImagePlugin - DEBUG - STREAM b'IDAT' 54 8192
2025-08-01 12:34:57,357 - generators.base_report_generator - INFO - Successfully built document
2025-08-01 12:34:57,357 - parsers.materials_parser - DEBUG - Calculating mass per area for construction: _ExtWall 201_5cm MMD
2025-08-01 12:34:57,357 - parsers.materials_parser - DEBUG - Construction '_ExtWall 201_5cm MMD' has material layers: ['_1045_Cemented Plaster_2.2_.02', '_1045_RegularConcrete_1.1.1_.3', '_1045 Cellular Glass 24_14.10_.05', '_1045 Gypsum Board_3.3_.0125']
2025-08-01 12:34:57,357 - parsers.materials_parser - DEBUG - Processing layer '_1045_Cemented Plaster_2.2_.02' - density: 1800.0, thickness: 0.02, conductivity: 1.0
2025-08-01 12:34:57,357 - parsers.materials_parser - DEBUG - Normal mass calculation for layer '_1045_Cemented Plaster_2.2_.02': 36.0
2025-08-01 12:34:57,357 - parsers.materials_parser - DEBUG - Processing layer '_1045_RegularConcrete_1.1.1_.3' - density: 2400.0, thickness: 0.3, conductivity: 2.0
2025-08-01 12:34:57,357 - parsers.materials_parser - DEBUG - Normal mass calculation for layer '_1045_RegularConcrete_1.1.1_.3': 720.0
2025-08-01 12:34:57,357 - parsers.materials_parser - DEBUG - Processing layer '_1045 Cellular Glass 24_14.10_.05' - density: 100.0, thickness: 0.05, conductivity: 0.034
2025-08-01 12:34:57,357 - parsers.materials_parser - DEBUG - Applied low conductivity adjustment to layer '_1045 Cellular Glass 24_14.10_.05' - adjusted mass: 2.5
2025-08-01 12:34:57,357 - parsers.materials_parser - DEBUG - Processing layer '_1045 Gypsum Board_3.3_.0125' - density: 800.0, thickness: 0.0125, conductivity: 0.25
2025-08-01 12:34:57,357 - parsers.materials_parser - DEBUG - Normal mass calculation for layer '_1045 Gypsum Board_3.3_.0125': 10.0
2025-08-01 12:34:57,357 - parsers.materials_parser - DEBUG - Total mass per area for construction '_ExtWall 201_5cm MMD': 768.5
2025-08-01 12:34:57,358 - generators.area_report_generator - INFO - Generating base zone area report for: 05X23:23 (includes 2 zones)
2025-08-01 12:34:57,358 - generators.base_report_generator - DEBUG - Created document: output\reports-01-08-2025-12-33-32\zones\05X23_23.pdf, page_size: (841.8897637795277, 595.2755905511812), orientation: landscape
2025-08-01 12:34:57,358 - PIL.PngImagePlugin - DEBUG - STREAM b'IHDR' 16 13
2025-08-01 12:34:57,358 - PIL.PngImagePlugin - DEBUG - STREAM b'sRGB' 41 1
2025-08-01 12:34:57,358 - PIL.PngImagePlugin - DEBUG - STREAM b'IDAT' 54 8192
2025-08-01 12:34:57,425 - generators.base_report_generator - INFO - Successfully built document
2025-08-01 12:34:57,425 - parsers.materials_parser - DEBUG - Calculating mass per area for construction: _ExtWall 201_5cm MMD
2025-08-01 12:34:57,425 - parsers.materials_parser - DEBUG - Construction '_ExtWall 201_5cm MMD' has material layers: ['_1045_Cemented Plaster_2.2_.02', '_1045_RegularConcrete_1.1.1_.3', '_1045 Cellular Glass 24_14.10_.05', '_1045 Gypsum Board_3.3_.0125']
2025-08-01 12:34:57,425 - parsers.materials_parser - DEBUG - Processing layer '_1045_Cemented Plaster_2.2_.02' - density: 1800.0, thickness: 0.02, conductivity: 1.0
2025-08-01 12:34:57,425 - parsers.materials_parser - DEBUG - Normal mass calculation for layer '_1045_Cemented Plaster_2.2_.02': 36.0
2025-08-01 12:34:57,425 - parsers.materials_parser - DEBUG - Processing layer '_1045_RegularConcrete_1.1.1_.3' - density: 2400.0, thickness: 0.3, conductivity: 2.0
2025-08-01 12:34:57,425 - parsers.materials_parser - DEBUG - Normal mass calculation for layer '_1045_RegularConcrete_1.1.1_.3': 720.0
2025-08-01 12:34:57,425 - parsers.materials_parser - DEBUG - Processing layer '_1045 Cellular Glass 24_14.10_.05' - density: 100.0, thickness: 0.05, conductivity: 0.034
2025-08-01 12:34:57,425 - parsers.materials_parser - DEBUG - Applied low conductivity adjustment to layer '_1045 Cellular Glass 24_14.10_.05' - adjusted mass: 2.5
2025-08-01 12:34:57,425 - parsers.materials_parser - DEBUG - Processing layer '_1045 Gypsum Board_3.3_.0125' - density: 800.0, thickness: 0.0125, conductivity: 0.25
2025-08-01 12:34:57,425 - parsers.materials_parser - DEBUG - Normal mass calculation for layer '_1045 Gypsum Board_3.3_.0125': 10.0
2025-08-01 12:34:57,425 - parsers.materials_parser - DEBUG - Total mass per area for construction '_ExtWall 201_5cm MMD': 768.5
2025-08-01 12:34:57,425 - generators.area_report_generator - INFO - Generating base zone area report for: 06X24:24 (includes 2 zones)
2025-08-01 12:34:57,425 - generators.base_report_generator - DEBUG - Created document: output\reports-01-08-2025-12-33-32\zones\06X24_24.pdf, page_size: (841.8897637795277, 595.2755905511812), orientation: landscape
2025-08-01 12:34:57,426 - PIL.PngImagePlugin - DEBUG - STREAM b'IHDR' 16 13
2025-08-01 12:34:57,426 - PIL.PngImagePlugin - DEBUG - STREAM b'sRGB' 41 1
2025-08-01 12:34:57,426 - PIL.PngImagePlugin - DEBUG - STREAM b'IDAT' 54 8192
2025-08-01 12:34:57,494 - generators.base_report_generator - INFO - Successfully built document
2025-08-01 12:34:57,494 - parsers.materials_parser - DEBUG - Calculating mass per area for construction: _ExtWall 201_5cm MMD
2025-08-01 12:34:57,494 - parsers.materials_parser - DEBUG - Construction '_ExtWall 201_5cm MMD' has material layers: ['_1045_Cemented Plaster_2.2_.02', '_1045_RegularConcrete_1.1.1_.3', '_1045 Cellular Glass 24_14.10_.05', '_1045 Gypsum Board_3.3_.0125']
2025-08-01 12:34:57,494 - parsers.materials_parser - DEBUG - Processing layer '_1045_Cemented Plaster_2.2_.02' - density: 1800.0, thickness: 0.02, conductivity: 1.0
2025-08-01 12:34:57,494 - parsers.materials_parser - DEBUG - Normal mass calculation for layer '_1045_Cemented Plaster_2.2_.02': 36.0
2025-08-01 12:34:57,494 - parsers.materials_parser - DEBUG - Processing layer '_1045_RegularConcrete_1.1.1_.3' - density: 2400.0, thickness: 0.3, conductivity: 2.0
2025-08-01 12:34:57,494 - parsers.materials_parser - DEBUG - Normal mass calculation for layer '_1045_RegularConcrete_1.1.1_.3': 720.0
2025-08-01 12:34:57,494 - parsers.materials_parser - DEBUG - Processing layer '_1045 Cellular Glass 24_14.10_.05' - density: 100.0, thickness: 0.05, conductivity: 0.034
2025-08-01 12:34:57,494 - parsers.materials_parser - DEBUG - Applied low conductivity adjustment to layer '_1045 Cellular Glass 24_14.10_.05' - adjusted mass: 2.5
2025-08-01 12:34:57,494 - parsers.materials_parser - DEBUG - Processing layer '_1045 Gypsum Board_3.3_.0125' - density: 800.0, thickness: 0.0125, conductivity: 0.25
2025-08-01 12:34:57,494 - parsers.materials_parser - DEBUG - Normal mass calculation for layer '_1045 Gypsum Board_3.3_.0125': 10.0
2025-08-01 12:34:57,494 - parsers.materials_parser - DEBUG - Total mass per area for construction '_ExtWall 201_5cm MMD': 768.5
2025-08-01 12:34:57,494 - generators.area_report_generator - INFO - Generating base zone area report for: 06X26:26 (includes 2 zones)
2025-08-01 12:34:57,494 - generators.base_report_generator - DEBUG - Created document: output\reports-01-08-2025-12-33-32\zones\06X26_26.pdf, page_size: (841.8897637795277, 595.2755905511812), orientation: landscape
2025-08-01 12:34:57,494 - PIL.PngImagePlugin - DEBUG - STREAM b'IHDR' 16 13
2025-08-01 12:34:57,495 - PIL.PngImagePlugin - DEBUG - STREAM b'sRGB' 41 1
2025-08-01 12:34:57,495 - PIL.PngImagePlugin - DEBUG - STREAM b'IDAT' 54 8192
2025-08-01 12:34:57,561 - generators.base_report_generator - INFO - Successfully built document
2025-08-01 12:34:57,562 - parsers.materials_parser - DEBUG - Calculating mass per area for construction: _ExtWall 201_5cm MMD
2025-08-01 12:34:57,562 - parsers.materials_parser - DEBUG - Construction '_ExtWall 201_5cm MMD' has material layers: ['_1045_Cemented Plaster_2.2_.02', '_1045_RegularConcrete_1.1.1_.3', '_1045 Cellular Glass 24_14.10_.05', '_1045 Gypsum Board_3.3_.0125']
2025-08-01 12:34:57,562 - parsers.materials_parser - DEBUG - Processing layer '_1045_Cemented Plaster_2.2_.02' - density: 1800.0, thickness: 0.02, conductivity: 1.0
2025-08-01 12:34:57,562 - parsers.materials_parser - DEBUG - Normal mass calculation for layer '_1045_Cemented Plaster_2.2_.02': 36.0
2025-08-01 12:34:57,562 - parsers.materials_parser - DEBUG - Processing layer '_1045_RegularConcrete_1.1.1_.3' - density: 2400.0, thickness: 0.3, conductivity: 2.0
2025-08-01 12:34:57,562 - parsers.materials_parser - DEBUG - Normal mass calculation for layer '_1045_RegularConcrete_1.1.1_.3': 720.0
2025-08-01 12:34:57,562 - parsers.materials_parser - DEBUG - Processing layer '_1045 Cellular Glass 24_14.10_.05' - density: 100.0, thickness: 0.05, conductivity: 0.034
2025-08-01 12:34:57,562 - parsers.materials_parser - DEBUG - Applied low conductivity adjustment to layer '_1045 Cellular Glass 24_14.10_.05' - adjusted mass: 2.5
2025-08-01 12:34:57,562 - parsers.materials_parser - DEBUG - Processing layer '_1045 Gypsum Board_3.3_.0125' - density: 800.0, thickness: 0.0125, conductivity: 0.25
2025-08-01 12:34:57,562 - parsers.materials_parser - DEBUG - Normal mass calculation for layer '_1045 Gypsum Board_3.3_.0125': 10.0
2025-08-01 12:34:57,562 - parsers.materials_parser - DEBUG - Total mass per area for construction '_ExtWall 201_5cm MMD': 768.5
2025-08-01 12:34:57,562 - generators.area_report_generator - INFO - Generating base zone area report for: 06X25:25 (includes 2 zones)
2025-08-01 12:34:57,562 - generators.base_report_generator - DEBUG - Created document: output\reports-01-08-2025-12-33-32\zones\06X25_25.pdf, page_size: (841.8897637795277, 595.2755905511812), orientation: landscape
2025-08-01 12:34:57,562 - PIL.PngImagePlugin - DEBUG - STREAM b'IHDR' 16 13
2025-08-01 12:34:57,562 - PIL.PngImagePlugin - DEBUG - STREAM b'sRGB' 41 1
2025-08-01 12:34:57,562 - PIL.PngImagePlugin - DEBUG - STREAM b'IDAT' 54 8192
2025-08-01 12:34:57,633 - generators.base_report_generator - INFO - Successfully built document
2025-08-01 12:34:57,633 - parsers.materials_parser - DEBUG - Calculating mass per area for construction: _ExtWall 201_5cm MMD
2025-08-01 12:34:57,633 - parsers.materials_parser - DEBUG - Construction '_ExtWall 201_5cm MMD' has material layers: ['_1045_Cemented Plaster_2.2_.02', '_1045_RegularConcrete_1.1.1_.3', '_1045 Cellular Glass 24_14.10_.05', '_1045 Gypsum Board_3.3_.0125']
2025-08-01 12:34:57,633 - parsers.materials_parser - DEBUG - Processing layer '_1045_Cemented Plaster_2.2_.02' - density: 1800.0, thickness: 0.02, conductivity: 1.0
2025-08-01 12:34:57,633 - parsers.materials_parser - DEBUG - Normal mass calculation for layer '_1045_Cemented Plaster_2.2_.02': 36.0
2025-08-01 12:34:57,633 - parsers.materials_parser - DEBUG - Processing layer '_1045_RegularConcrete_1.1.1_.3' - density: 2400.0, thickness: 0.3, conductivity: 2.0
2025-08-01 12:34:57,633 - parsers.materials_parser - DEBUG - Normal mass calculation for layer '_1045_RegularConcrete_1.1.1_.3': 720.0
2025-08-01 12:34:57,633 - parsers.materials_parser - DEBUG - Processing layer '_1045 Cellular Glass 24_14.10_.05' - density: 100.0, thickness: 0.05, conductivity: 0.034
2025-08-01 12:34:57,633 - parsers.materials_parser - DEBUG - Applied low conductivity adjustment to layer '_1045 Cellular Glass 24_14.10_.05' - adjusted mass: 2.5
2025-08-01 12:34:57,633 - parsers.materials_parser - DEBUG - Processing layer '_1045 Gypsum Board_3.3_.0125' - density: 800.0, thickness: 0.0125, conductivity: 0.25
2025-08-01 12:34:57,633 - parsers.materials_parser - DEBUG - Normal mass calculation for layer '_1045 Gypsum Board_3.3_.0125': 10.0
2025-08-01 12:34:57,633 - parsers.materials_parser - DEBUG - Total mass per area for construction '_ExtWall 201_5cm MMD': 768.5
2025-08-01 12:34:57,633 - generators.area_report_generator - INFO - Generating base zone area report for: 07X27:27 (includes 2 zones)
2025-08-01 12:34:57,633 - generators.base_report_generator - DEBUG - Created document: output\reports-01-08-2025-12-33-32\zones\07X27_27.pdf, page_size: (841.8897637795277, 595.2755905511812), orientation: landscape
2025-08-01 12:34:57,634 - PIL.PngImagePlugin - DEBUG - STREAM b'IHDR' 16 13
2025-08-01 12:34:57,634 - PIL.PngImagePlugin - DEBUG - STREAM b'sRGB' 41 1
2025-08-01 12:34:57,634 - PIL.PngImagePlugin - DEBUG - STREAM b'IDAT' 54 8192
2025-08-01 12:34:57,704 - generators.base_report_generator - INFO - Successfully built document
2025-08-01 12:34:57,704 - parsers.materials_parser - DEBUG - Calculating mass per area for construction: _ExtWall 201_5cm MMD
2025-08-01 12:34:57,704 - parsers.materials_parser - DEBUG - Construction '_ExtWall 201_5cm MMD' has material layers: ['_1045_Cemented Plaster_2.2_.02', '_1045_RegularConcrete_1.1.1_.3', '_1045 Cellular Glass 24_14.10_.05', '_1045 Gypsum Board_3.3_.0125']
2025-08-01 12:34:57,704 - parsers.materials_parser - DEBUG - Processing layer '_1045_Cemented Plaster_2.2_.02' - density: 1800.0, thickness: 0.02, conductivity: 1.0
2025-08-01 12:34:57,704 - parsers.materials_parser - DEBUG - Normal mass calculation for layer '_1045_Cemented Plaster_2.2_.02': 36.0
2025-08-01 12:34:57,704 - parsers.materials_parser - DEBUG - Processing layer '_1045_RegularConcrete_1.1.1_.3' - density: 2400.0, thickness: 0.3, conductivity: 2.0
2025-08-01 12:34:57,704 - parsers.materials_parser - DEBUG - Normal mass calculation for layer '_1045_RegularConcrete_1.1.1_.3': 720.0
2025-08-01 12:34:57,704 - parsers.materials_parser - DEBUG - Processing layer '_1045 Cellular Glass 24_14.10_.05' - density: 100.0, thickness: 0.05, conductivity: 0.034
2025-08-01 12:34:57,704 - parsers.materials_parser - DEBUG - Applied low conductivity adjustment to layer '_1045 Cellular Glass 24_14.10_.05' - adjusted mass: 2.5
2025-08-01 12:34:57,704 - parsers.materials_parser - DEBUG - Processing layer '_1045 Gypsum Board_3.3_.0125' - density: 800.0, thickness: 0.0125, conductivity: 0.25
2025-08-01 12:34:57,704 - parsers.materials_parser - DEBUG - Normal mass calculation for layer '_1045 Gypsum Board_3.3_.0125': 10.0
2025-08-01 12:34:57,704 - parsers.materials_parser - DEBUG - Total mass per area for construction '_ExtWall 201_5cm MMD': 768.5
2025-08-01 12:34:57,704 - generators.area_report_generator - INFO - Generating base zone area report for: 07X28:28 (includes 2 zones)
2025-08-01 12:34:57,704 - generators.base_report_generator - DEBUG - Created document: output\reports-01-08-2025-12-33-32\zones\07X28_28.pdf, page_size: (841.8897637795277, 595.2755905511812), orientation: landscape
2025-08-01 12:34:57,705 - PIL.PngImagePlugin - DEBUG - STREAM b'IHDR' 16 13
2025-08-01 12:34:57,705 - PIL.PngImagePlugin - DEBUG - STREAM b'sRGB' 41 1
2025-08-01 12:34:57,705 - PIL.PngImagePlugin - DEBUG - STREAM b'IDAT' 54 8192
2025-08-01 12:34:57,773 - generators.base_report_generator - INFO - Successfully built document
2025-08-01 12:34:57,774 - generators.base_report_generator - DEBUG - Created document: output\reports-01-08-2025-12-33-32\glazing.pdf, page_size: (1190.5529999999999, 841.89105), orientation: landscape
2025-08-01 12:34:57,775 - PIL.PngImagePlugin - DEBUG - STREAM b'IHDR' 16 13
2025-08-01 12:34:57,775 - PIL.PngImagePlugin - DEBUG - STREAM b'sRGB' 41 1
2025-08-01 12:34:57,775 - PIL.PngImagePlugin - DEBUG - STREAM b'IDAT' 54 8192
2025-08-01 12:34:57,864 - generators.base_report_generator - INFO - Successfully built document
2025-08-01 12:34:57,866 - PIL.PngImagePlugin - DEBUG - STREAM b'IHDR' 16 13
2025-08-01 12:34:57,866 - PIL.PngImagePlugin - DEBUG - STREAM b'sRGB' 41 1
2025-08-01 12:34:57,866 - PIL.PngImagePlugin - DEBUG - STREAM b'IDAT' 54 8192
2025-08-01 12:34:57,921 - PIL.PngImagePlugin - DEBUG - STREAM b'IHDR' 16 13
2025-08-01 12:34:57,922 - PIL.PngImagePlugin - DEBUG - STREAM b'sRGB' 41 1
2025-08-01 12:34:57,922 - PIL.PngImagePlugin - DEBUG - STREAM b'IDAT' 54 8192
2025-08-01 12:34:58,099 - generators.natural_ventilation_report_generator - INFO - Natural ventilation report generated successfully: output\reports-01-08-2025-12-33-32\natural-ventilation.pdf
2025-08-01 12:34:58,100 - generators.automatic_error_detection_report_generator - INFO - Starting automatic validation report generation: output\reports-01-08-2025-12-33-32\automatic-validation.pdf
2025-08-01 12:34:58,100 - PIL.PngImagePlugin - DEBUG - STREAM b'IHDR' 16 13
2025-08-01 12:34:58,100 - PIL.PngImagePlugin - DEBUG - STREAM b'sRGB' 41 1
2025-08-01 12:34:58,100 - PIL.PngImagePlugin - DEBUG - STREAM b'IDAT' 54 8192
2025-08-01 12:34:58,158 - generators.automatic_error_detection_report_generator - INFO - Automatic error detection report generated successfully: output\reports-01-08-2025-12-33-32\automatic-validation.pdf
2025-08-01 12:34:58,159 - processing_manager - WARNING - Energy Rating Report: Could not determine model_year ('None') or model_area_definition ('None') from ISO type '' and city area ''. Skipping report.
