2025-08-13 22:57:16,234 - gui - INFO - Window icon set using: C:\Users\daniel\Desktop\idf-reader\data\logo.ico
2025-08-13 22:57:16,234 - gui - INFO - Data directory found at: C:\Users\daniel\Desktop\idf-reader\data
2025-08-13 22:57:16,234 - gui - INFO - Available data files: ['1.epw', '2.epw', '2017_model.csv', '2023_model.csv', '3.epw', '4.epw', '5.epw', '6.epw', '7.epw', '8.epw', 'a.epw', 'b.epw', 'c.epw', 'countries-selection.csv', 'd.epw', 'logo.ico', 'logo.png', 'office_model.csv']
2025-08-13 22:57:16,632 - gui - INFO - GUI: 🎉 Welcome! Configure fields to begin.
2025-08-13 22:57:16,666 - gui - INFO - GUI: Selected city: ראשון לציון - מרכז, Area: ב, Code: 5
2025-08-13 22:57:31,175 - gui - INFO - GUI: Simulation output will be in: C:/Users/daniel/Desktop\reports-13-08-2025-22-57-31\simulation
2025-08-13 22:57:31,176 - gui - INFO - GUI: ISO type RESIDNTIAL 2017: Using EPW by area letter: b.epw
2025-08-13 22:57:31,185 - gui - INFO - GUI: Using weather file: C:\Users\daniel\Desktop\idf-reader\data\b.epw
2025-08-13 22:57:31,185 - gui - INFO - GUI: Starting EnergyPlus simulation...
2025-08-13 22:57:31,205 - gui - INFO - GUI: Ensuring required IDF output variables...
2025-08-13 22:57:31,921 - utils.eppy_handler - INFO - Successfully loaded IDF file: C:/Users/daniel/Desktop/idf-reader/tests/lights.idf
2025-08-13 22:57:31,939 - gui - INFO - GUI: IDF output variables ensured/updated.
2025-08-13 22:57:31,940 - gui - INFO - GUI: Running E+ command with normalized paths: C:/EnergyPlusV9-4-0\energyplus.exe -w C:\Users\daniel\Desktop\idf-reader\data\b.epw -r -d C:\Users\daniel\Desktop\reports-13-08-2025-22-57-31\simulation C:\Users\daniel\Desktop\idf-reader\tests\lights.idf
2025-08-13 22:57:33,587 - gui - INFO - E+ STDOUT:
EnergyPlus Starting
EnergyPlus, Version 9.4.0-998c4b761e, YMD=2025.08.13 22:57
Adjusting Air System Sizing
Adjusting Standard 62.1 Ventilation Sizing
Initializing Simulation
Reporting Surfaces
Beginning Primary Simulation
Initializing New Environment Parameters
Warming up {1}
Calculating Detailed Daylighting Factors, Start Date=01/01
Warming up {2}
Warming up {3}
Warming up {4}
Warming up {5}
Warming up {6}
Starting Simulation at 01/01/2002 for 1 (01-01:31-12)
Updating Shadowing Calculations, Start Date=01/21/2002
Updating Detailed Daylighting Factors, Start Date=01/21
Continuing Simulation at 01/21/2002 for 1 (01-01:31-12)
Updating Shadowing Calculations, Start Date=02/10/2002
Updating Detailed Daylighting Factors, Start Date=02/10
Continuing Simulation at 02/10/2002 for 1 (01-01:31-12)
Updating Shadowing Calculations, Start Date=03/02/2002
Updating Detailed Daylighting Factors, Start Date=03/02
Continuing Simulation at 03/02/2002 for 1 (01-01:31-12)
Updating Shadowing Calculations, Start Date=03/22/2002
Updating Detailed Daylighting Factors, Start Date=03/22
Continuing Simulation at 03/22/2002 for 1 (01-01:31-12)
Updating Shadowing Calculations, Start Date=04/11/2002
Updating Detailed Daylighting Factors, Start Date=04/11
Continuing Simulation at 04/11/2002 for 1 (01-01:31-12)
Updating Shadowing Calculations, Start Date=05/01/2002
Updating Detailed Daylighting Factors, Start Date=05/01
Continuing Simulation at 05/01/2002 for 1 (01-01:31-12)
Updating Shadowing Calculations, Start Date=05/21/2002
Updating Detailed Daylighting Factors, Start Date=05/21
Continuing Simulation at 05/21/2002 for 1 (01-01:31-12)
Updating Shadowing Calculations, Start Date=06/10/2002
Updating Detailed Daylighting Factors, Start Date=06/10
Continuing Simulation at 06/10/2002 for 1 (01-01:31-12)
Updating Shadowing Calculations, Start Date=06/30/2002
Updating Detailed Daylighting Factors, Start Date=06/30
Continuing Simulation at 06/30/2002 for 1 (01-01:31-12)
Updating Shadowing Calculations, Start Date=07/20/2002
Updating Detailed Daylighting Factors, Start Date=07/20
Continuing Simulation at 07/20/2002 for 1 (01-01:31-12)
Updating Shadowing Calculations, Start Date=08/09/2002
Updating Detailed Daylighting Factors, Start Date=08/09
Continuing Simulation at 08/09/2002 for 1 (01-01:31-12)
Updating Shadowing Calculations, Start Date=08/29/2002
Updating Detailed Daylighting Factors, Start Date=08/29
Continuing Simulation at 08/29/2002 for 1 (01-01:31-12)
Updating Shadowing Calculations, Start Date=09/18/2002
Updating Detailed Daylighting Factors, Start Date=09/18
Continuing Simulation at 09/18/2002 for 1 (01-01:31-12)
Updating Shadowing Calculations, Start Date=10/08/2002
Updating Detailed Daylighting Factors, Start Date=10/08
Continuing Simulation at 10/08/2002 for 1 (01-01:31-12)
Updating Shadowing Calculations, Start Date=10/28/2002
Updating Detailed Daylighting Factors, Start Date=10/28
Continuing Simulation at 10/28/2002 for 1 (01-01:31-12)
Updating Shadowing Calculations, Start Date=11/17/2002
Updating Detailed Daylighting Factors, Start Date=11/17
Continuing Simulation at 11/17/2002 for 1 (01-01:31-12)
Updating Shadowing Calculations, Start Date=12/07/2002
Updating Detailed Daylighting Factors, Start Date=12/07
Continuing Simulation at 12/07/2002 for 1 (01-01:31-12)
Updating Shadowing Calculations, Start Date=12/27/2002
Updating Detailed Daylighting Factors, Start Date=12/27
Continuing Simulation at 12/27/2002 for 1 (01-01:31-12)
Writing tabular output file results using comma format.
Writing tabular output file results using HTML format.
 ReadVarsESO program starting.
 ReadVars Run Time=00hr 00min  0.03sec
 ReadVarsESO program completed successfully.
 ReadVarsESO program starting.
 ReadVars Run Time=00hr 00min  0.02sec
 ReadVarsESO program completed successfully.
EnergyPlus Run Time=00hr 00min  1.59sec

2025-08-13 22:57:33,587 - gui - WARNING - E+ STDERR:
EnergyPlus Completed Successfully.

2025-08-13 22:57:33,596 - gui - INFO - GUI: EnergyPlus simulation successful. Output: C:/Users/daniel/Desktop\reports-13-08-2025-22-57-31\simulation\eplustbl.csv
2025-08-13 22:57:33,618 - gui - INFO - GUI: Starting IDF processing and report generation...
2025-08-13 22:57:33,633 - gui - INFO - GUI: Initializing...
2025-08-13 22:57:33,636 - gui - INFO - GUI: Successfully created directory: C:/Users/daniel/Desktop\reports-13-08-2025-22-57-31\zones
2025-08-13 22:57:33,643 - gui - INFO - GUI: Loading IDF file...
2025-08-13 22:57:33,800 - utils.eppy_handler - INFO - Successfully loaded IDF file: C:/Users/daniel/Desktop/idf-reader/tests/lights.idf
2025-08-13 22:57:33,805 - utils.data_loader - INFO - Successfully loaded IDF file: C:/Users/daniel/Desktop/idf-reader/tests/lights.idf
2025-08-13 22:57:33,969 - utils.eppy_handler - INFO - Successfully loaded IDF file: C:/Users/daniel/Desktop/idf-reader/tests/lights.idf
2025-08-13 22:57:33,983 - gui - INFO - GUI: Using city area 'ב' for thermal loss calculations.
2025-08-13 22:57:33,985 - gui - INFO - GUI: Initializing parsers...
2025-08-13 22:57:33,986 - processing_manager - INFO - Climate zone mapping: area_name='ב' -> climate_zone='B'
2025-08-13 22:57:33,993 - gui - INFO - GUI: Processing settings...
2025-08-13 22:57:33,996 - gui - INFO - GUI: Processing schedules...
2025-08-13 22:57:33,999 - gui - INFO - GUI: Processing other data (loads, materials, area)...
2025-08-13 22:57:34,002 - gui - INFO - GUI: Processing energy rating data...
2025-08-13 22:57:34,003 - parsers.energy_rating_parser - WARNING - ⚠️ No matching zone found for area_id='NE', zone_name='OUT'. Using fallback key 'ENERGY_00_NE_OUT'
2025-08-13 22:57:34,003 - parsers.energy_rating_parser - WARNING - EnergyRatingParser: No matching zone found for 'ENERGY_00_NE_OUT'. Using defaults for multiplier/floor_area.
2025-08-13 22:57:34,003 - parsers.energy_rating_parser - WARNING - ⚠️ No matching zone found for area_id='NE', zone_name='OUT'. Using fallback key 'ENERGY_00_NE_OUT'
2025-08-13 22:57:34,003 - parsers.energy_rating_parser - WARNING - ⚠️ No matching zone found for area_id='NE', zone_name='OUT'. Using fallback key 'ENERGY_00_NE_OUT'
2025-08-13 22:57:34,003 - parsers.energy_rating_parser - WARNING - Zone keys found in eplusout.csv but missing from IDF: 1 zones
2025-08-13 22:57:34,003 - parsers.energy_rating_parser - WARNING - Total area for grouping related to 'ENERGY_00_NE_OUT' is 0.0. Per-area values will be set to absolute energy values (or 0 if energy is 0).
2025-08-13 22:57:34,005 - gui - INFO - GUI: Processing automatic validation data...
2025-08-13 22:57:34,005 - processing_manager - INFO - Automatic validation: Raw ISO type 'RESIDNTIAL 2017' -> Mapped to '2017'
2025-08-13 22:57:34,006 - parsers.automatic_error_detection_parser - INFO - Settings validation completed. Found 2 issues
2025-08-13 22:57:34,011 - gui - INFO - GUI: ✅ Automatic validation data processed successfully
2025-08-13 22:57:34,020 - gui - INFO - GUI: Extracting processed data...
2025-08-13 22:57:34,029 - gui - INFO - GUI: Generating reports...
2025-08-13 22:57:34,030 - gui - INFO - GUI: Generating Settings report...
2025-08-13 22:57:34,048 - utils.hebrew_text_utils - INFO - Successfully registered Hebrew font: C:/Windows/Fonts/arial.ttf
2025-08-13 22:57:34,132 - gui - INFO - GUI: Settings report generated successfully at C:/Users/daniel/Desktop\reports-13-08-2025-22-57-31\settings.pdf
2025-08-13 22:57:34,141 - gui - INFO - GUI: Generating Schedules report...
2025-08-13 22:57:34,211 - gui - INFO - GUI: Schedules report generated successfully at C:/Users/daniel/Desktop\reports-13-08-2025-22-57-31\schedules.pdf
2025-08-13 22:57:34,220 - gui - INFO - GUI: Generating Loads report...
2025-08-13 22:57:34,286 - gui - INFO - GUI: Loads report generated successfully at C:/Users/daniel/Desktop\reports-13-08-2025-22-57-31\loads.pdf
2025-08-13 22:57:34,294 - gui - INFO - GUI: Generating Materials report...
2025-08-13 22:57:34,416 - generators.base_report_generator - INFO - Successfully built document
2025-08-13 22:57:34,417 - gui - INFO - GUI: Materials report generated successfully at C:/Users/daniel/Desktop\reports-13-08-2025-22-57-31\materials.pdf
2025-08-13 22:57:34,426 - gui - INFO - GUI: Generating Area (Zones) reports with base zone grouping...
2025-08-13 22:57:34,426 - generators.area_report_generator - INFO - Found 1 base zone groups
2025-08-13 22:57:34,426 - generators.area_report_generator - INFO - Generating base zone area report for: 00X00:NE (includes 1 zones)
2025-08-13 22:57:34,487 - generators.base_report_generator - INFO - Successfully built document
2025-08-13 22:57:34,488 - gui - INFO - GUI: Area (Zones) reports with base zone grouping generation attempted.
2025-08-13 22:57:34,497 - gui - INFO - GUI: Generating Glazing report...
2025-08-13 22:57:34,558 - generators.base_report_generator - INFO - Successfully built document
2025-08-13 22:57:34,560 - gui - INFO - GUI: Glazing report generated successfully at C:/Users/daniel/Desktop\reports-13-08-2025-22-57-31\glazing.pdf
2025-08-13 22:57:34,567 - gui - INFO - GUI: Generating Lighting report...
2025-08-13 22:57:34,625 - gui - INFO - GUI: Lighting report generated successfully at C:/Users/daniel/Desktop\reports-13-08-2025-22-57-31\lighting.pdf
2025-08-13 22:57:34,638 - gui - INFO - GUI: Generating Natural Ventilation report...
2025-08-13 22:57:34,703 - generators.natural_ventilation_report_generator - INFO - Natural ventilation report generated successfully (no data): C:/Users/daniel/Desktop\reports-13-08-2025-22-57-31\natural-ventilation.pdf
2025-08-13 22:57:34,704 - gui - INFO - GUI: Natural Ventilation report generated successfully at C:/Users/daniel/Desktop\reports-13-08-2025-22-57-31\natural-ventilation.pdf
2025-08-13 22:57:34,713 - gui - INFO - GUI: Generating Automatic Validation report...
2025-08-13 22:57:34,713 - generators.automatic_error_detection_report_generator - INFO - Starting automatic validation report generation: C:/Users/daniel/Desktop\reports-13-08-2025-22-57-31\automatic-validation.pdf
2025-08-13 22:57:34,774 - generators.automatic_error_detection_report_generator - INFO - Automatic error detection report generated successfully: C:/Users/daniel/Desktop\reports-13-08-2025-22-57-31\automatic-validation.pdf
2025-08-13 22:57:34,775 - gui - INFO - GUI: Automatic Validation report generated successfully at C:/Users/daniel/Desktop\reports-13-08-2025-22-57-31\automatic-validation.pdf
2025-08-13 22:57:34,785 - gui - INFO - GUI: Generating Energy Rating report (PDF)...
2025-08-13 22:57:34,787 - gui - INFO - GUI: Energy Rating: Using Latin area letter 'B' for 2017 model
2025-08-13 22:57:34,789 - gui - INFO - GUI: Energy Rating Report: Using City='ראשון לציון - מרכז', Year=2017, AreaDef='B'
2025-08-13 22:57:34,790 - parsers.energy_rating_parser - WARNING - Correct total floor area for group ('00', 'NE') is 0.0 for zone 'ENERGY_00_NE_OUT'. Energy values in report will be absolute (not per m^2).
2025-08-13 22:57:34,861 - gui - INFO - GUI: Energy Rating report generated successfully at C:/Users/daniel/Desktop\reports-13-08-2025-22-57-31\energy-rating.pdf
2025-08-13 22:57:34,861 - parsers.energy_rating_parser - WARNING - Correct total floor area for group ('00', 'NE') is 0.0 for zone 'ENERGY_00_NE_OUT'. Energy values in report will be absolute (not per m^2).
2025-08-13 22:57:34,862 - generators.energy_rating_report_generator - WARNING - _calculate_total_energy_rating: total_raw_area_sum_denominator is 0 or less. Cannot calculate average.
2025-08-13 22:57:34,917 - generators.energy_rating_report_generator - INFO - Generated Hebrew total energy rating report: C:/Users/daniel/Desktop\reports-13-08-2025-22-57-31\total-energy-rating.pdf
2025-08-13 22:57:34,918 - gui - INFO - GUI: Total Energy Rating report generated successfully at C:/Users/daniel/Desktop\reports-13-08-2025-22-57-31\total-energy-rating.pdf
2025-08-13 22:57:34,927 - gui - INFO - GUI: Processing completed successfully!
2025-08-13 22:57:34,929 - gui - INFO - GUI: All reports generated successfully!
